Sceneryobjects\ADDON_SimpleStreets\RQ_20n_to_10,5.sco
1049109931
1049109931
-1
Sceneryobjects\ashleytayles\4lanes_junction.sco
1112694418
1112694418
-1
Sceneryobjects\Generic\bus_stop.sco
1379762541
1379762541
-1
Sceneryobjects\Generic\people_standing_small.sco
1379762530
1379762530
-1
Sceneryobjects\Generic\routearrows_busstop.sco
1379762541
1379762541
-1
Sceneryobjects\Willshire\Var4\busstopTTC.sco
1188783536
1188783536
-1
Splines\ADDON_SimpleStreets\RQ_20_4_spur_15m_narrow_Sidewalk.sli
1048779398
-
-
Splines\Marcel\invis_airway.sli
1379762552
-
-
