Sceneryobjects\ADDON_SimpleStreets\RQ_15,5_3spur_11,5m_2lane.sco
1112613324
1112613324
-1
Sceneryobjects\ADDON_SimpleStreets\RQ_15,5_3spur_11,5m_Bus1laneEndCobble.sco
1112613270
1112613270
-1
Sceneryobjects\ADDON_SimpleStreets\RQ_15,5_3spur_11,5m_Bus1laneStartCobble.sco
1112613257
1112613257
-1
Sceneryobjects\ADDON_SimpleStreets\RQ_9,5_to_X8.sco
1047933549
1047933549
-1
Sceneryobjects\ADDON_SimpleStreets\RQ_X8m_2spur_8,0m_Sidewalk_yunct_invers.sco
1049389107
1049389107
-1
Sceneryobjects\ADDON_SimpleStreets\RQ_X8m_to_15,5_End.sco
1047933673
1047933673
-1
Sceneryobjects\ADDON_SimpleStreets\RQ_X8m_to_15,5_Start.sco
1047933680
1047933680
-1
Sceneryobjects\Buildings_MC\bw_50s_07.sco
1379764572
1379764572
-1
Sceneryobjects\Buildings_MC\bw_60s_01.sco
1379764572
1379764572
-1
Sceneryobjects\Buildings_MC\bw_60s_02A.sco
1379764585
1379764585
-1
Sceneryobjects\Buildings_MC\bw_70s_04A.sco
1379764572
1379764572
-1
Sceneryobjects\Buildings_MC\bw_hoch_02.sco
1379764572
1379764572
-1
Sceneryobjects\Buildings_MC\bw_hoch_09.sco
1379764572
1379764572
-1
Sceneryobjects\Buildings_MC\bw_hoch_12.sco
1379764572
1379764572
-1
Sceneryobjects\Buildings_MC\bw_hoch_14.sco
1379764572
1379764572
-1
Sceneryobjects\Buildings_MC\bw_med_01.sco
1379764572
1379764572
-1
Sceneryobjects\Buildings_MC\bw_med_02.sco
1379764572
1379764572
-1
Sceneryobjects\Buildings_MC\bw_med_03.sco
1379764572
1379764572
-1
Sceneryobjects\Buildings_MC\bw_row50s_08.sco
1379764572
1379764572
-1
Sceneryobjects\Buildings_MC\bw_row50s_10.sco
1379764585
1379764585
-1
Sceneryobjects\Buildings_MC\bw_row80s_06.sco
1379764579
1379764579
-1
Sceneryobjects\Buildings_MC\Post01.sco
1379764573
1379764573
-1
Sceneryobjects\Buildings_MC\wohn_02.sco
1379764578
1379764578
-1
Sceneryobjects\DBC_Objects\DBC_shrubbery_04_20.sco
1379764665
1379764665
-1
Sceneryobjects\DBC_Objects\DBC_Tree_Medium_06.sco
1379764665
1379764665
-1
Sceneryobjects\DBC_Objects\DBC_Tree_Small_06.sco
1379764665
1379764665
-1
Sceneryobjects\DBC_Objects\DBC_Tree_Small_07.sco
1379764665
1379764665
-1
Sceneryobjects\DBC_Objects\obj_pole_streetside_rear.sco
1379764667
1379764667
-1
Sceneryobjects\DBC_Objects\obj_streetlight_bend_double.sco
1379764667
1379764667
-1
Sceneryobjects\DBC_Objects\obj_streetlight_double_adv2.sco
1379764667
1379764667
-1
Sceneryobjects\DBC_Objects\Sign_Street_Park.sco
1379764668
1379764668
-1
Sceneryobjects\DBC_Objects\soundcube_traffic.sco
1379764668
1379764668
-1
Sceneryobjects\Generic\bus_stop.sco
1379764589
1379764589
-1
Sceneryobjects\Generic\car_park.sco
1379764578
1379764578
-1
Sceneryobjects\Generic\people_standing_small.sco
1379764578
1379764578
-1
Sceneryobjects\Generic\routearrow_dn.sco
1379764589
1379764589
-1
Sceneryobjects\Generic\routearrow_L.sco
1379764578
1379764578
-1
Sceneryobjects\Generic\routearrow_R.sco
1379764578
1379764578
-1
Sceneryobjects\Generic\routearrows_busstop.sco
1379764589
1379764589
-1
Sceneryobjects\NewJohnCity\sign-100kmh.sco
1227536908
1227536908
-1
Sceneryobjects\NewJohnCity\sign-50kmh.sco
1227537266
1227537266
-1
Sceneryobjects\Streetobjects_RUE\Gaslight_Stresow.sco
1379764592
1379764592
-1
Sceneryobjects\Verkehrszeichen_MC\VZ_att_kinder_m_mast.sco
1379764594
1379764594
-1
Sceneryobjects\Willshire\Buildings\bw_secondhandcars.sco
1188785580
1188785580
-1
Sceneryobjects\Willshire\Buildings\bw_supermarkt_2.sco
1188785580
1188785580
-1
Sceneryobjects\Willshire\Var1\Richtungstafel.sco
1188785582
1188785582
-1
Sceneryobjects\Willshire\Var1\VZ_274-1_30erZone_MitMast.sco
1188785582
1188785582
-1
Sceneryobjects\Willshire\Var1\VZ_274-2_30erZoneEnde_MitMast.sco
1188785582
1188785582
-1
Sceneryobjects\Willshire\Var2\busstopTTC.sco
1188785583
1188785583
-1
Splines\ADDON_SimpleStreets\RQ_15,5_2spur_11,5m_Sidewalk.sli
1047606069
-
-
Splines\ADDON_SimpleStreets\RQ_15,5_2spur_11,5m_Sidewalk_Bus1lane_Cobble.sli
1112611627
-
-
Splines\ADDON_SimpleStreets\RQ_28.sli
1048386508
-
-
Splines\ADDON_SimpleStreets\RQ_9,5_2spur_6,5m_Sidewalk.sli
1047208714
-
-
