Sceneryobjects\ADDON_SimpleStreets\RQ_X8_to_X11_Seeburger.sco
1047933585
1047933585
-1
Sceneryobjects\ADDON_SimpleStreets\RQ_X8m_2spur_8,0m_Sidewalk_busstop_double.sco
1047945351
1047945351
-1
Sceneryobjects\ADDON_SimpleStreets\RQ_X8m_2spur_8,0m_Sidewalk_junct.sco
1047933618
1047933618
-1
Sceneryobjects\Generic\bus_stop.sco
1379764589
1379764589
-1
Sceneryobjects\Generic\car_park.sco
1379764578
1379764578
-1
Sceneryobjects\Generic\people_standing_small.sco
1379764578
1379764578
-1
Sceneryobjects\Generic\routearrow_dn.sco
1379764589
1379764589
-1
Sceneryobjects\Generic\routearrows_busstop.sco
1379764589
1379764589
-1
Sceneryobjects\Willshire\busstops\busstop.sco
1279376314
1279376314
-1
Splines\ADDON_SimpleStreets\RQ_X_2spur_Altonaer_8m.sli
1047608349
-
-
Splines\Marcel\str_2spur_11m_SeeburgerStr1.sli
1379764600
-
-
