Sceneryobjects\ADDON_SimpleStreets\RQ_X8m_2spur_8,0m_Sidewalk_junct.sco
1047933618
1047933618
-1
Sceneryobjects\ADDON_SimpleStreets\RQ_X8m_2spur_8,0m_Sidewalk_PedCross.sco
1047933640
1047933640
-1
Sceneryobjects\Buildings_RUE\Haus02d.sco
1379764599
1379764599
-1
Sceneryobjects\Buildings_RUE\Haus03d.sco
1379764578
1379764578
-1
Sceneryobjects\Buildings_RUE\Highschool_70s.sco
1379764578
1379764578
-1
Sceneryobjects\DBC_Objects\DBC_shrubbery_04_20.sco
1379764665
1379764665
-1
Sceneryobjects\DBC_Objects\DBC_Tree_Medium_05.sco
1379764665
1379764665
-1
Sceneryobjects\DBC_Objects\DBC_Tree_Medium_06.sco
1379764665
1379764665
-1
Sceneryobjects\DBC_Objects\obj_pole_streetside_rear.sco
1379764667
1379764667
-1
Sceneryobjects\DBC_Objects\obj_streetlight_single.sco
1379764667
1379764667
-1
Sceneryobjects\DBC_Objects\Sign_Street_Stop.sco
1379764668
1379764668
-1
Sceneryobjects\Generic\bus_stop.sco
1379764589
1379764589
-1
Sceneryobjects\Generic\entrypoint_bus.sco
1379764600
1379764600
-1
Sceneryobjects\Generic\people_standing_small.sco
1379764578
1379764578
-1
Sceneryobjects\Generic\routearrow_L.sco
1379764578
1379764578
-1
Sceneryobjects\Generic\routearrow_R.sco
1379764578
1379764578
-1
Sceneryobjects\Generic\routearrows_busstop.sco
1379764589
1379764589
-1
Sceneryobjects\NewJohnCity\busstopSCHOOL.sco
1229293977
1229293977
-1
Sceneryobjects\Streetobjects_RUE\sodiumlight_photpump.sco
1379764608
1379764608
-1
Sceneryobjects\Willshire\Var1\noparking.sco
1188785582
1188785582
-1
Splines\ADDON_SimpleStreets\RQ_9,5_2spur_6,5m_Sidewalk.sli
1047208714
-
-
Splines\ADDON_SimpleStreets\RQ_X_2spur_Altonaer_8m.sli
1047608349
-
-
Splines\Marcel\str_2spur_8m_sedan1.sli
1379764600
-
-
