Sceneryobjects\ADDON_SimpleStreets\RQ_10,5_Sidewalk_Bridge_Connector.sco
1049113276
1049113276
-1
Sceneryobjects\ADDON_SimpleStreets\RQ_20n_Busstop004.sco
1052992404
1052992404
-1
Sceneryobjects\ADDON_SimpleStreets\RQ_9,5_2spur_6,5m_Sidewalk_cross_forbus.sco
1047933485
1047933485
-1
Sceneryobjects\ADDON_SimpleStreets\RQ_9,5_2spur_6,5m_Sidewalk_junct_forbus4.sco
1049118880
1049118880
-1
Sceneryobjects\ADDON_SimpleStreets\RQ_9,5_to_10,5.sco
1047933545
1047933545
-1
Sceneryobjects\ashleytayles\4lanes_junction.sco
1112696466
1112696466
-1
Sceneryobjects\Buildings_MC\bw_row50s_07.sco
1379764572
1379764572
-1
Sceneryobjects\Buildings_MC\wohn_smrow_01.sco
1379764578
1379764578
-1
Sceneryobjects\Buildings_RUE\Haus02f.sco
1379764578
1379764578
-1
Sceneryobjects\Buildings_RUE\Haus03d.sco
1379764578
1379764578
-1
Sceneryobjects\DBC_Objects\DBC_shrubbery_01_20.sco
1379764665
1379764665
-1
Sceneryobjects\DBC_Objects\DBC_Tree_Medium_05.sco
1379764665
1379764665
-1
Sceneryobjects\DBC_Objects\DBC_Tree_Medium_06.sco
1379764665
1379764665
-1
Sceneryobjects\DBC_Objects\DBC_Tree_Small_07.sco
1379764665
1379764665
-1
Sceneryobjects\DBC_Objects\NEWJOHNCITY_busstop_hut.sco
1227532909
1227532909
-1
Sceneryobjects\DBC_Objects\obj_att_rod_med.sco
1379764667
1379764667
-1
Sceneryobjects\DBC_Objects\obj_cone1.sco
1379764667
1379764667
-1
Sceneryobjects\DBC_Objects\obj_cone2.sco
1379764667
1379764667
-1
Sceneryobjects\DBC_Objects\obj_pole_streetside_rear.sco
1379764667
1379764667
-1
Sceneryobjects\DBC_Objects\obj_streetlight_bend.sco
1379764667
1379764667
-1
Sceneryobjects\DBC_Objects\obj_TL_car3_bar.sco
1379764667
1379764667
-1
Sceneryobjects\DBC_Objects\obj_TL_car4L_bar.sco
1379764667
1379764667
-1
Sceneryobjects\DBC_Objects\Sign_Street_NoTurnL.sco
1379764668
1379764668
-1
Sceneryobjects\DBC_Objects\Sign_Street_NoTurnR.sco
1379764668
1379764668
-1
Sceneryobjects\DBC_Objects\Sign_Street_StopAW.sco
1379764668
1379764668
-1
Sceneryobjects\Generic\bus_stop.sco
1379764589
1379764589
-1
Sceneryobjects\Generic\entrypoint_bus.sco
1379764600
1379764600
-1
Sceneryobjects\Generic\people_standing_small.sco
1379764578
1379764578
-1
Sceneryobjects\Generic\routearrow_dn.sco
1379764589
1379764589
-1
Sceneryobjects\Generic\routearrow_L.sco
1379764578
1379764578
-1
Sceneryobjects\Generic\routearrow_R.sco
1379764578
1379764578
-1
Sceneryobjects\Generic\routearrows_busstop.sco
1379764589
1379764589
-1
Sceneryobjects\Generic\sound_forest.sco
1379764589
1379764589
-1
Sceneryobjects\NewJohnCity\NeighbourhoodAmbience1.sco
1246149875
1246149875
-1
Sceneryobjects\NewJohnCity\sign-40kmh.sco
1227537265
1227537265
-1
Sceneryobjects\NewJohnCity\sign-60kmh.sco
1227536904
1227536904
-1
Sceneryobjects\NewJohnCity\sign-end.sco
1229357532
1229357532
-1
Sceneryobjects\NewJohnCity\sign-Left.sco
1227537520
1227537520
-1
Sceneryobjects\Streetobjects_MC\fountain_1.sco
1379764592
1379764592
-1
Sceneryobjects\Streetobjects_MC\glaskontainer_b.sco
1379764605
1379764605
-1
Sceneryobjects\Streetobjects_MC\rw_barrier_1.sco
1379764592
1379764592
-1
Sceneryobjects\Streetobjects_MC\rw_barrier_ft.sco
1379764592
1379764592
-1
Sceneryobjects\Streetobjects_MC\rw_barrier_light_r.sco
1379764592
1379764592
-1
Sceneryobjects\Streetobjects_MC\rw_barrier_light_y.sco
1379764592
1379764592
-1
Sceneryobjects\Streetobjects_MC\rw_barrier_pole_1m.sco
1379764592
1379764592
-1
Sceneryobjects\Streetobjects_MC\rw_digging.sco
1379764592
1379764592
-1
Sceneryobjects\Streetobjects_MC\rw_heap_1.sco
1379764592
1379764592
-1
Sceneryobjects\Streetobjects_MC\rw_heap_2.sco
1379764592
1379764592
-1
Sceneryobjects\Streetobjects_MC\sandbox.sco
1379764592
1379764592
-1
Sceneryobjects\Streetobjects_RUE\DDR_1xPGH-Topf_Wood+Cable.sco
1379764592
1379764592
-1
Sceneryobjects\Streetobjects_RUE\sodiumlight_photpump.sco
1379764608
1379764608
-1
Sceneryobjects\Trees_MC\tree_large_01.sco
1379764594
1379764594
-1
Sceneryobjects\Trees_MC\tree_large_03.sco
1379764609
1379764609
-1
Sceneryobjects\Trees_MC\tree_large_04.sco
1379764594
1379764594
-1
Sceneryobjects\Trees_MC\tree_large_06.sco
1379764594
1379764594
-1
Sceneryobjects\Verkehrszeichen_MC\StreetSign_1lg_pole.sco
1379764594
1379764594
-1
Sceneryobjects\Verkehrszeichen_MC\VZ_surfmark_arrow_L.sco
1379764610
1379764610
-1
Sceneryobjects\Verkehrszeichen_MC\VZ_surfmark_arrow_S.sco
1379764594
1379764594
-1
Sceneryobjects\Verkehrszeichen_MC\VZ_surfmark_arrow_SL.sco
1379764594
1379764594
-1
Sceneryobjects\Verkehrszeichen_MC\VZ_surfmark_arrow_SR.sco
1379764594
1379764594
-1
Sceneryobjects\Willshire\busstops\busstop.sco
1279376314
1279376314
-1
Sceneryobjects\Willshire\Special\city_cube.sco
1188785581
1188785581
-1
Sceneryobjects\Willshire\Special\construction_cube.sco
1188785581
1188785581
-1
Sceneryobjects\Willshire\Special\industry_cube.sco
1188785581
1188785581
-1
Sceneryobjects\Willshire\Var1\busstopTTC.sco
1188785582
1188785582
-1
Sceneryobjects\Willshire\Var1\Richtungstafel.sco
1188785582
1188785582
-1
Sceneryobjects\Willshire\Var4\busstopTTC.sco
1188785584
1188785584
-1
Splines\ADDON_SimpleStreets\RQ_10,5_2spur_7,5m_Sidewalk_Bridge.sli
1049112785
-
-
Splines\ADDON_SimpleStreets\RQ_20_4_spur_15m_narrow_Sidewalk.sli
1048781446
-
-
Splines\ADDON_SimpleStreets\RQ_9,5_2spur_6,5m_Sidewalk.sli
1047208714
-
-
Sceneryobjects\NewJohnCity\helper-routearrow_L.sco
1249094849
1249094849
-1
