Sceneryobjects\Generic\bus_stop.sco
1379764589
1379764589
-1
Sceneryobjects\Generic\people_standing_small.sco
1379764578
1379764578
-1
Sceneryobjects\Generic\routearrows_busstop.sco
1379764589
1379764589
-1
Sceneryobjects\NewJohnCity\highwayneighbourhood.sco
1229914889
1229914889
-1
Sceneryobjects\Streetobjects_RUE\DDR_1xPGH-Topf_Wood+Cable.sco
1379764592
1379764592
-1
Sceneryobjects\Willshire\Var4\busstopTTC.sco
1188785584
1188785584
-1
Splines\ADDON_SimpleStreets\RQ_20_4_spur_15m_narrow_Sidewalk_wide.sli
1109677056
-
-
Splines\Ruede\rail_wood_S49.sli
1379764614
-
-
Splines\Ruede\rail_wood_S49_tunnel.sli
1379764602
-
-
Splines\Ruede\rail_wood_S49_width.sli
1379764602
-
-
Sceneryobjects\Generic\routearrow_R.sco
1219407130
1219407130
-1
