Sceneryobjects\ADDON_SimpleStreets\RQ_10,5_Bridge_Connector.sco
1048863212
1048863212
-1
Sceneryobjects\ADDON_SimpleStreets\RQ_10,5_Busstop_Double.sco
1047944879
1047944879
-1
Sceneryobjects\ADDON_SimpleStreets\RQ_10,5_NoBankett_Junction.sco
1111910452
1111910452
-1
Sceneryobjects\DBC_Objects\NEWJOHNCITY_busstop_hut.sco
1227532909
1227532909
-1
Sceneryobjects\DBC_Objects\obj_pole_streetside_rear.sco
1379764667
1379764667
-1
Sceneryobjects\DBC_Objects\Sign_Street_StopAW.sco
1379764668
1379764668
-1
Sceneryobjects\Generic\bus_stop.sco
1379764589
1379764589
-1
Sceneryobjects\Generic\entrypoint_bus.sco
1379764600
1379764600
-1
Sceneryobjects\Generic\routearrow_L.sco
1379764578
1379764578
-1
Sceneryobjects\Generic\routearrow_R.sco
1379764578
1379764578
-1
Sceneryobjects\Generic\routearrows_busstop.sco
1379764589
1379764589
-1
Sceneryobjects\Kreuz_MC\Einm_See.sco
1379764589
1379764589
-1
Sceneryobjects\NewJohnCity\sign-80kmh.sco
1227536906
1227536906
-1
Sceneryobjects\Streetobjects_RUE\neonlight_S_bend_S.sco
1379764608
1379764608
-1
Sceneryobjects\Willshire\Var4\busstopTTC.sco
1188785584
1188785584
-1
Splines\ADDON_SimpleStreets\RQ_10,5_2spur_7,5m.sli
1048128548
-
-
Splines\ADDON_SimpleStreets\RQ_10,5_2spur_7,5m_Bridge.sli
1048138966
-
-
Splines\Marcel\str_2spur_11m_SeeburgerStr1.sli
1379764600
-
-
Vehicles\DBC_Chicago_Citybus\DBC_Citybus_40LF_parked.sco
1219409976
1219410067
-1
Sceneryobjects\Generic\people_standing_small.sco
1379764578
1379764578
-1
