Sceneryobjects\ADDON_SimpleStreets\RQ_20n_to_20.sco
1049109050
1049109050
-1
Sceneryobjects\ADDON_SimpleStreets\RQ_20n_w9,5_Sidew_Crossing.sco
1049107983
1049107983
-1
Sceneryobjects\ADDON_SimpleStreets\RQ_9,5_2spur_6,5m_Sidewalk_busstop_double.sco
1047933469
1047933469
-1
Sceneryobjects\ADDON_SimpleStreets\RQ_9,5_2spur_6,5m_Sidewalk_cross_forbus4.sco
1049118355
1049118355
-1
Sceneryobjects\ADDON_SimpleStreets\RQ_9,5_to_X8.sco
1047933549
1047933549
-1
Sceneryobjects\ADDON_SimpleStreets\RQ_X8m_2spur_8,0m_Sidewalk_cross.sco
1047933604
1047933604
-1
Sceneryobjects\Buildings_RUE\Haus02d.sco
1379764599
1379764599
-1
Sceneryobjects\DBC_Objects\DBC_shrubbery_01_05.sco
1379764665
1379764665
-1
Sceneryobjects\DBC_Objects\DBC_shrubbery_01_10.sco
1379764665
1379764665
-1
Sceneryobjects\DBC_Objects\DBC_shrubbery_01_20.sco
1379764665
1379764665
-1
Sceneryobjects\DBC_Objects\DBC_shrubbery_04_20.sco
1379764665
1379764665
-1
Sceneryobjects\DBC_Objects\DBC_Tree_Medium_05.sco
1379764665
1379764665
-1
Sceneryobjects\DBC_Objects\DBC_Tree_Medium_06.sco
1379764665
1379764665
-1
Sceneryobjects\DBC_Objects\DBC_Tree_Small_07.sco
1379764665
1379764665
-1
Sceneryobjects\DBC_Objects\NEWJOHNCITY_busstop_hut.sco
1227532909
1227532909
-1
Sceneryobjects\DBC_Objects\obj_att_rod_long.sco
1379764667
1379764667
-1
Sceneryobjects\DBC_Objects\obj_pole_large.sco
1379764667
1379764667
-1
Sceneryobjects\DBC_Objects\obj_pole_streetside_rear.sco
1379764667
1379764667
-1
Sceneryobjects\DBC_Objects\obj_streetlight_bend.sco
1379764667
1379764667
-1
Sceneryobjects\DBC_Objects\obj_streetlight_double_adv2.sco
1379764667
1379764667
-1
Sceneryobjects\DBC_Objects\Sign_Street_StopAW.sco
1379764668
1379764668
-1
Sceneryobjects\Generic\bus_stop.sco
1379764589
1379764589
-1
Sceneryobjects\Generic\people_standing_small.sco
1379764578
1379764578
-1
Sceneryobjects\Generic\routearrow_dn.sco
1379764589
1379764589
-1
Sceneryobjects\Generic\routearrows_busstop.sco
1379764589
1379764589
-1
Sceneryobjects\NewJohnCity\NeighbourhoodAmbience.sco
1228840669
1228840669
-1
Sceneryobjects\NewJohnCity\sign-NOEXIT.sco
1227536939
1227536939
-1
Sceneryobjects\Streetobjects_RUE\DDR_1xBG_S_wood_cable.sco
1379764592
1379764592
-1
Sceneryobjects\Streetobjects_RUE\LBL-Brikett.sco
1379764592
1379764592
-1
Sceneryobjects\Willshire\busstops\busstop.sco
1279376314
1279376314
-1
Sceneryobjects\Willshire\Var4\busstopTTC.sco
1188785584
1188785584
-1
Splines\ADDON_SimpleStreets\RQ_20_4_spur_15m_narrow_Sidewalk.sli
1048781446
-
-
Splines\ADDON_SimpleStreets\RQ_20_4_spur_15m_Sidewalk.sli
1048862949
-
-
Splines\ADDON_SimpleStreets\RQ_9,5_2spur_6,5m_Sidewalk.sli
1047208714
-
-
Splines\Marcel\str_2spur_8m_altonaer1.sli
1379764600
-
-
Sceneryobjects\NewJohnCity\helper-routearrow_dn.sco
1249094848
1249094848
-1
