Sceneryobjects\DBC_Objects\DBC_Tree_Medium_05.sco
1379764665
1379764665
-1
Sceneryobjects\DBC_Objects\DBC_Tree_Medium_06.sco
1379764665
1379764665
-1
Sceneryobjects\DBC_Objects\DBC_Tree_Small_07.sco
1379764665
1379764665
-1
Sceneryobjects\DBC_Objects\DBC_Tree_Small_08.sco
1379764665
1379764665
-1
Sceneryobjects\DBC_Objects\kedz_depot.sco
1379764665
1379764665
-1
Sceneryobjects\DBC_Objects\kedz_depot_roof.sco
1379764665
1379764665
-1
Sceneryobjects\DBC_Objects\kedz_rollup_in.sco
1379764665
1379764665
-1
Sceneryobjects\DBC_Objects\obj_streetlight_bend.sco
1379764667
1379764667
-1
Splines\ADDON_SimpleStreets\RQ_10,5_1spur.sli
1048346881
-
-
Vehicles\DBC_Chicago_Citybus\DBC_Citybus_40LF_parked.sco
1219409976
1219410067
-1
Vehicles\DBC_Chicago_Citybus\DBC_Citybus_40LF_parked_random.sco
1219410065
1219409978
-1
