Sceneryobjects\ADDON_SimpleStreets\RQ_36_Entry_End.sco
1049832784
1049832784
-1
Sceneryobjects\ADDON_SimpleStreets\RQ_36_Exit_Start.sco
1049832854
1049832854
-1
Sceneryobjects\DBC_Objects\DBC_Tree_Medium_05.sco
1379764665
1379764665
-1
Sceneryobjects\DBC_Objects\DBC_Tree_Medium_06.sco
1379764665
1379764665
-1
Sceneryobjects\DBC_Objects\obj_streetlight_bend_double.sco
1379764667
1379764667
-1
Sceneryobjects\DBC_Objects\obj_streetlight_single.sco
1379764667
1379764667
-1
Sceneryobjects\Generic\sound_field.sco
1379764580
1379764580
-1
Splines\ADDON_SimpleStreets\RQ_36_EntryExit_Both.sli
1049830560
-
-
Splines\invis_sidewalk.sli
1330945184
-
-
