Sceneryobjects\ADDON_SimpleStreets\RQ_28_Bridge_Connector.sco
1049457309
1049457309
-1
Sceneryobjects\ADDON_SimpleStreets\RQ_28_Entry_End.sco
1048927927
1048927927
-1
Sceneryobjects\ADDON_SimpleStreets\RQ_28_Exit_Start.sco
1048928288
1048928288
-1
Sceneryobjects\ADDON_SimpleStreets\RQ_28_From_36.sco
1049832582
1049832582
-1
Sceneryobjects\ADDON_SimpleStreets\RQ_28_To_36.sco
1049832526
1049832526
-1
Sceneryobjects\DBC_Objects\DBC_Tree_Medium_05.sco
1379764665
1379764665
-1
Sceneryobjects\DBC_Objects\DBC_Tree_Medium_06.sco
1379764665
1379764665
-1
Sceneryobjects\DBC_Objects\NEWJOHNCITY_busstop_hut.sco
1227530861
1227530861
-1
Sceneryobjects\DBC_Objects\obj_streetlight_bend.sco
1379764667
1379764667
-1
Sceneryobjects\Generic\bus_stop.sco
1379764589
1379764589
-1
Sceneryobjects\Generic\people_standing_small.sco
1219407121
1219407121
-1
Sceneryobjects\Generic\routearrows_busstop.sco
1219407171
1219407171
-1
Sceneryobjects\Streetobjects_MC\strlt_gwg_snowb_quadA.sco
1379764592
1379764592
-1
Sceneryobjects\Streetobjects_RUE\LBL-Tropfen_5.sco
1379764608
1379764608
-1
Sceneryobjects\Willshire\Var4\busstopTTC.sco
1188783536
1188783536
-1
Splines\ADDON_SimpleStreets\RQ_20_4_spur_15m_narrow_Sidewalk.sli
1048781446
-
-
Splines\ADDON_SimpleStreets\RQ_28.sli
1048386508
-
-
Splines\ADDON_SimpleStreets\RQ_28_Bridge.sli
1049453741
-
-
Splines\ADDON_SimpleStreets\RQ_28_EntryExit_Both.sli
1048386626
-
-
Splines\Marcel\invis_airway.sli
1379764600
-
-
