Sceneryobjects\ADDON_SimpleStreets\RQ_20n_to_28.sco
1049109966
1049109966
-1
Sceneryobjects\ADDON_SimpleStreets\RQ_20n_w9,5_SideWide_Junct_A.sco
1115558743
1115558743
-1
Sceneryobjects\DBC_Objects\LOD_007.sco
1379764665
1379764665
-1
Sceneryobjects\DBC_Objects\NEWJOHNCITY_busstop_hut.sco
1227532909
1227532909
-1
Sceneryobjects\Generic\bus_stop.sco
1379764589
1379764589
-1
Sceneryobjects\Generic\people_standing_small.sco
1379764578
1379764578
-1
Sceneryobjects\Generic\routearrows_busstop.sco
1379764589
1379764589
-1
Sceneryobjects\Streetobjects_RUE\Gaslight_Stresow.sco
1379764592
1379764592
-1
Sceneryobjects\Willshire\Var4\busstopTTC.sco
1188785584
1188785584
-1
Splines\ADDON_SimpleStreets\RQ_10,5_2spur_7,5m_Sidewalk.sli
1047297148
-
-
Splines\ADDON_SimpleStreets\RQ_20_4_spur_15m_narrow_Sidewalk_wide.sli
1109677056
-
-
Splines\Ruede\rail_wood_S49_tunnel.sli
1379764602
-
-
