Sceneryobjects\ADDON_SimpleStreets\RQ_28_Entry_End.sco
1048927927
1048927927
-1
Sceneryobjects\ADDON_SimpleStreets\RQ_28_Exit_Start.sco
1048928288
1048928288
-1
Sceneryobjects\ADDON_SimpleStreets\RQ_28_From_36.sco
1049832582
1049832582
-1
Sceneryobjects\ADDON_SimpleStreets\RQ_28_To_36.sco
1049832526
1049832526
-1
Sceneryobjects\DBC_Objects\DBC_Tree_Medium_05.sco
1379764665
1379764665
-1
Sceneryobjects\DBC_Objects\DBC_Tree_Medium_06.sco
1379764665
1379764665
-1
Sceneryobjects\DBC_Objects\fireworks_navypier.sco
1379764665
1379764665
-1
Sceneryobjects\DBC_Objects\obj_pole_streetsign_side.sco
1379764667
1379764667
-1
Sceneryobjects\DBC_Objects\Sign_Hwy_Exit_Arrow.sco
1379764667
1379764667
-1
Sceneryobjects\DBC_Objects\Sign_Street_OnlyStraight.sco
1379764668
1379764668
-1
Sceneryobjects\DBC_Objects\Sign_Street_Yield.sco
1379764668
1379764668
-1
Sceneryobjects\DBC_Objects\soundcube_traffic.sco
1379764668
1379764668
-1
Sceneryobjects\Generic\routearrow_dn.sco
1379764589
1379764589
-1
Sceneryobjects\Generic\routearrow_R.sco
1379764578
1379764578
-1
Splines\Ruede\rail_wood_S49_width.sli
1379764602
-
-
