Sceneryobjects\Buildings_MC\bw_50s_02.sco
1379764572
1379764572
-1
Sceneryobjects\Buildings_MC\bw_50s_04.sco
1379764572
1379764572
-1
Sceneryobjects\Buildings_MC\bw_50s_06A.sco
1379764572
1379764572
-1
Sceneryobjects\Buildings_MC\bw_50s_07.sco
1379764572
1379764572
-1
Sceneryobjects\Buildings_MC\bw_50s_11.sco
1379764572
1379764572
-1
Sceneryobjects\Buildings_MC\bw_50s_12.sco
1379764572
1379764572
-1
Sceneryobjects\Buildings_MC\bw_50s_13B.sco
1379764572
1379764572
-1
Sceneryobjects\Buildings_MC\bw_60s_02A.sco
1379764585
1379764585
-1
Sceneryobjects\Buildings_MC\bw_60s_03.sco
1379764572
1379764572
-1
Sceneryobjects\Buildings_MC\bw_70s_04A.sco
1379764572
1379764572
-1
Sceneryobjects\Buildings_MC\bw_80s_01.sco
1379764572
1379764572
-1
Sceneryobjects\Buildings_MC\bw_hoch_05.sco
1379764585
1379764585
-1
Sceneryobjects\Buildings_MC\bw_hoch_12.sco
1379764572
1379764572
-1
Sceneryobjects\Buildings_MC\bw_hoch_16.sco
1379764572
1379764572
-1
Sceneryobjects\Buildings_MC\bw_hoch_23C.sco
1379764572
1379764572
-1
Sceneryobjects\Buildings_MC\bw_rowold_sm_10.sco
1379764572
1379764572
-1
Sceneryobjects\DBC_Objects\DBC_Tree_Medium_05.sco
1379764665
1379764665
-1
Sceneryobjects\DBC_Objects\NEWJOHNCITY_busstop_hut.sco
1227532909
1227532909
-1
Sceneryobjects\DBC_Objects\obj_streetlight_single.sco
1379764667
1379764667
-1
Sceneryobjects\Generic\bus_stop.sco
1379764589
1379764589
-1
Sceneryobjects\Generic\routearrows_busstop.sco
1379764589
1379764589
-1
Sceneryobjects\Kreuz_MC\Kreuz_Altonaer.sco
1379764579
1379764579
-1
Sceneryobjects\Willshire\Var1\busstopTTC.sco
1188785582
1188785582
-1
Sceneryobjects\Willshire\Var4\busstopTTC.sco
1188785584
1188785584
-1
Splines\Marcel\str_2spur_8m_altonaer1.sli
1379764600
-
-
Splines\Marcel\str_2spur_8m_borkumer1.sli
1379764600
-
-
Splines\Marcel\str_2spur_8m_sedan1.sli
1379764600
-
-
