Sceneryobjects\Buildings_MC\bw_hoch_23B.sco
1379764572
1379764572
-1
Sceneryobjects\DBC_Objects\DBC_Tree_Medium_06.sco
1379764665
1379764665
-1
Sceneryobjects\DBC_Objects\obj_pole_large.sco
1379764667
1379764667
-1
Sceneryobjects\DBC_Objects\obj_streetlight_bend.sco
1379764667
1379764667
-1
Sceneryobjects\DBC_Objects\obj_TL_car3_pole.sco
1379764667
1379764667
-1
Sceneryobjects\Generic\bus_stop.sco
1379764589
1379764589
-1
Sceneryobjects\Generic\people_standing_small.sco
1379764578
1379764578
-1
Sceneryobjects\Generic\routearrow_dn.sco
1379764589
1379764589
-1
Sceneryobjects\Generic\routearrows_busstop.sco
1379764589
1379764589
-1
Sceneryobjects\Kreuz_MC\Kreuz_Heerstr_Magistrats_Semmel.sco
1379764589
1379764589
-1
Sceneryobjects\Ruede\forest_backdrop01.sco
1379764592
1379764592
-1
Sceneryobjects\Streetobjects_RUE\neonlight_L_bend_L.sco
1379764593
1379764593
-1
Sceneryobjects\Trees_MC\arbor_sixpack.sco
1379764593
1379764593
-1
Sceneryobjects\Willshire\Var1\busstopTTC.sco
1188785582
1188785582
-1
Splines\Marcel\invis_airway.sli
1379764600
-
-
Splines\Marcel\str_2spur_12m_Sandstr.sli
1379764600
-
-
Splines\Marcel\str_4spur_12,5m_Heerstr4.sli
1379764600
-
-
Splines\Marcel\str_6spur_Magistratsweg1.sli
1379764600
-
-
