Sceneryobjects\ADDON_SimpleStreets\RQ_X8m_2spur_8,0m_Sidewalk_cross.sco
1047933604
1047933604
-1
Sceneryobjects\ADDON_SimpleStreets\RQ_X8m_2spur_8,0m_Sidewalk_train.sco
1047933649
1047933649
-1
Sceneryobjects\ADDON_SimpleStreets\RQ_X8m_to_15,5_Start.sco
1047933680
1047933680
-1
Sceneryobjects\DBC_Objects\DBC_Tree_Medium_06.sco
1379764665
1379764665
-1
Sceneryobjects\DBC_Objects\obj_pole_streetsign_side.sco
1379764667
1379764667
-1
Sceneryobjects\NewJohnCity\sign-50kmh.sco
1227537266
1227537266
-1
Sceneryobjects\Railroad_MC\rail_boxcut_concrete_1tr6m_end.sco
1379764591
1379764591
-1
Sceneryobjects\Railroad_MC\S-Bhf_Spd-West.sco
1379764591
1379764591
-1
Sceneryobjects\Railroad_RUE\EW190_L_S49_1_1.sco
1379764591
1379764591
-1
Sceneryobjects\Railroad_RUE\Hs64_Andreaskreuz_elektro.sco
1379764591
1379764591
-1
Sceneryobjects\Railroad_RUE\Hs64_Schranke_R.sco
1379764591
1379764591
-1
Sceneryobjects\Railroad_RUE\Mushroomlight_L.sco
1379764591
1379764591
-1
Sceneryobjects\Railroad_RUE\S-Bahn_Stromschienentraeger_L.sco
1379764591
1379764591
-1
Splines\ADDON_SimpleStreets\RQ_X_2spur_Altonaer_8m.sli
1047608349
-
-
Splines\Marcel\rail_boxcut_concrete_1tr6m.sli
1379764614
-
-
Splines\Marcel\str_2spur_8m_altonaer1.sli
1379764600
-
-
Splines\Ruede\rail_wood_S49.sli
1379764614
-
-
Splines\Ruede\rail_wood_S49_S-Bahn_1.sli
1379764602
-
-
Splines\Ruede\rail_wood_S49_S-Bahn_-1.sli
1379764602
-
-
Splines\Ruede\rail_wood_S49_tunnel.sli
1379764602
-
-
Splines\Ruede\rail_wood_S49_width.sli
1379764602
-
-
