Sceneryobjects\ADDON_SimpleStreets\RQ_10,5_Bridge_Connector_Oneway_FROM.sco
1049457680
1049457680
-1
Sceneryobjects\ADDON_SimpleStreets\RQ_20n_to_20.sco
1049109050
1049109050
-1
Sceneryobjects\ADDON_SimpleStreets\RQ_28_Bridge_Connector.sco
1049457309
1049457309
-1
Sceneryobjects\ADDON_SimpleStreets\RQ_28_Entry_End.sco
1048927927
1048927927
-1
Sceneryobjects\ADDON_SimpleStreets\RQ_28_EntryExit_Straight.sco
1048928019
1048928019
-1
Sceneryobjects\ADDON_SimpleStreets\RQ_28_Exit_Start.sco
1048928288
1048928288
-1
Sceneryobjects\ADDON_SimpleStreets\RQ_28_From_36.sco
1049832582
1049832582
-1
Sceneryobjects\ADDON_SimpleStreets\RQ_28_To_36.sco
1049832526
1049832526
-1
Sceneryobjects\ADDON_SimpleStreets\RQ_36_Entry_End.sco
1049832784
1049832784
-1
Sceneryobjects\ADDON_SimpleStreets\RQ_36_Entry_Start_Double.sco
1049832942
1049832942
-1
Sceneryobjects\ADDON_SimpleStreets\RQ_36_EntryExit_Straight.sco
1049833065
1049833065
-1
Sceneryobjects\ADDON_SimpleStreets\RQ_36_Exit_End_Double.sco
1049833223
1049833223
-1
Sceneryobjects\ADDON_SimpleStreets\RQ_36_Exit_Start.sco
1049832854
1049832854
-1
Sceneryobjects\DBC_Objects\obj_streetlight_bend_double.sco
1379764667
1379764667
-1
Sceneryobjects\Generic\routearrow_dn.sco
1379764589
1379764589
-1
Sceneryobjects\Streetobjects_RUE\sodiumlight_2L_break_L.sco
1379764593
1379764593
-1
Splines\ADDON_SimpleStreets\RQ_10,5_2spur_7,5m_Oneway.sli
1049455949
-
-
Splines\ADDON_SimpleStreets\RQ_20_4_spur_15m_Sidewalk.sli
1048862949
-
-
Splines\ADDON_SimpleStreets\RQ_28.sli
1048386508
-
-
Splines\ADDON_SimpleStreets\RQ_28_Bridge.sli
1049453741
-
-
Splines\Marcel\invis_airway.sli
1379764600
-
-
Sceneryobjects\Generic\routearrow_R.sco
1379764578
1379764578
-1
Sceneryobjects\NewJohnCity\helper-routearrow_dn.sco
1249094848
1249094848
-1
