Sceneryobjects\ADDON_SimpleStreets\RQ_20n_w9,5_Sidew_Junct.sco
1049106226
1049106226
-1
Sceneryobjects\Buildings_MC\bw_school_2.sco
1379762538
1379762538
-1
Sceneryobjects\DBC_Objects\DBC_Tree_Small_07.sco
1379762617
1379762617
-1
Sceneryobjects\Generic\bus_stop.sco
1379762541
1379762541
-1
Sceneryobjects\Generic\entrypoint_bus.sco
1379762552
1379762552
-1
Sceneryobjects\Generic\people_standing_small.sco
1379762530
1379762530
-1
Sceneryobjects\Generic\routearrows_busstop.sco
1379762541
1379762541
-1
Sceneryobjects\NewJohnCity\busstopSCHOOL.sco
1229291929
1229291929
-1
Sceneryobjects\Willshire\busstops\busstop.sco
1279374266
1279374266
-1
Splines\ADDON_SimpleStreets\RQ_20_4_spur_15m_narrow_Sidewalk.sli
1048779398
-
-
Splines\ADDON_SimpleStreets\RQ_9,5_2spur_6,5m_Sidewalk.sli
1047206666
-
-
