Sceneryobjects\ADDON_SimpleStreets\RQ_10,5_Busstop_Double.sco
1047944879
1047944879
-1
Sceneryobjects\ADDON_SimpleStreets\RQ_20n_w9,5_Sidew_Junct.sco
1049108274
1049108274
-1
Sceneryobjects\ADDON_SimpleStreets\RQ_20n_w9,5_SideWide_Cross_A.sco
1115558784
1115558784
-1
Sceneryobjects\DBC_Objects\obj_att_rod_stub.sco
1379764667
1379764667
-1
Sceneryobjects\DBC_Objects\obj_streetlight_bend.sco
1379764667
1379764667
-1
Sceneryobjects\DBC_Objects\obj_TL_car3_bar.sco
1379764667
1379764667
-1
Sceneryobjects\DBC_Objects\Sign_Street_DoNotEnterCTA.sco
1379764667
1379764667
-1
Sceneryobjects\Generic\bus_stop.sco
1379764589
1379764589
-1
Sceneryobjects\Generic\entrypoint_bus.sco
1379764600
1379764600
-1
Sceneryobjects\Generic\people_standing_small.sco
1379764578
1379764578
-1
Sceneryobjects\Generic\routearrow_dn.sco
1379764589
1379764589
-1
Sceneryobjects\Generic\routearrow_L.sco
1379764578
1379764578
-1
Sceneryobjects\Generic\routearrow_R.sco
1379764578
1379764578
-1
Sceneryobjects\Generic\routearrows_busstop.sco
1379764589
1379764589
-1
Sceneryobjects\Streetobjects_RUE\Gaslight_Pole.sco
1379764592
1379764592
-1
Sceneryobjects\Willshire\Var1\busstopTTC.sco
1188785582
1188785582
-1
Sceneryobjects\Willshire\Var4\busstopTTC.sco
1188785584
1188785584
-1
Splines\ADDON_SimpleStreets\RQ_10,5_2spur_7,5m.sli
1048128548
-
-
Splines\ADDON_SimpleStreets\RQ_20_4_spur_15m_narrow_Sidewalk.sli
1048781446
-
-
Splines\ADDON_SimpleStreets\RQ_20_4_spur_15m_narrow_Sidewalk_wide.sli
1109677056
-
-
Splines\ADDON_SimpleStreets\RQ_9,5_2spur_6,5m_Sidewalk.sli
1047208714
-
-
Sceneryobjects\DBC_Objects\NEWJOHNCITY_busstop_hut.sco
1227532909
1227532909
-1
