Sceneryobjects\ADDON_SimpleStreets\RQ_10,5_Sidewalk_Bridge_Connector.sco
1049113276
1049113276
-1
Sceneryobjects\ADDON_SimpleStreets\RQ_10,5_to_15,5_Start.sco
1047934185
1047934185
-1
Sceneryobjects\ADDON_SimpleStreets\RQ_20n_to_28.sco
1049109966
1049109966
-1
Sceneryobjects\ADDON_SimpleStreets\RQ_9,5_2spur_6,5m_Sidewalk_busstop_double.sco
1047933469
1047933469
-1
Sceneryobjects\ADDON_SimpleStreets\RQ_9,5_2spur_6,5m_Sidewalk_junct_forbus.sco
1047933507
1047933507
-1
Sceneryobjects\ADDON_SimpleStreets\RQ_9,5_to_10,5.sco
1047933545
1047933545
-1
Sceneryobjects\Buildings_MC\bw_30s_01.sco
1379764572
1379764572
-1
Sceneryobjects\Buildings_MC\bw_50s_07.sco
1379764572
1379764572
-1
Sceneryobjects\Buildings_MC\bw_50s_20.sco
1379764572
1379764572
-1
Sceneryobjects\Buildings_MC\bw_hoch_23C.sco
1379764572
1379764572
-1
Sceneryobjects\Buildings_MC\bw_med_01.sco
1379764572
1379764572
-1
Sceneryobjects\Buildings_MC\bw_row80s_15.sco
1379764572
1379764572
-1
Sceneryobjects\Buildings_MC\bw_zurheimat.sco
1379764572
1379764572
-1
Sceneryobjects\Buildings_MC\tank_2_esso.sco
1379764587
1379764587
-1
Sceneryobjects\Buildings_MC\wohn_smrow_01.sco
1379764578
1379764578
-1
Sceneryobjects\DBC_Objects\DBC_shrubbery_04_20.sco
1379764665
1379764665
-1
Sceneryobjects\DBC_Objects\DBC_Tree_Medium_05.sco
1379764665
1379764665
-1
Sceneryobjects\DBC_Objects\DBC_Tree_Medium_06.sco
1379764665
1379764665
-1
Sceneryobjects\DBC_Objects\DBC_Tree_Small_07.sco
1379764665
1379764665
-1
Sceneryobjects\DBC_Objects\DBC_Tree_Small_08.sco
1379764665
1379764665
-1
Sceneryobjects\DBC_Objects\fireworks_navypier.sco
1379764665
1379764665
-1
Sceneryobjects\DBC_Objects\LOD_016.sco
1379764665
1379764665
-1
Sceneryobjects\DBC_Objects\obj_att_rod_med.sco
1379764667
1379764667
-1
Sceneryobjects\DBC_Objects\obj_pole_med.sco
1379764667
1379764667
-1
Sceneryobjects\DBC_Objects\obj_pole_streetside_rear.sco
1379764667
1379764667
-1
Sceneryobjects\DBC_Objects\obj_streetlight_bend.sco
1379764667
1379764667
-1
Sceneryobjects\DBC_Objects\obj_streetlight_bend_double.sco
1379764667
1379764667
-1
Sceneryobjects\DBC_Objects\obj_TL_car3_bar.sco
1379764667
1379764667
-1
Sceneryobjects\DBC_Objects\obj_TL_ped_side.sco
1379764667
1379764667
-1
Sceneryobjects\Generic\bus_stop.sco
1379764589
1379764589
-1
Sceneryobjects\Generic\car_park.sco
1379764578
1379764578
-1
Sceneryobjects\Generic\people_standing_small.sco
1379764578
1379764578
-1
Sceneryobjects\Generic\routearrow_dn.sco
1379764589
1379764589
-1
Sceneryobjects\Generic\routearrow_L.sco
1379764578
1379764578
-1
Sceneryobjects\Generic\routearrow_R.sco
1379764578
1379764578
-1
Sceneryobjects\Generic\routearrows_busstop.sco
1379764589
1379764589
-1
Sceneryobjects\NewJohnCity\sign-40kmh.sco
1227537265
1227537265
-1
Sceneryobjects\NewJohnCity\sign-50kmh.sco
1227537266
1227537266
-1
Sceneryobjects\Streetobjects_MC\telefonzelle_1.sco
1379764592
1379764592
-1
Sceneryobjects\Streetobjects_RUE\Gaslight_Stresow.sco
1379764592
1379764592
-1
Sceneryobjects\Verkehrszeichen_MC\Mast_Ampel_klein_1.sco
1379764594
1379764594
-1
Sceneryobjects\Verkehrszeichen_MC\StreetSign_1_pole.sco
1379764594
1379764594
-1
Sceneryobjects\Verkehrszeichen_RUE\DDR_Zeichen_stop.sco
1379764610
1379764610
-1
Sceneryobjects\Willshire\Var1\busstopTTC.sco
1188785582
1188785582
-1
Sceneryobjects\Willshire\Var4\busstopTTC.sco
1188785584
1188785584
-1
Splines\ADDON_SimpleStreets\RQ_10,5_2spur_7,5m_Bridge_Oneway.sli
1049457724
-
-
Splines\ADDON_SimpleStreets\RQ_10,5_2spur_7,5m_Oneway.sli
1049455949
-
-
Splines\ADDON_SimpleStreets\RQ_10,5_2spur_7,5m_Sidewalk.sli
1047297148
-
-
Splines\ADDON_SimpleStreets\RQ_10,5_2spur_7,5m_Sidewalk_Bridge.sli
1049112785
-
-
Splines\ADDON_SimpleStreets\RQ_28.sli
1048386508
-
-
Splines\ADDON_SimpleStreets\RQ_9,5_2spur_6,5m_Sidewalk.sli
1047208714
-
-
Sceneryobjects\NewJohnCity\helper-routearrow_dn.sco
1249094848
1249094848
-1
Sceneryobjects\NewJohnCity\helper-routearrow_L.sco
1249094849
1249094849
-1
Sceneryobjects\NewJohnCity\helper-routearrow_R.sco
1249094850
1249094850
-1
