Sceneryobjects\ADDON_SimpleStreets\RQ_10,5_Bridge_Connector_Oneway_TO.sco
1049457665
1049457665
-1
Sceneryobjects\ADDON_SimpleStreets\RQ_28_Entry_Start_Double.sco
1049457568
1049457568
-1
Sceneryobjects\ADDON_SimpleStreets\RQ_28_EntryExit_Straight_Lane.sco
1048928048
1048928048
-1
Sceneryobjects\ADDON_SimpleStreets\RQ_28_Exit_End_Double.sco
1049456977
1049456977
-1
Sceneryobjects\DBC_Objects\obj_pole_streetside_rear.sco
1379764667
1379764667
-1
Sceneryobjects\Generic\bus_stop.sco
1379764589
1379764589
-1
Sceneryobjects\Generic\routearrow_dn.sco
1379764589
1379764589
-1
Sceneryobjects\NewJohnCity\sign-100kmh.sco
1227536908
1227536908
-1
Sceneryobjects\Streetobjects_RUE\LBL-Tropfen_5.sco
1379764608
1379764608
-1
Sceneryobjects\Streetobjects_RUE\sodiumlight_L_break_L.sco
1379764593
1379764593
-1
Sceneryobjects\Willshire\Var1\Richtungstafel.sco
1188785582
1188785582
-1
Splines\ADDON_SimpleStreets\RQ_10,5_2spur_7,5m_Bridge_Oneway.sli
1049457724
-
-
Splines\ADDON_SimpleStreets\RQ_10,5_2spur_7,5m_Oneway.sli
1049455949
-
-
Splines\ADDON_SimpleStreets\RQ_28.sli
1048386508
-
-
Splines\ADDON_SimpleStreets\RQ_28_EntryExit_Both.sli
1048386626
-
-
Splines\Marcel\invis_airway.sli
1379764600
-
-
Sceneryobjects\NewJohnCity\helper-routearrow_dn.sco
1249094848
1249094848
-1
