Sceneryobjects\ADDON_SimpleStreets\RQ_9,5_2spur_6,5m_Sidewalk_cross_forbus4.sco
1049118355
1049118355
-1
Sceneryobjects\Buildings_MC\buro_02.sco
1379764572
1379764572
-1
Sceneryobjects\Buildings_MC\bw_hoch_03.sco
1379764572
1379764572
-1
Sceneryobjects\Buildings_MC\bw_hoch_09.sco
1379764572
1379764572
-1
Sceneryobjects\Buildings_MC\bw_med_01.sco
1379764572
1379764572
-1
Sceneryobjects\Buildings_MC\wohn_smrow_01.sco
1379764578
1379764578
-1
Sceneryobjects\DBC_Objects\busstop_hut.sco
1379764665
1379764665
-1
Sceneryobjects\DBC_Objects\DBC_shrubbery_04_20.sco
1379764665
1379764665
-1
Sceneryobjects\DBC_Objects\DBC_Tree_Medium_06.sco
1379764665
1379764665
-1
Sceneryobjects\DBC_Objects\DBC_Tree_Small_07.sco
1379764665
1379764665
-1
Sceneryobjects\DBC_Objects\obj_pole_streetside_rear.sco
1379764667
1379764667
-1
Sceneryobjects\DBC_Objects\Sign_Street_StopAW.sco
1379764668
1379764668
-1
Sceneryobjects\DBC_Objects\Sign_Street_YieldToPed.sco
1379764668
1379764668
-1
Sceneryobjects\Generic\bus_stop.sco
1379764589
1379764589
-1
Sceneryobjects\Generic\people_standing_small.sco
1379764578
1379764578
-1
Sceneryobjects\Generic\routearrow_L.sco
1379764578
1379764578
-1
Sceneryobjects\Generic\routearrow_R.sco
1379764578
1379764578
-1
Sceneryobjects\Generic\routearrows_busstop.sco
1379764589
1379764589
-1
Sceneryobjects\NewJohnCity\sign-40kmh.sco
1227537265
1227537265
-1
Sceneryobjects\Streetobjects_RUE\LBL-Brikett_wood.sco
1379764592
1379764592
-1
Sceneryobjects\Willshire\Special\VZ_surfmark_arrow_SL.sco
1188785581
1188785581
-1
Sceneryobjects\Willshire\Var1\busstopTTC.sco
1188785582
1188785582
-1
Sceneryobjects\Willshire\Var4\busstopTTC.sco
1188785584
1188785584
-1
Splines\ADDON_SimpleStreets\RQ_9,5_2spur_6,5m_Sidewalk.sli
1047208714
-
-
