Sceneryobjects\ADDON_SimpleStreets\RQ_10,5_Bridge_Connector.sco
1048863212
1048863212
-1
Sceneryobjects\ADDON_SimpleStreets\RQ_10,5_SlowExitRight.sco
1051992870
1051992870
-1
Sceneryobjects\ADDON_SimpleStreets\RQ_9,5_2spur_6,5m_Sidewalk_cross_forbus.sco
1047933485
1047933485
-1
Sceneryobjects\ADDON_SimpleStreets\RQ_9,5_to_10,5.sco
1047933545
1047933545
-1
Sceneryobjects\ADDON_SimpleStreets\RQ_9,5_to_X8.sco
1047933549
1047933549
-1
Sceneryobjects\ADDON_SimpleStreets\RQ_X8m_2spur_8,0m_Sidewalk_junct.sco
1047933618
1047933618
-1
Sceneryobjects\Buildings_MC\bw_70s_02A.sco
1379764572
1379764572
-1
Sceneryobjects\Buildings_MC\bw_hall_grey_1.sco
1379764572
1379764572
-1
Sceneryobjects\Buildings_MC\bw_med_01.sco
1379764572
1379764572
-1
Sceneryobjects\Buildings_MC\bw_med_02.sco
1379764572
1379764572
-1
Sceneryobjects\Buildings_MC\bw_old_10.sco
1379764572
1379764572
-1
Sceneryobjects\Buildings_MC\bw_old_12.sco
1379764572
1379764572
-1
Sceneryobjects\Buildings_MC\tank_2_bp.sco
1379764576
1379764576
-1
Sceneryobjects\DBC_Objects\busstop_hut.sco
1379764665
1379764665
-1
Sceneryobjects\DBC_Objects\DBC_shrubbery_04_20.sco
1379764665
1379764665
-1
Sceneryobjects\DBC_Objects\DBC_Tree_Medium_06.sco
1379764665
1379764665
-1
Sceneryobjects\DBC_Objects\obj_pole_streetside_rear.sco
1379764667
1379764667
-1
Sceneryobjects\Generic\routearrow_L.sco
1379764578
1379764578
-1
Sceneryobjects\Generic\routearrow_R.sco
1379764578
1379764578
-1
Sceneryobjects\Generic\routearrows_busstop.sco
1379764589
1379764589
-1
Sceneryobjects\NewJohnCity\deadend.sco
1227537560
1227537560
-1
Sceneryobjects\NewJohnCity\sign-40kmh.sco
1227537265
1227537265
-1
Sceneryobjects\NewJohnCity\sign-NOEXIT.sco
1227536939
1227536939
-1
Sceneryobjects\Ruede\forest_backdrop01.sco
1379764592
1379764592
-1
Sceneryobjects\Streetobjects_RUE\Gaslight_Whip_M.sco
1379764592
1379764592
-1
Sceneryobjects\Willshire\Var4\busstopTTC.sco
1188785584
1188785584
-1
Splines\ADDON_SimpleStreets\RQ_10,5_1spur.sli
1048346881
-
-
Splines\ADDON_SimpleStreets\RQ_10,5_2spur_7,5m_Bridge.sli
1048138966
-
-
Splines\ADDON_SimpleStreets\RQ_28.sli
1048386508
-
-
Splines\ADDON_SimpleStreets\RQ_9,5_2spur_6,5m_Sidewalk.sli
1047208714
-
-
Splines\Marcel\invis_airway.sli
1379764600
-
-
Splines\Marcel\str_2spur_8m_borkumer1.sli
1379764600
-
-
Splines\Ruede\str_2spur_8m_DDR_Spandauer_Str.sli
1379764602
-
-
Vehicles\DBC_Chicago_Car_2\parked_car2.sco
1379764681
1379764676
-1
Vehicles\DBC_Chicago_Car_3\parked_car3.sco
1379764675
1379764676
-1
