Sceneryobjects\DBC_Objects\obj_att_rod_med.sco
1219467814
1219467814
-1
Sceneryobjects\DBC_Objects\obj_att_rod_stub.sco
1219467802
1219467802
-1
Sceneryobjects\DBC_Objects\obj_streetlight_bend.sco
1219467773
1219467773
-1
Sceneryobjects\DBC_Objects\obj_TL_car3_bar-NEWJOHNCITY.sco
1231329521
1231329521
-1
Sceneryobjects\DBC_Objects\obj_TL_car4L_bar-NEWJOHNCITY.sco
1231326684
1231326684
-1
Sceneryobjects\DBC_Objects\Sign_Street_Med.sco
1219467803
1219467803
-1
Sceneryobjects\Kreuz_MC\Kreuz_Heerstr_Gatower.sco
1219409547
1219409547
-1
Sceneryobjects\Streetobjects_RUE\Gaslight_Whip_M.sco
1219409606
1219409606
-1
Sceneryobjects\Verkehrszeichen_MC\StreetSign_1lg_pole.sco
1219409639
1219409639
-1
Splines\Marcel\Hstr_6spur_Wilhelm3.sli
1219409254
-
-
Splines\Marcel\str_2spur_8m_altonaer1.sli
1219409271
-
-
Splines\Marcel\str_4spur_12,5m_Heerstr4.sli
1219409271
-
-
