Sceneryobjects\ADDON_SimpleStreets\RQ_20n_to_heerstrasse1.sco
1049110132
1049110132
-1
Sceneryobjects\Buildings_MC\buro_02.sco
1379764572
1379764572
-1
Sceneryobjects\Buildings_MC\bw_50s_02.sco
1379764572
1379764572
-1
Sceneryobjects\Buildings_MC\bw_70s_03.sco
1379764572
1379764572
-1
Sceneryobjects\Buildings_MC\oth_elek_1.sco
1379764573
1379764573
-1
Sceneryobjects\Buildings_MC\wohngew_med_02.sco
1379764578
1379764578
-1
Sceneryobjects\DBC_Objects\busstop_hut.sco
1379764665
1379764665
-1
Sceneryobjects\DBC_Objects\DBC_Tree_Medium_06.sco
1379764665
1379764665
-1
Sceneryobjects\DBC_Objects\obj_pole_streetside_rear.sco
1379764667
1379764667
-1
Sceneryobjects\DBC_Objects\obj_streetlight_bend.sco
1379764667
1379764667
-1
Sceneryobjects\Generic\bus_stop.sco
1379764589
1379764589
-1
Sceneryobjects\Generic\routearrows_busstop.sco
1379764589
1379764589
-1
Sceneryobjects\Generic\sound_forest.sco
1379764589
1379764589
-1
Sceneryobjects\NewJohnCity\sign-60kmh.sco
1227536904
1227536904
-1
Sceneryobjects\Willshire\Var4\busstopTTC.sco
1188785584
1188785584
-1
Splines\Marcel\invis_airway.sli
1379764600
-
-
Splines\Marcel\str_4spur_12,5m_Heerstr1.sli
1379764600
-
-
Sceneryobjects\DBC_Objects\obj_streetlight_bend_double.sco
1379764667
1379764667
-1
Sceneryobjects\DBC_Objects\obj_TL_car4L_bar-NEWJOHNCITY.sco
1231326684
1231326684
-1
