Sceneryobjects\ADDON_SimpleStreets\RQ_10,5_to_15,5_Start.sco
1047934185
1047934185
-1
Sceneryobjects\ADDON_SimpleStreets\RQ_15,5_3spur_11,5m_Sidewalk_cross.sco
1048081775
1048081775
-1
Sceneryobjects\ADDON_SimpleStreets\RQ_9,5_to_X8.sco
1047933549
1047933549
-1
Sceneryobjects\ADDON_SimpleStreets\RQ_X11_to_15,5_Start.sco
1047933692
1047933692
-1
Sceneryobjects\ADDON_SimpleStreets\RQ_X11m_to_X13_Omnibushof.sco
1047933705
1047933705
-1
Sceneryobjects\ADDON_SimpleStreets\RQ_X8m_to_15,5_Start.sco
1047933680
1047933680
-1
Sceneryobjects\ADDON_SimpleStreets\yellow_blink.sco
1048341143
1048341143
-1
Sceneryobjects\Buildings_MC\bw_hoch_14.sco
1379764572
1379764572
-1
Sceneryobjects\Buildings_MC\bw_med_01.sco
1379764572
1379764572
-1
Sceneryobjects\Buildings_MC\bw_med_02.sco
1379764572
1379764572
-1
Sceneryobjects\Buildings_MC\bw_polizei02.sco
1379764572
1379764572
-1
Sceneryobjects\Buildings_RUE\Haus01a.sco
1379764599
1379764599
-1
Sceneryobjects\Buildings_RUE\Haus01b.sco
1379764578
1379764578
-1
Sceneryobjects\Buildings_RUE\Haus01c.sco
1379764588
1379764588
-1
Sceneryobjects\Buildings_RUE\Haus01c2.sco
1379764578
1379764578
-1
Sceneryobjects\Buildings_RUE\Haus01d.sco
1379764578
1379764578
-1
Sceneryobjects\Buildings_RUE\Haus01e.sco
1379764578
1379764578
-1
Sceneryobjects\Buildings_RUE\Haus01f.sco
1379764578
1379764578
-1
Sceneryobjects\Buildings_RUE\Haus02a.sco
1379764578
1379764578
-1
Sceneryobjects\Buildings_RUE\Haus02b.sco
1379764578
1379764578
-1
Sceneryobjects\Buildings_RUE\Haus02d.sco
1379764599
1379764599
-1
Sceneryobjects\Buildings_RUE\Haus02e.sco
1379764578
1379764578
-1
Sceneryobjects\Buildings_RUE\Haus02f.sco
1379764578
1379764578
-1
Sceneryobjects\Buildings_RUE\Haus03a.sco
1379764578
1379764578
-1
Sceneryobjects\Buildings_RUE\Haus03b.sco
1379764578
1379764578
-1
Sceneryobjects\Buildings_RUE\Haus03c.sco
1379764578
1379764578
-1
Sceneryobjects\Buildings_RUE\Haus03c2.sco
1379764578
1379764578
-1
Sceneryobjects\Buildings_RUE\Haus03d.sco
1379764578
1379764578
-1
Sceneryobjects\Buildings_RUE\Haus03e.sco
1379764578
1379764578
-1
Sceneryobjects\DBC_Objects\DBC_Tree_Medium_06.sco
1379764665
1379764665
-1
Sceneryobjects\DBC_Objects\NEWJOHNCITY_busstop_hut.sco
1227532909
1227532909
-1
Sceneryobjects\DBC_Objects\obj_att_rod_med.sco
1379764667
1379764667
-1
Sceneryobjects\DBC_Objects\obj_pole_large.sco
1379764667
1379764667
-1
Sceneryobjects\DBC_Objects\obj_pole_med.sco
1379764667
1379764667
-1
Sceneryobjects\DBC_Objects\obj_pole_streetside_rear.sco
1379764667
1379764667
-1
Sceneryobjects\DBC_Objects\obj_streetlight_bend.sco
1379764667
1379764667
-1
Sceneryobjects\DBC_Objects\obj_TL_car3_bar.sco
1379764667
1379764667
-1
Sceneryobjects\DBC_Objects\obj_TL_car4L_pole.sco
1379764667
1379764667
-1
Sceneryobjects\DBC_Objects\obj_TL_ped_rear.sco
1379764667
1379764667
-1
Sceneryobjects\DBC_Objects\obj_TL_ped_side.sco
1379764667
1379764667
-1
Sceneryobjects\Generic\bus_stop.sco
1379764589
1379764589
-1
Sceneryobjects\Generic\people_standing_small.sco
1379764578
1379764578
-1
Sceneryobjects\Generic\routearrow_dn.sco
1379764589
1379764589
-1
Sceneryobjects\Generic\routearrow_L.sco
1379764578
1379764578
-1
Sceneryobjects\Generic\routearrow_R.sco
1379764578
1379764578
-1
Sceneryobjects\Generic\routearrows_busstop.sco
1379764589
1379764589
-1
Sceneryobjects\NewJohnCity\sign-40kmh.sco
1227537265
1227537265
-1
Sceneryobjects\Willshire\busstops\busstop.sco
1279376314
1279376314
-1
Sceneryobjects\Willshire\Var3\busstopTTC.sco
1188785584
1188785584
-1
Splines\ADDON_SimpleStreets\RQ_10,5_2spur_7,5m_Sidewalk.sli
1047297148
-
-
Splines\ADDON_SimpleStreets\RQ_15,5_2spur_11,5m_Sidewalk.sli
1047606069
-
-
Splines\ADDON_SimpleStreets\RQ_9,5_2spur_6,5m_Sidewalk.sli
1047208714
-
-
Splines\Ruede\rail_wood_S49_tunnel.sli
1379764602
-
-
Sceneryobjects\NewJohnCity\helper-routearrow_dn.sco
1249094848
1249094848
-1
Sceneryobjects\NewJohnCity\helper-routearrow_L.sco
1249094849
1249094849
-1
