Sceneryobjects\ADDON_SimpleStreets\RQ_10,5_to_15,5_End.sco
1047933561
1047933561
-1
Sceneryobjects\ADDON_SimpleStreets\RQ_15,5_3spur_11,5m_2lane.sco
1112613324
1112613324
-1
Sceneryobjects\ADDON_SimpleStreets\RQ_15,5_3spur_11,5m_Bus1laneEndCobble.sco
1112613270
1112613270
-1
Sceneryobjects\ADDON_SimpleStreets\RQ_15,5_3spur_11,5m_Bus1laneStartCobble.sco
1112613257
1112613257
-1
Sceneryobjects\ADDON_SimpleStreets\RQ_9,5_2spur_6,5m_Sidewalk_cross_forbus.sco
1047933485
1047933485
-1
Sceneryobjects\ADDON_SimpleStreets\RQ_9,5_2spur_6,5m_Sidewalk_junct_forbus.sco
1047933507
1047933507
-1
Sceneryobjects\ADDON_SimpleStreets\RQ_9,5_to_10,5.sco
1047933545
1047933545
-1
Sceneryobjects\Buildings_MC\bw_50s_07.sco
1379764572
1379764572
-1
Sceneryobjects\Buildings_MC\bw_50s_22.sco
1379764572
1379764572
-1
Sceneryobjects\Buildings_MC\bw_50s_23.sco
1379764572
1379764572
-1
Sceneryobjects\Buildings_MC\bw_60s_03.sco
1379764572
1379764572
-1
Sceneryobjects\Buildings_MC\BW_Gart_A.sco
1379764572
1379764572
-1
Sceneryobjects\Buildings_MC\BW_Gart_B.sco
1379764572
1379764572
-1
Sceneryobjects\Buildings_MC\BW_Gart_C.sco
1379764572
1379764572
-1
Sceneryobjects\Buildings_MC\wohn_smrow_01.sco
1379764578
1379764578
-1
Sceneryobjects\DBC_Objects\busstop_hut.sco
1379764665
1379764665
-1
Sceneryobjects\DBC_Objects\DBC_routehelper_sight.sco
1379764665
1379764665
-1
Sceneryobjects\DBC_Objects\DBC_shrubbery_01_05.sco
1379764665
1379764665
-1
Sceneryobjects\DBC_Objects\DBC_shrubbery_01_10.sco
1379764665
1379764665
-1
Sceneryobjects\DBC_Objects\DBC_Tree_Medium_05.sco
1379764665
1379764665
-1
Sceneryobjects\DBC_Objects\DBC_Tree_Medium_06.sco
1379764665
1379764665
-1
Sceneryobjects\DBC_Objects\DBC_Tree_Small_06.sco
1379764665
1379764665
-1
Sceneryobjects\DBC_Objects\DBC_Tree_Small_07.sco
1379764665
1379764665
-1
Sceneryobjects\DBC_Objects\DBC_Tree_Small_08.sco
1379764665
1379764665
-1
Sceneryobjects\DBC_Objects\navy_barrier.sco
1379764667
1379764667
-1
Sceneryobjects\DBC_Objects\obj_container_1.sco
1379764667
1379764667
-1
Sceneryobjects\DBC_Objects\obj_container_2.sco
1379764667
1379764667
-1
Sceneryobjects\DBC_Objects\obj_mailbox_blue.sco
1379764667
1379764667
-1
Sceneryobjects\DBC_Objects\obj_pole_streetside_rear.sco
1379764667
1379764667
-1
Sceneryobjects\DBC_Objects\obj_pole_streetsign_side.sco
1379764667
1379764667
-1
Sceneryobjects\DBC_Objects\obj_streetlight_single.sco
1379764667
1379764667
-1
Sceneryobjects\DBC_Objects\obj_trashbin.sco
1379764667
1379764667
-1
Sceneryobjects\DBC_Objects\Sign_Street_MPH30.sco
1379764668
1379764668
-1
Sceneryobjects\DBC_Objects\Sign_Street_TowZone.sco
1379764668
1379764668
-1
Sceneryobjects\Generic\bus_stop.sco
1379764589
1379764589
-1
Sceneryobjects\Generic\car_park.sco
1379764578
1379764578
-1
Sceneryobjects\Generic\entrypoint_bus.sco
1379764600
1379764600
-1
Sceneryobjects\Generic\people_standing_small.sco
1379764578
1379764578
-1
Sceneryobjects\Generic\routearrow_dn.sco
1379764589
1379764589
-1
Sceneryobjects\Generic\routearrow_L.sco
1219409541
1219409541
-1
Sceneryobjects\Generic\routearrow_R.sco
1379764578
1379764578
-1
Sceneryobjects\Generic\routearrows_busstop.sco
1379764589
1379764589
-1
Sceneryobjects\NewJohnCity\sign-60kmh.sco
1227536904
1227536904
-1
Sceneryobjects\Streetobjects_MC\rw_heap_1.sco
1379764592
1379764592
-1
Sceneryobjects\Willshire\Var2\busstopTTC.sco
1188785583
1188785583
-1
Splines\ADDON_SimpleStreets\RQ_10,5_2spur_7,5m.sli
1048128548
-
-
Splines\ADDON_SimpleStreets\RQ_10,5_2spur_7,5m_Sidewalk.sli
1047297148
-
-
Splines\ADDON_SimpleStreets\RQ_15,5_2spur_11,5m_Sidewalk_Bus1lane_Cobble.sli
1112611627
-
-
Splines\ADDON_SimpleStreets\RQ_9,5_2spur_6,5m_Sidewalk.sli
1047208714
-
-
Sceneryobjects\NewJohnCity\helper-routearrow_L.sco
1249094849
1249094849
-1
Sceneryobjects\NewJohnCity\helper-routearrow_R.sco
1249094850
1249094850
-1
