Sceneryobjects\ADDON_SimpleStreets\RQ_20n_to_28.sco
1049109966
1049109966
-1
Sceneryobjects\ADDON_SimpleStreets\RQ_20n_to_heerstrasse4.sco
1049108811
1049108811
-1
Sceneryobjects\Buildings_MC\bw_70s_01D.sco
1379764572
1379764572
-1
Sceneryobjects\Buildings_MC\bw_hoch_03.sco
1379764572
1379764572
-1
Sceneryobjects\Buildings_MC\hoch_01.sco
1379764580
1379764580
-1
Sceneryobjects\Generic\entrypoint_bus.sco
1379764600
1379764600
-1
Sceneryobjects\Generic\routearrow_R.sco
1379764578
1379764578
-1
Sceneryobjects\Kreuz_MC\Checkpoint_Heer_West_1.sco
1379764578
1379764578
-1
Sceneryobjects\Streetobjects_RUE\LBL-Tropfen_5.sco
1379764608
1379764608
-1
Splines\Marcel\invis_airway.sli
1379764600
-
-
Splines\Marcel\str_4spur_Heerstr2.sli
1379764600
-
-
