Sceneryobjects\ADDON_SimpleStreets\RQ_10,5_Bridge_Connector.sco
1048863212
1048863212
-1
Sceneryobjects\ADDON_SimpleStreets\RQ_10,5_Exit.sco
1048347938
1048347938
-1
Sceneryobjects\ADDON_SimpleStreets\RQ_10,5_SingleSplitter1to2.sco
1051994459
1051994459
-1
Sceneryobjects\ADDON_SimpleStreets\RQ_10,5_SingleSplitter2to1.sco
1051994484
1051994484
-1
Sceneryobjects\ADDON_SimpleStreets\RQ_10,5_SlowEntryLeft.sco
1051992993
1051992993
-1
Sceneryobjects\ADDON_SimpleStreets\RQ_10,5_SlowEntryRight.sco
1051992984
1051992984
-1
Sceneryobjects\ADDON_SimpleStreets\RQ_10,5_SlowExitLeft.sco
1051993714
1051993714
-1
Sceneryobjects\Buildings_MC\bw_business_01.sco
1379764572
1379764572
-1
Sceneryobjects\Buildings_MC\bw_polizei02.sco
1379764572
1379764572
-1
Sceneryobjects\Buildings_MC\bw_rathspd.sco
1379764585
1379764585
-1
Sceneryobjects\DBC_Objects\DBC_Tree_Medium_05.sco
1379764665
1379764665
-1
Sceneryobjects\DBC_Objects\DBC_Tree_Medium_06.sco
1379764665
1379764665
-1
Sceneryobjects\DBC_Objects\obj_pole_streetside_rear.sco
1379764667
1379764667
-1
Sceneryobjects\DBC_Objects\Sign_Street_Yield.sco
1379764668
1379764668
-1
Sceneryobjects\DBC_Objects\soundcube_traffic.sco
1379764668
1379764668
-1
Sceneryobjects\DBC_Objects\wack_adam_madi.sco
1379764674
1379764674
-1
Sceneryobjects\Generic\routearrow_dn.sco
1379764589
1379764589
-1
Sceneryobjects\Generic\routearrow_L.sco
1219409541
1219409541
-1
Sceneryobjects\Generic\routearrow_R.sco
1219409178
1219409178
-1
Sceneryobjects\NewJohnCity\sign-60kmh.sco
1227536904
1227536904
-1
Sceneryobjects\Streetobjects_RUE\LBL-Brikett.sco
1379764592
1379764592
-1
Sceneryobjects\Streetobjects_RUE\LBL-Brikett_wood.sco
1379764592
1379764592
-1
Sceneryobjects\Streetobjects_RUE\neonlight_L_whip_L.sco
1379764593
1379764593
-1
Sceneryobjects\Willshire\Var1\Richtungstafel.sco
1188785582
1188785582
-1
Splines\ADDON_SimpleStreets\RQ_10,5_1spur.sli
1048346881
-
-
Splines\ADDON_SimpleStreets\RQ_10,5_2spur_7,5m.sli
1048128548
-
-
Splines\ADDON_SimpleStreets\RQ_10,5_2spur_7,5m_Bridge.sli
1048138966
-
-
Sceneryobjects\NewJohnCity\helper-routearrow_dn.sco
1249094848
1249094848
-1
