Sceneryobjects\ADDON_SimpleStreets\RQ_9,5_2spur_6,5m_Sidewalk_busstop_double.sco
1047933469
1047933469
-1
Sceneryobjects\ADDON_SimpleStreets\RQ_9,5_2spur_6,5m_Sidewalk_cross_nobus3.sco
1047933496
1047933496
-1
Sceneryobjects\ADDON_SimpleStreets\RQ_9,5_to_10,5.sco
1047933545
1047933545
-1
Sceneryobjects\ADDON_SimpleStreets\RQ_9,5_to_X8.sco
1047933549
1047933549
-1
Sceneryobjects\DBC_Objects\obj_pole_streetside_rear.sco
1379764667
1379764667
-1
Sceneryobjects\DBC_Objects\Sign_Street_StopAW.sco
1379764668
1379764668
-1
Sceneryobjects\Generic\bus_stop.sco
1379764589
1379764589
-1
Sceneryobjects\Generic\people_standing_small.sco
1379764578
1379764578
-1
Sceneryobjects\Generic\routearrows_busstop.sco
1379764589
1379764589
-1
Sceneryobjects\Willshire\busstops\busstop.sco
1279376314
1279376314
-1
Sceneryobjects\Willshire\Var1\busstopTTC.sco
1188785582
1188785582
-1
Splines\ADDON_SimpleStreets\RQ_10,5_2spur_7,5m_Sidewalk.sli
1047297148
-
-
Splines\ADDON_SimpleStreets\RQ_9,5_2spur_6,5m_Sidewalk.sli
1047208714
-
-
Splines\ADDON_SimpleStreets\RQ_X_2spur_Altonaer_8m.sli
1047608349
-
-
