Sceneryobjects\ADDON_SimpleStreets\RQ_10,5_SingleSplitter1to2.sco
1051994459
1051994459
-1
Sceneryobjects\ADDON_SimpleStreets\RQ_28_Bridge_Connector.sco
1049457309
1049457309
-1
Sceneryobjects\ADDON_SimpleStreets\RQ_28_Entry_Start.sco
1048927977
1048927977
-1
Sceneryobjects\ADDON_SimpleStreets\RQ_28_EntryExit_Straight.sco
1048928019
1048928019
-1
Sceneryobjects\ADDON_SimpleStreets\RQ_28_EntryExit_Straight_Lane.sco
1048928048
1048928048
-1
Sceneryobjects\ADDON_SimpleStreets\RQ_28_Exit_End.sco
1048928088
1048928088
-1
Sceneryobjects\ADDON_SimpleStreets\RQ_28_From_36.sco
1049832582
1049832582
-1
Sceneryobjects\ADDON_SimpleStreets\RQ_28_To_36.sco
1049832526
1049832526
-1
Sceneryobjects\Generic\routearrow_dn.sco
1379764589
1379764589
-1
Sceneryobjects\Streetobjects_RUE\sodiumlight_2L_break_L.sco
1379764593
1379764593
-1
Splines\ADDON_SimpleStreets\RQ_10,5_1spur.sli
1048346881
-
-
Splines\ADDON_SimpleStreets\RQ_36.sli
1049830134
-
-
Splines\Marcel\invis_airway.sli
1379764600
-
-
