Sceneryobjects\ADDON_SimpleStreets\RQ_10,5_Bridge_Connector.sco
1048863212
1048863212
-1
Sceneryobjects\ADDON_SimpleStreets\RQ_10,5_Busstop_Double.sco
1047944879
1047944879
-1
Sceneryobjects\ADDON_SimpleStreets\RQ_10,5_SingleSplitter1to2.sco
1051994459
1051994459
-1
Sceneryobjects\ADDON_SimpleStreets\RQ_10,5_SingleSplitter2to1.sco
1051994484
1051994484
-1
Sceneryobjects\ADDON_SimpleStreets\RQ_10,5_SlowEntryLeft.sco
1051992993
1051992993
-1
Sceneryobjects\ADDON_SimpleStreets\RQ_10,5_SlowEntryRight.sco
1051992984
1051992984
-1
Sceneryobjects\ADDON_SimpleStreets\RQ_10,5_SlowExitLeft.sco
1051993714
1051993714
-1
Sceneryobjects\ADDON_SimpleStreets\RQ_10,5_SlowExitRight.sco
1051992870
1051992870
-1
Sceneryobjects\DBC_Objects\DBC_Tree_Medium_05.sco
1379764665
1379764665
-1
Sceneryobjects\DBC_Objects\DBC_Tree_Medium_06.sco
1379764665
1379764665
-1
Sceneryobjects\DBC_Objects\obj_pole_streetside_rear.sco
1379764667
1379764667
-1
Sceneryobjects\DBC_Objects\obj_streetlight_bend_double.sco
1379764667
1379764667
-1
Sceneryobjects\DBC_Objects\obj_streetlight_single.sco
1379764667
1379764667
-1
Sceneryobjects\Generic\routearrow_dn.sco
1379764589
1379764589
-1
Sceneryobjects\Generic\routearrow_L.sco
1379764578
1379764578
-1
Sceneryobjects\Generic\routearrow_R.sco
1219409178
1219409178
-1
Sceneryobjects\NewJohnCity\sign-60kmh.sco
1227536904
1227536904
-1
Sceneryobjects\Streetobjects_MC\strlt_gwg_70s_1.sco
1379764592
1379764592
-1
Sceneryobjects\Streetobjects_RUE\LBL-Brikett.sco
1379764592
1379764592
-1
Sceneryobjects\Streetobjects_RUE\LBL-Tropfen_5.sco
1379764608
1379764608
-1
Sceneryobjects\Trees_MC\fir_medium_02.sco
1379764608
1379764608
-1
Splines\ADDON_SimpleStreets\RQ_10,5_1spur.sli
1048346881
-
-
Splines\ADDON_SimpleStreets\RQ_10,5_2spur_7,5m_Bridge.sli
1048138966
-
-
Splines\ADDON_SimpleStreets\RQ_28.sli
1048386508
-
-
Sceneryobjects\NewJohnCity\helper-routearrow_dn.sco
1249094848
1249094848
-1
Sceneryobjects\NewJohnCity\helper-routearrow_L.sco
1249094849
1249094849
-1
Sceneryobjects\NewJohnCity\helper-routearrow_R.sco
1249094850
1249094850
-1
