Sceneryobjects\ADDON_SimpleStreets\RQ_10,5_Bridge_Connector.sco
1048863212
1048863212
-1
Sceneryobjects\ADDON_SimpleStreets\RQ_10,5_Busstop_Double.sco
1047944879
1047944879
-1
Sceneryobjects\ADDON_SimpleStreets\RQ_10,5_Entry.sco
1048347805
1048347805
-1
Sceneryobjects\ADDON_SimpleStreets\RQ_10,5_SlowExitRight.sco
1051992870
1051992870
-1
Sceneryobjects\DBC_Objects\NEWJOHNCITY_busstop_hut.sco
1227532909
1227532909
-1
Sceneryobjects\Generic\bus_stop.sco
1379764589
1379764589
-1
Sceneryobjects\Streetobjects_RUE\neonlight_S_bend_S.sco
1379764608
1379764608
-1
Sceneryobjects\Willshire\Var4\busstopTTC.sco
1188785584
1188785584
-1
Splines\ADDON_SimpleStreets\RQ_10,5_1spur.sli
1048346881
-
-
Splines\ADDON_SimpleStreets\RQ_10,5_2spur_7,5m.sli
1048128548
-
-
