Sceneryobjects\ADDON_SimpleStreets\RQ_28_Bridge_Connector.sco
1049457309
1049457309
-1
Sceneryobjects\ADDON_SimpleStreets\RQ_28_EntryExit_Straight_Lane.sco
1048928048
1048928048
-1
Sceneryobjects\ADDON_SimpleStreets\RQ_28_Exit_End.sco
1048928088
1048928088
-1
Sceneryobjects\ADDON_SimpleStreets\RQ_28_From_36.sco
1049832582
1049832582
-1
Sceneryobjects\ADDON_SimpleStreets\RQ_36_Entry_End.sco
1049832784
1049832784
-1
Sceneryobjects\ADDON_SimpleStreets\RQ_36_Entry_Start_Double.sco
1049832942
1049832942
-1
Sceneryobjects\DBC_Objects\obj_streetlight_bend_double.sco
1379764667
1379764667
-1
Splines\ADDON_SimpleStreets\RQ_10,5_1spur.sli
1048346881
-
-
Splines\ADDON_SimpleStreets\RQ_10,5_2spur_7,5m_Oneway.sli
1049455949
-
-
Splines\ADDON_SimpleStreets\RQ_28.sli
1048386508
-
-
Splines\ADDON_SimpleStreets\RQ_28_Bridge.sli
1049453741
-
-
Splines\Marcel\invis_airway.sli
1379764600
-
-
