Sceneryobjects\ADDON_SimpleStreets\RQ_10,5_to_15,5_End.sco
1047933561
1047933561
-1
Sceneryobjects\ADDON_SimpleStreets\RQ_10,5_to_15,5_Start.sco
1047934185
1047934185
-1
Sceneryobjects\ADDON_SimpleStreets\RQ_15,5_3spur_11,5m_2lane.sco
1112613324
1112613324
-1
Sceneryobjects\ADDON_SimpleStreets\RQ_15,5_3spur_11,5m_Bus1laneEndCobble.sco
1112613270
1112613270
-1
Sceneryobjects\ADDON_SimpleStreets\RQ_15,5_3spur_11,5m_Bus1laneStartCobble.sco
1112613257
1112613257
-1
Sceneryobjects\Buildings_MC\bw_70s_04A.sco
1379764572
1379764572
-1
Sceneryobjects\Buildings_MC\bw_busn_sm_01.sco
1379764585
1379764585
-1
Sceneryobjects\Buildings_MC\bw_hall_grey_1.sco
1379764572
1379764572
-1
Sceneryobjects\Buildings_MC\bw_hoch_10B.sco
1379764572
1379764572
-1
Sceneryobjects\Buildings_MC\bw_hoch_18.sco
1379764585
1379764585
-1
Sceneryobjects\Buildings_MC\bw_hoch_19.sco
1379764572
1379764572
-1
Sceneryobjects\Buildings_MC\bw_hoch_23B.sco
1379764572
1379764572
-1
Sceneryobjects\Buildings_MC\bw_ikea_1.sco
1379764572
1379764572
-1
Sceneryobjects\Buildings_MC\bw_ladengeschaeft_01.sco
1379764572
1379764572
-1
Sceneryobjects\Buildings_MC\bw_ladengeschaeft_02.sco
1379764572
1379764572
-1
Sceneryobjects\Buildings_MC\bw_supermarkt_1.sco
1379764572
1379764572
-1
Sceneryobjects\Buildings_MC\oth_elek_1.sco
1379764573
1379764573
-1
Sceneryobjects\Buildings_MC\oth_greenh_6x6x50.sco
1379764573
1379764573
-1
Sceneryobjects\Buildings_MC\wohn_02.sco
1379764578
1379764578
-1
Sceneryobjects\Buildings_MC\wohn_smrow_01.sco
1379764578
1379764578
-1
Sceneryobjects\Buildings_MC\wohngew_med_01.sco
1379764577
1379764577
-1
Sceneryobjects\Buildings_MC\wohngew_med_02.sco
1379764578
1379764578
-1
Sceneryobjects\DBC_Objects\busstop_hut.sco
1379764665
1379764665
-1
Sceneryobjects\DBC_Objects\DBC_Tree_Medium_06.sco
1379764665
1379764665
-1
Sceneryobjects\DBC_Objects\LOD_019.sco
1379764665
1379764665
-1
Sceneryobjects\DBC_Objects\obj_pole_streetside_rear.sco
1379764667
1379764667
-1
Sceneryobjects\DBC_Objects\Sign_Street_TowBus.sco
1379764668
1379764668
-1
Sceneryobjects\Generic\bus_stop.sco
1379764589
1379764589
-1
Sceneryobjects\Generic\car_park.sco
1379764578
1379764578
-1
Sceneryobjects\Generic\entrypoint_bus.sco
1379764600
1379764600
-1
Sceneryobjects\Generic\people_standing_small.sco
1379764578
1379764578
-1
Sceneryobjects\Generic\routearrow_dn.sco
1379764589
1379764589
-1
Sceneryobjects\Generic\routearrows_busstop.sco
1379764589
1379764589
-1
Sceneryobjects\Streetobjects_RUE\Gaslight_Stresow.sco
1379764592
1379764592
-1
Sceneryobjects\Willshire\busstops\busstop.sco
1279376314
1279376314
-1
Sceneryobjects\Willshire\Special\city_cube.sco
1188785581
1188785581
-1
Sceneryobjects\Willshire\Special\park_cube.sco
1188785581
1188785581
-1
Sceneryobjects\Willshire\Var1\busstopTTC.sco
1188785582
1188785582
-1
Sceneryobjects\Willshire\Var1\noparking.sco
1188785582
1188785582
-1
Sceneryobjects\Willshire\Var1\Richtungstafel.sco
1188785582
1188785582
-1
Sceneryobjects\Willshire\Var2\busstopTTC.sco
1188785583
1188785583
-1
Splines\ADDON_SimpleStreets\RQ_15,5_2spur_11,5m_Sidewalk_Bus1lane_Cobble.sli
1112611627
-
-
Vehicles\DBC_Chicago_Citybus\DBC_Citybus_40LF_parked.sco
1219409976
1219410067
-1
