Sceneryobjects\ADDON_SimpleStreets\RQ_28_Bridge_EntryExit_Connector.sco
1049455334
1049455334
-1
Sceneryobjects\ADDON_SimpleStreets\RQ_28_From_36.sco
1049830534
1049830534
-1
Sceneryobjects\ADDON_SimpleStreets\RQ_28_To_36.sco
1049830478
1049830478
-1
Sceneryobjects\ADDON_SimpleStreets\RQ_36_Entry_End.sco
1049830736
1049830736
-1
Sceneryobjects\ADDON_SimpleStreets\RQ_36_Entry_Start_Double.sco
1049830894
1049830894
-1
Sceneryobjects\ADDON_SimpleStreets\RQ_36_EntryExit_Straight.sco
1049831017
1049831017
-1
Sceneryobjects\ADDON_SimpleStreets\RQ_36_Exit_End_Double.sco
1049831175
1049831175
-1
Sceneryobjects\ADDON_SimpleStreets\RQ_36_Exit_Start.sco
1049830806
1049830806
-1
Sceneryobjects\DBC_Objects\DBC_Tree_Small_08.sco
1379762617
1379762617
-1
Sceneryobjects\DBC_Objects\fireworks_navypier.sco
1379762617
1379762617
-1
Sceneryobjects\DBC_Objects\obj_lightstand.sco
1379762619
1379762619
-1
Sceneryobjects\DBC_Objects\obj_pole_streetside_rear.sco
1379762619
1379762619
-1
Sceneryobjects\DBC_Objects\obj_streetlight_bend_double.sco
1379762619
1379762619
-1
Sceneryobjects\Generic\bus_stop.sco
1379762541
1379762541
-1
Sceneryobjects\NewJohnCity\sign-100kmh.sco
1227534860
1227534860
-1
Splines\ADDON_SimpleStreets\RQ_20_4_spur_15m_Sidewalk.sli
1048860901
-
-
Splines\ADDON_SimpleStreets\RQ_28_EntryExit_Both_Bridge.sli
1049451034
-
-
Splines\ADDON_SimpleStreets\RQ_36.sli
1049828086
-
-
