Sceneryobjects\ADDON_SimpleStreets\RQ_28_Bridge_EntryExit_Connector.sco
1049457382
1049457382
-1
Sceneryobjects\ADDON_SimpleStreets\RQ_28_From_36.sco
1049832582
1049832582
-1
Sceneryobjects\ADDON_SimpleStreets\RQ_28_To_36.sco
1049832526
1049832526
-1
Sceneryobjects\ADDON_SimpleStreets\RQ_36_Entry_End.sco
1049832784
1049832784
-1
Sceneryobjects\ADDON_SimpleStreets\RQ_36_Exit_Start.sco
1049832854
1049832854
-1
Sceneryobjects\ADDON_SimpleStreets\RQ_X8m_2spur_8,0m_Sidewalk_gabel.sco
1047933607
1047933607
-1
Sceneryobjects\DBC_Objects\DBC_Tree_Medium_06.sco
1379764665
1379764665
-1
Sceneryobjects\DBC_Objects\DBC_Tree_Small_07.sco
1379764665
1379764665
-1
Sceneryobjects\DBC_Objects\fireworks_navypier.sco
1379764665
1379764665
-1
Sceneryobjects\DBC_Objects\obj_pole_streetside_rear.sco
1379764667
1379764667
-1
Sceneryobjects\DBC_Objects\obj_streetlight_bend_double.sco
1379764667
1379764667
-1
Sceneryobjects\NewJohnCity\sign-100kmh.sco
1227536908
1227536908
-1
Splines\ADDON_SimpleStreets\RQ_28_EntryExit_Both_Bridge.sli
1049453082
-
-
Splines\ADDON_SimpleStreets\RQ_X_2spur_Altonaer_8m.sli
1047608349
-
-
