Sceneryobjects\ADDON_SimpleStreets\RQ_28_Bridge_EntryExit_Connector.sco
1049455334
1049455334
-1
Sceneryobjects\ADDON_SimpleStreets\RQ_28_EntryExit_Straight.sco
1048925971
1048925971
-1
Sceneryobjects\ADDON_SimpleStreets\RQ_28_EntryExit_Straight_Lane.sco
1048926000
1048926000
-1
Sceneryobjects\ADDON_SimpleStreets\RQ_28_Exit_End.sco
1048926040
1048926040
-1
Sceneryobjects\ADDON_SimpleStreets\RQ_28_Exit_Start.sco
1048926240
1048926240
-1
Sceneryobjects\Generic\routearrow_R.sco
1379762530
1379762530
-1
Sceneryobjects\Streetobjects_RUE\LBL-Tropfen_5.sco
1379762560
1379762560
-1
Splines\ADDON_SimpleStreets\RQ_10,5_1spur.sli
1048344833
-
-
Splines\ADDON_SimpleStreets\RQ_28.sli
1048384460
-
-
