Sceneryobjects\ADDON_SimpleStreets\RQ_15,5_3spur_11,5m_2lane.sco
1112613324
1112613324
-1
Sceneryobjects\ADDON_SimpleStreets\RQ_15,5_3spur_11,5m_Bus1laneEndCobble.sco
1112613270
1112613270
-1
Sceneryobjects\ADDON_SimpleStreets\RQ_15,5_3spur_11,5m_Bus1laneStartCobble.sco
1112613257
1112613257
-1
Sceneryobjects\ADDON_SimpleStreets\RQ_9,5_to_10,5.sco
1047933545
1047933545
-1
Sceneryobjects\ADDON_SimpleStreets\RQ_X11_to_15,5_Start.sco
1047933692
1047933692
-1
Sceneryobjects\ADDON_SimpleStreets\RQ_X8m_2spur_8,0m_Sidewalk_cross.sco
1047933604
1047933604
-1
Sceneryobjects\ADDON_SimpleStreets\RQ_X8m_to_15,5_End.sco
1047933673
1047933673
-1
Sceneryobjects\ADDON_SimpleStreets\RQ_X8m_to_15,5_Start.sco
1047933680
1047933680
-1
Sceneryobjects\Buildings_MC\bw_50s_01.sco
1379764572
1379764572
-1
Sceneryobjects\Buildings_MC\bw_50s_04.sco
1379764572
1379764572
-1
Sceneryobjects\Buildings_MC\bw_60s_03.sco
1379764572
1379764572
-1
Sceneryobjects\Buildings_MC\bw_70s_01D.sco
1379764572
1379764572
-1
Sceneryobjects\Buildings_MC\bw_70s_02A.sco
1379764572
1379764572
-1
Sceneryobjects\Buildings_MC\bw_hoch_12.sco
1379764572
1379764572
-1
Sceneryobjects\Buildings_MC\bw_hoch_18.sco
1379764585
1379764585
-1
Sceneryobjects\Buildings_MC\wohn_02.sco
1379764578
1379764578
-1
Sceneryobjects\Buildings_RUE\Haus01e.sco
1379764578
1379764578
-1
Sceneryobjects\Buildings_RUE\Haus03b.sco
1379764578
1379764578
-1
Sceneryobjects\Buildings_RUE\Haus03c.sco
1379764578
1379764578
-1
Sceneryobjects\DBC_Objects\busstop_hut.sco
1379764665
1379764665
-1
Sceneryobjects\DBC_Objects\DBC_shrubbery_01_20.sco
1379764665
1379764665
-1
Sceneryobjects\DBC_Objects\DBC_shrubbery_03_10.sco
1379764665
1379764665
-1
Sceneryobjects\DBC_Objects\DBC_shrubbery_03_20.sco
1379764665
1379764665
-1
Sceneryobjects\DBC_Objects\DBC_shrubbery_04_10.sco
1379764665
1379764665
-1
Sceneryobjects\DBC_Objects\DBC_shrubbery_04_20.sco
1379764665
1379764665
-1
Sceneryobjects\DBC_Objects\DBC_Tree_Medium_06.sco
1379764665
1379764665
-1
Sceneryobjects\DBC_Objects\fireworks_museum.sco
1379764665
1379764665
-1
Sceneryobjects\DBC_Objects\navy_transitinfo.sco
1379764667
1379764667
-1
Sceneryobjects\DBC_Objects\NEWJOHNCITY_busstop_hut.sco
1227532909
1227532909
-1
Sceneryobjects\DBC_Objects\obj_att_rod_med.sco
1379764667
1379764667
-1
Sceneryobjects\DBC_Objects\obj_att_rod_short.sco
1379764667
1379764667
-1
Sceneryobjects\DBC_Objects\obj_att_rod_stub.sco
1379764667
1379764667
-1
Sceneryobjects\DBC_Objects\obj_pole_large.sco
1379764667
1379764667
-1
Sceneryobjects\DBC_Objects\obj_pole_med.sco
1379764667
1379764667
-1
Sceneryobjects\DBC_Objects\obj_pole_streetside_rear.sco
1379764667
1379764667
-1
Sceneryobjects\DBC_Objects\obj_pole_streetsign_side.sco
1379764667
1379764667
-1
Sceneryobjects\DBC_Objects\obj_streetlight_bend.sco
1379764667
1379764667
-1
Sceneryobjects\DBC_Objects\obj_TL_car3_bar.sco
1379764667
1379764667
-1
Sceneryobjects\DBC_Objects\obj_TL_car3_bar-NEWJOHNCITY.sco
1231329521
1231329521
-1
Sceneryobjects\DBC_Objects\obj_TL_car4L_bar-NEWJOHNCITY.sco
1231326684
1231326684
-1
Sceneryobjects\DBC_Objects\obj_TL_ped_rear.sco
1379764667
1379764667
-1
Sceneryobjects\DBC_Objects\obj_TL_ped_side.sco
1379764667
1379764667
-1
Sceneryobjects\DBC_Objects\Sign_Street_DoNotEnterCTA.sco
1379764667
1379764667
-1
Sceneryobjects\DBC_Objects\Sign_Street_Med.sco
1379764667
1379764667
-1
Sceneryobjects\DBC_Objects\Sign_Street_NoRedTurn.sco
1379764668
1379764668
-1
Sceneryobjects\DBC_Objects\Sign_Street_NoTurnL.sco
1379764668
1379764668
-1
Sceneryobjects\DBC_Objects\Sign_Street_NoTurnR.sco
1379764668
1379764668
-1
Sceneryobjects\DBC_Objects\Sign_Street_YieldToPed.sco
1379764668
1379764668
-1
Sceneryobjects\Generic\bus_stop.sco
1379764589
1379764589
-1
Sceneryobjects\Generic\fireworks.sco
1379764578
1379764578
-1
Sceneryobjects\Generic\people_standing_small.sco
1379764578
1379764578
-1
Sceneryobjects\Generic\routearrow_dn.sco
1379764589
1379764589
-1
Sceneryobjects\Generic\routearrow_L.sco
1379764578
1379764578
-1
Sceneryobjects\Generic\routearrow_R.sco
1379764578
1379764578
-1
Sceneryobjects\Generic\routearrows_busstop.sco
1379764589
1379764589
-1
Sceneryobjects\NewJohnCity\helper-routearrow_R.sco
1249094850
1249094850
-1
Sceneryobjects\NewJohnCity\sign-40kmh.sco
1227537265
1227537265
-1
Sceneryobjects\NewJohnCity\sign-50kmh.sco
1227537266
1227537266
-1
Sceneryobjects\NewJohnCity\sign-Left.sco
1227537520
1227537520
-1
Sceneryobjects\NewJohnCity\sign-Right.sco
1227537520
1227537520
-1
Sceneryobjects\NewJohnCity_streets\4Way-MixedLane.sco
1231333709
1231333709
-1
Sceneryobjects\Streetobjects_MC\strlt_gwg_RSp_1.sco
1379764592
1379764592
-1
Sceneryobjects\Streetobjects_RUE\sodiumlight_photpump.sco
1379764608
1379764608
-1
Sceneryobjects\Verkehrszeichen_MC\VZ_att_kinder_m_mast.sco
1379764594
1379764594
-1
Sceneryobjects\Verkehrszeichen_MC\VZ_surfmark_arrow_L.sco
1379764610
1379764610
-1
Sceneryobjects\Verkehrszeichen_MC\VZ_surfmark_arrow_R.sco
1379764594
1379764594
-1
Sceneryobjects\Verkehrszeichen_MC\VZ_surfmark_arrow_S.sco
1379764594
1379764594
-1
Sceneryobjects\Verkehrszeichen_MC\VZ_surfmark_arrow_SR.sco
1379764594
1379764594
-1
Sceneryobjects\Verkehrszeichen_MC\vz_vs_dir_sl_mast.sco
1379764594
1379764594
-1
Sceneryobjects\Verkehrszeichen_MC\vz_vs_dir_sr_mast.sco
1379764594
1379764594
-1
Sceneryobjects\Willshire\Special\StreetSign_1_pole.sco
1188785581
1188785581
-1
Sceneryobjects\Willshire\Var2\busstopTTC.sco
1188785583
1188785583
-1
Sceneryobjects\Willshire\Var3\busstopTTC.sco
1188785584
1188785584
-1
Sceneryobjects\Willshire\Var4\busstopTTC.sco
1188785584
1188785584
-1
Splines\ADDON_SimpleStreets\RQ_15,5_2spur_11,5m_Sidewalk.sli
1047606069
-
-
Splines\ADDON_SimpleStreets\RQ_15,5_2spur_11,5m_Sidewalk_Bus1lane_Cobble.sli
1112611627
-
-
Splines\Marcel\str_2spur_8m_altonaer1.sli
1379764600
-
-
Sceneryobjects\NewJohnCity\helper-routearrow_dn.sco
1249094848
1249094848
-1
Sceneryobjects\NewJohnCity\helper-routearrow_L.sco
1249094849
1249094849
-1
