Sceneryobjects\ADDON_SimpleStreets\RQ_9,5_to_X8.sco
1047933549
1047933549
-1
Sceneryobjects\ADDON_SimpleStreets\RQ_X8m_2spur_8,0m_Sidewalk_junct.sco
1047933618
1047933618
-1
Sceneryobjects\Buildings_MC\wohn_smrow_01.sco
1379764578
1379764578
-1
Sceneryobjects\DBC_Objects\DBC_shrubbery_01_10.sco
1379764665
1379764665
-1
Sceneryobjects\DBC_Objects\DBC_shrubbery_01_20.sco
1379764665
1379764665
-1
Sceneryobjects\DBC_Objects\DBC_shrubbery_03_20.sco
1379764665
1379764665
-1
Sceneryobjects\DBC_Objects\DBC_shrubbery_04_05.sco
1379764665
1379764665
-1
Sceneryobjects\DBC_Objects\DBC_shrubbery_04_10.sco
1379764665
1379764665
-1
Sceneryobjects\DBC_Objects\DBC_shrubbery_04_20.sco
1379764665
1379764665
-1
Sceneryobjects\DBC_Objects\DBC_Tree_Medium_06.sco
1379764665
1379764665
-1
Sceneryobjects\DBC_Objects\DBC_Tree_Small_07.sco
1379764665
1379764665
-1
Sceneryobjects\DBC_Objects\obj_streetlight_single.sco
1379764667
1379764667
-1
Sceneryobjects\Generic\entrypoint_bus.sco
1379764600
1379764600
-1
Sceneryobjects\Generic\routearrow_dn.sco
1219407121
1219407121
-1
Sceneryobjects\Generic\routearrow_L.sco
1379764578
1379764578
-1
Sceneryobjects\Generic\routearrow_R.sco
1379764578
1379764578
-1
Sceneryobjects\Streetobjects_MC\fountain_1.sco
1379764592
1379764592
-1
Sceneryobjects\Streetobjects_MC\phonedistbox_1.sco
1379764592
1379764592
-1
Sceneryobjects\Willshire\Special\nature_cube.sco
1188785581
1188785581
-1
Sceneryobjects\Willshire\Var1\Busstop_Lineplate_green_3.sco
1188785582
1188785582
-1
Sceneryobjects\Willshire\Var1\Busstop_Name_Timetable_1.sco
1188785582
1188785582
-1
Sceneryobjects\Willshire\Var1\hst_wartehaus_alt01.sco
1188785582
1188785582
-1
Splines\ADDON_SimpleStreets\RQ_X_2spur_Altonaer_8m.sli
1047608349
-
-
Splines\Marcel\str_2spur_8m_altonaer1.sli
1379764600
-
-
Sceneryobjects\Generic\bus_stop.sco
1379764589
1379764589
-1
Sceneryobjects\Willshire\Var2\hst_wartehaus_alt01.sco
1188785583
1188785583
-1
Sceneryobjects\Willshire\Var3\hst_wartehaus_alt01.sco
1188785584
1188785584
-1
Sceneryobjects\NewJohnCity\helper-routearrow_dn.sco
1379764589
1379764589
-1
