Sceneryobjects\ADDON_SimpleStreets\RQ_9,5_2spur_6,5m_Sidewalk_busstop_double.sco
1047933469
1047933469
-1
Sceneryobjects\ADDON_SimpleStreets\RQ_9,5_to_10,5.sco
1047933545
1047933545
-1
Sceneryobjects\Buildings_MC\bw_60s_01.sco
1379764572
1379764572
-1
Sceneryobjects\Buildings_MC\bw_70s_01A.sco
1379764572
1379764572
-1
Sceneryobjects\Buildings_MC\bw_70s_01D.sco
1379764572
1379764572
-1
Sceneryobjects\Buildings_MC\bw_80s_03.sco
1379764572
1379764572
-1
Sceneryobjects\Buildings_MC\bw_80s_05.sco
1379764572
1379764572
-1
Sceneryobjects\Buildings_MC\bw_hoch_04.sco
1379764572
1379764572
-1
Sceneryobjects\Buildings_MC\bw_hoch_09.sco
1379764572
1379764572
-1
Sceneryobjects\Buildings_MC\bw_hoch_18.sco
1379764585
1379764585
-1
Sceneryobjects\Buildings_MC\bw_hoch_23B.sco
1379764572
1379764572
-1
Sceneryobjects\Buildings_MC\bw_hoch_23D.sco
1379764572
1379764572
-1
Sceneryobjects\Buildings_MC\bw_med_02.sco
1379764572
1379764572
-1
Sceneryobjects\Buildings_MC\bw_row50s_07.sco
1379764572
1379764572
-1
Sceneryobjects\Buildings_MC\bw_row80s_16.sco
1379764579
1379764579
-1
Sceneryobjects\Buildings_MC\bw_rowold_04.sco
1379764585
1379764585
-1
Sceneryobjects\Buildings_MC\bw_rowold_07.sco
1379764572
1379764572
-1
Sceneryobjects\Buildings_MC\bw_rowold_40.sco
1379764572
1379764572
-1
Sceneryobjects\Buildings_MC\bw_rowold_58.sco
1379764572
1379764572
-1
Sceneryobjects\Buildings_MC\bw_rowold_sm_04.sco
1379764572
1379764572
-1
Sceneryobjects\Buildings_MC\bw_rowold_sm_09.sco
1379764572
1379764572
-1
Sceneryobjects\Buildings_MC\bw_rowold_sm_10.sco
1379764572
1379764572
-1
Sceneryobjects\Buildings_MC\wohngew_med_01.sco
1379764577
1379764577
-1
Sceneryobjects\Buildings_MC\wohngew_med_02.sco
1379764578
1379764578
-1
Sceneryobjects\DBC_Objects\cana_wash_madi.sco
1379764665
1379764665
-1
Sceneryobjects\DBC_Objects\DBC_shrubbery_04_20.sco
1379764665
1379764665
-1
Sceneryobjects\DBC_Objects\DBC_Tree_Medium_05.sco
1379764665
1379764665
-1
Sceneryobjects\DBC_Objects\DBC_Tree_Medium_06.sco
1379764665
1379764665
-1
Sceneryobjects\DBC_Objects\DBC_Tree_Small_06.sco
1379764665
1379764665
-1
Sceneryobjects\DBC_Objects\NEWJOHNCITY_busstop_hut.sco
1227532909
1227532909
-1
Sceneryobjects\DBC_Objects\obj_att_rod_med.sco
1379764667
1379764667
-1
Sceneryobjects\DBC_Objects\obj_att_rod_stub.sco
1379764667
1379764667
-1
Sceneryobjects\DBC_Objects\obj_cone1.sco
1379764667
1379764667
-1
Sceneryobjects\DBC_Objects\obj_cone2.sco
1379764667
1379764667
-1
Sceneryobjects\DBC_Objects\obj_container_2.sco
1379764667
1379764667
-1
Sceneryobjects\DBC_Objects\obj_flowers.sco
1379764667
1379764667
-1
Sceneryobjects\DBC_Objects\obj_hydrant.sco
1379764667
1379764667
-1
Sceneryobjects\DBC_Objects\obj_pole_large.sco
1379764667
1379764667
-1
Sceneryobjects\DBC_Objects\obj_pole_med.sco
1379764667
1379764667
-1
Sceneryobjects\DBC_Objects\obj_pole_streetside_rear.sco
1379764667
1379764667
-1
Sceneryobjects\DBC_Objects\obj_streetlight_bend.sco
1379764667
1379764667
-1
Sceneryobjects\DBC_Objects\obj_TL_car3_bar.sco
1379764667
1379764667
-1
Sceneryobjects\DBC_Objects\obj_TL_car4L_bar.sco
1379764667
1379764667
-1
Sceneryobjects\DBC_Objects\obj_TL_car5La_bar.sco
1379764667
1379764667
-1
Sceneryobjects\DBC_Objects\obj_TL_car5Ra_bar.sco
1379764667
1379764667
-1
Sceneryobjects\DBC_Objects\obj_TL_ped_rear.sco
1379764667
1379764667
-1
Sceneryobjects\DBC_Objects\obj_TL_ped_side.sco
1379764667
1379764667
-1
Sceneryobjects\DBC_Objects\obj_treesocket.sco
1379764667
1379764667
-1
Sceneryobjects\DBC_Objects\Sign_Street_PedCross.sco
1379764668
1379764668
-1
Sceneryobjects\DBC_Objects\Sign_Street_Slippery.sco
1379764668
1379764668
-1
Sceneryobjects\DBC_Objects\Sign_Street_Stop.sco
1379764668
1379764668
-1
Sceneryobjects\DBC_Objects\Sign_Street_Yield.sco
1379764668
1379764668
-1
Sceneryobjects\DBC_Objects\wack_dear_waba.sco
1379764674
1379764674
-1
Sceneryobjects\Generic\bus_stop.sco
1379764589
1379764589
-1
Sceneryobjects\Generic\car_park.sco
1379764578
1379764578
-1
Sceneryobjects\Generic\people_standing_small.sco
1379764578
1379764578
-1
Sceneryobjects\Generic\routearrow_dn.sco
1379764589
1379764589
-1
Sceneryobjects\Generic\routearrows_busstop.sco
1379764589
1379764589
-1
Sceneryobjects\Kreuz_MC\Einm_Borkumer.sco
1379764578
1379764578
-1
Sceneryobjects\Kreuz_MC\Einm_See_Paewesiner.sco
1379764589
1379764589
-1
Sceneryobjects\Kreuz_MC\Wende_Borkumer_R.sco
1379764584
1379764584
-1
Sceneryobjects\NewJohnCity\deadend.sco
1227537560
1227537560
-1
Sceneryobjects\NewJohnCity\sign-40kmh.sco
1227537265
1227537265
-1
Sceneryobjects\NewJohnCity\sign-60kmh.sco
1227536904
1227536904
-1
Sceneryobjects\NewJohnCity\sign-NOEXIT.sco
1227536939
1227536939
-1
Sceneryobjects\Streetobjects_RUE\neonlight_L_whip_L.sco
1379764593
1379764593
-1
Sceneryobjects\Streetobjects_RUE\neonlight_S_bend_S.sco
1379764608
1379764608
-1
Sceneryobjects\Streetobjects_RUE\neonlight_S_break_S.sco
1379764593
1379764593
-1
Sceneryobjects\Streetobjects_RUE\sodiumlight_L_break_L.sco
1379764593
1379764593
-1
Sceneryobjects\Verkehrszeichen_MC\VZ_surfmark_arrow_SL.sco
1379764594
1379764594
-1
Sceneryobjects\Willshire\Special\StreetSign_1_pole.sco
1188785581
1188785581
-1
Sceneryobjects\Willshire\Var2\busstopTTC.sco
1188785583
1188785583
-1
Sceneryobjects\Willshire\Var4\busstopTTC.sco
1188785584
1188785584
-1
Splines\ADDON_SimpleStreets\RQ_10,5_2spur_7,5m_Sidewalk.sli
1047297148
-
-
Splines\Marcel\str_2spur_11m_SeeburgerStr1.sli
1379764600
-
-
Splines\Marcel\str_2spur_8m_borkumer1.sli
1379764600
-
-
Vehicles\MB_T1\parked_mb_t1_kasten.sco
1379764641
1379764641
-1
