Sceneryobjects\ADDON_SimpleStreets\RQ_10,5_Sidewalk_Bridge_Connector.sco
1049113276
1049113276
-1
Sceneryobjects\ADDON_SimpleStreets\RQ_20n_to_28.sco
1049109966
1049109966
-1
Sceneryobjects\ADDON_SimpleStreets\RQ_20n_w9,5_Sidew_Crossing.sco
1049107983
1049107983
-1
Sceneryobjects\ADDON_SimpleStreets\RQ_28_Bridge_Connector.sco
1049457309
1049457309
-1
Sceneryobjects\Generic\bus_stop.sco
1379764589
1379764589
-1
Sceneryobjects\Generic\entrypoint_bus.sco
1379764600
1379764600
-1
Sceneryobjects\Generic\people_standing_small.sco
1379764578
1379764578
-1
Sceneryobjects\Generic\routearrow_L.sco
1379764578
1379764578
-1
Sceneryobjects\Generic\routearrow_R.sco
1379764578
1379764578
-1
Sceneryobjects\Generic\routearrows_busstop.sco
1379764589
1379764589
-1
Sceneryobjects\Streetobjects_MC\rw_barrier_light_r.sco
1379764592
1379764592
-1
Sceneryobjects\Streetobjects_MC\rw_barrier_light_y.sco
1379764592
1379764592
-1
Sceneryobjects\Willshire\Var1\busstopTTC.sco
1188785582
1188785582
-1
Splines\ADDON_SimpleStreets\RQ_10,5_2spur_7,5m_Sidewalk_Bridge.sli
1049112785
-
-
Splines\ADDON_SimpleStreets\RQ_20_4_spur_15m_narrow_Sidewalk.sli
1048781446
-
-
Splines\ADDON_SimpleStreets\RQ_28_Bridge.sli
1049453741
-
-
Splines\invis_street.sli
1219409619
-
-
