Sceneryobjects\ADDON_SimpleStreets\RQ_9,5_2spur_6,5m_Sidewalk_cross_forbus4.sco
1049116307
1049116307
-1
Sceneryobjects\ADDON_SimpleStreets\RQ_9,5_to_10,5.sco
1047931497
1047931497
-1
Sceneryobjects\ADDON_SimpleStreets\RQ_X8m_2spur_8,0m_Sidewalk_busstop_double.sco
1047945351
1047945351
-1
Sceneryobjects\ADDON_SimpleStreets\RQ_X8m_2spur_8,0m_Sidewalk_junct.sco
1047933618
1047933618
-1
Sceneryobjects\Buildings_MC\bw_50s_22.sco
1219407093
1219407093
-1
Sceneryobjects\Buildings_MC\bw_hall_grey_1.sco
1219407133
1219407133
-1
Sceneryobjects\DBC_Objects\DBC_Tree_Medium_06.sco
1219465745
1219465745
-1
Sceneryobjects\DBC_Objects\wack_dear_waba.sco
1219465870
1219465870
-1
Sceneryobjects\Generic\bus_stop.sco
1379764589
1379764589
-1
Sceneryobjects\Generic\people_standing_small.sco
1379764578
1379764578
-1
Sceneryobjects\Generic\routearrow_dn.sco
1219407121
1219407121
-1
Sceneryobjects\Generic\routearrows_busstop.sco
1379764589
1379764589
-1
Sceneryobjects\Static_Vehicles_RUE\Bagger.sco
1219407169
1219407169
-1
Sceneryobjects\Willshire\busstops\busstop.sco
1279374266
1279374266
-1
Sceneryobjects\Willshire\Var4\busstopTTC.sco
1188785584
1188785584
-1
Splines\ADDON_SimpleStreets\RQ_9,5_2spur_6,5m_Sidewalk.sli
1047206666
-
-
Splines\ADDON_SimpleStreets\RQ_X_2spur_Altonaer_8m.sli
1047608349
-
-
