Sceneryobjects\Buildings_MC\bw_50s_20.sco
1379764572
1379764572
-1
Sceneryobjects\Buildings_MC\bw_hoch_21C.sco
1379764572
1379764572
-1
Sceneryobjects\Buildings_MC\bw_row80s_07.sco
1379764572
1379764572
-1
Sceneryobjects\Buildings_MC\bw_row80s_09.sco
1379764572
1379764572
-1
Sceneryobjects\Buildings_MC\bw_rowold_22.sco
1379764579
1379764579
-1
Sceneryobjects\Buildings_MC\bw_rowold_sm_05.sco
1379764572
1379764572
-1
Sceneryobjects\Buildings_MC\wohn_02.sco
1379764578
1379764578
-1
Sceneryobjects\Buildings_RUE\Ladenzeile.sco
1379764578
1379764578
-1
Sceneryobjects\DBC_Objects\DBC_Tree_Medium_05.sco
1379764665
1379764665
-1
Sceneryobjects\DBC_Objects\NEWJOHNCITY_busstop_hut.sco
1227532909
1227532909
-1
Sceneryobjects\DBC_Objects\obj_mailbox_green.sco
1379764667
1379764667
-1
Sceneryobjects\DBC_Objects\obj_pole_streetside_rear.sco
1379764667
1379764667
-1
Sceneryobjects\DBC_Objects\obj_streetlight_single.sco
1379764667
1379764667
-1
Sceneryobjects\DBC_Objects\obj_trashbin.sco
1379764667
1379764667
-1
Sceneryobjects\DBC_Objects\obj_trashbox.sco
1379764667
1379764667
-1
Sceneryobjects\DBC_Objects\Sign_Street_DoNotEnter.sco
1379764667
1379764667
-1
Sceneryobjects\DBC_Objects\Sign_Street_obstacle.sco
1379764668
1379764668
-1
Sceneryobjects\DBC_Objects\Sign_Street_Stop.sco
1379764668
1379764668
-1
Sceneryobjects\DBC_Objects\Sign_Street_YieldToPed.sco
1379764668
1379764668
-1
Sceneryobjects\Generic\bus_stop.sco
1379764589
1379764589
-1
Sceneryobjects\Generic\car_park.sco
1379764578
1379764578
-1
Sceneryobjects\Generic\people_standing_small.sco
1379764578
1379764578
-1
Sceneryobjects\Generic\routearrow_L.sco
1379764578
1379764578
-1
Sceneryobjects\Generic\routearrow_R.sco
1379764578
1379764578
-1
Sceneryobjects\Generic\routearrows_busstop.sco
1379764589
1379764589
-1
Sceneryobjects\Kreuz_MC\Einm_see_seeckt.sco
1379764589
1379764589
-1
Sceneryobjects\Streetobjects_RUE\LBL-Brikett_wood.sco
1379764592
1379764592
-1
Sceneryobjects\Willshire\Special\market_cube.sco
1188785581
1188785581
-1
Sceneryobjects\Willshire\Var4\busstopTTC.sco
1188785584
1188785584
-1
Splines\Marcel\str_2spur_11m_SeeburgerStr1.sli
1379764600
-
-
Splines\Marcel\str_2spur_8m_altonaer1.sli
1379764600
-
-
