Sceneryobjects\ADDON_SimpleStreets\RQ_28_Entry_End.sco
1048927927
1048927927
-1
Sceneryobjects\ADDON_SimpleStreets\RQ_28_Exit_Start.sco
1048928288
1048928288
-1
Sceneryobjects\ADDON_SimpleStreets\RQ_28_From_36.sco
1049832582
1049832582
-1
Sceneryobjects\ADDON_SimpleStreets\RQ_28_To_36.sco
1049832526
1049832526
-1
Sceneryobjects\Streetobjects_RUE\sodiumlight_2L_break_L.sco
1379764593
1379764593
-1
Splines\ADDON_SimpleStreets\RQ_28.sli
1048386508
-
-
Splines\ADDON_SimpleStreets\RQ_36.sli
1049830134
-
-
Splines\Marcel\invis_airway.sli
1379764600
-
-
