Sceneryobjects\ADDON_SimpleStreets\RQ_28_Bridge_Connector.sco
1049457309
1049457309
-1
Sceneryobjects\ADDON_SimpleStreets\RQ_28_EntryExit_Straight.sco
1048928019
1048928019
-1
Sceneryobjects\ADDON_SimpleStreets\RQ_36_Entry_Start_Double.sco
1049832942
1049832942
-1
Sceneryobjects\ADDON_SimpleStreets\RQ_36_EntryExit_Straight.sco
1049833065
1049833065
-1
Sceneryobjects\ADDON_SimpleStreets\RQ_36_Exit_End_Double.sco
1049833223
1049833223
-1
Sceneryobjects\DBC_Objects\DBC_Tree_Medium_05.sco
1379764665
1379764665
-1
Sceneryobjects\DBC_Objects\DBC_Tree_Medium_06.sco
1379764665
1379764665
-1
Sceneryobjects\DBC_Objects\DBC_Tree_Small_06.sco
1379764665
1379764665
-1
Sceneryobjects\DBC_Objects\obj_pole_streetside_rear.sco
1379764667
1379764667
-1
Sceneryobjects\DBC_Objects\obj_streetlight_bend_double.sco
1379764667
1379764667
-1
Sceneryobjects\DBC_Objects\Sign_Hwy_Exit_Arrow.sco
1379764667
1379764667
-1
Sceneryobjects\DBC_Objects\Sign_Hwy_Exit_Now.sco
1379764667
1379764667
-1
Sceneryobjects\Generic\routearrow_dn.sco
1379764589
1379764589
-1
Sceneryobjects\NewJohnCity\helper-routearrow_dn.sco
1379764589
1379764589
-1
Sceneryobjects\NewJohnCity\sign-100kmh.sco
1227536908
1227536908
-1
Sceneryobjects\NewJohnCity\sign-80kmh.sco
1227536906
1227536906
-1
Sceneryobjects\Streetobjects_MC\bridge_heerstr.sco
1379764592
1379764592
-1
Sceneryobjects\Streetobjects_RUE\LBL-Tropfen.sco
1379764608
1379764608
-1
Sceneryobjects\Streetobjects_RUE\neonlight_M_whip_S.sco
1379764608
1379764608
-1
Sceneryobjects\Willshire\Var1\Richtungstafel.sco
1188785582
1188785582
-1
Splines\ADDON_SimpleStreets\RQ_10,5_2spur_7,5m_Bridge_Oneway.sli
1049457724
-
-
Splines\ADDON_SimpleStreets\RQ_10,5_2spur_7,5m_Oneway.sli
1049455949
-
-
Splines\ADDON_SimpleStreets\RQ_28.sli
1048386508
-
-
Splines\ADDON_SimpleStreets\RQ_28_Bridge.sli
1049453741
-
-
Splines\ADDON_SimpleStreets\RQ_36_EntryExit_Both.sli
1049830560
-
-
Splines\Marcel\invis_airway.sli
1379764600
-
-
