Sceneryobjects\ADDON_SimpleStreets\RQ_9,5_to_X6m.sco
1048141904
1048141904
-1
Sceneryobjects\Buildings_MC\bw_hoch_09.sco
1379764572
1379764572
-1
Sceneryobjects\Buildings_MC\bw_hoch_21C.sco
1379764572
1379764572
-1
Sceneryobjects\Buildings_MC\bw_hoch_23A.sco
1379764572
1379764572
-1
Sceneryobjects\Buildings_MC\bw_hoch_23B.sco
1379764572
1379764572
-1
Sceneryobjects\Buildings_MC\bw_hoch_23D.sco
1379764572
1379764572
-1
Sceneryobjects\DBC_Objects\busstop_hut.sco
1379764665
1379764665
-1
Sceneryobjects\DBC_Objects\obj_pole_med.sco
1379764667
1379764667
-1
Sceneryobjects\DBC_Objects\obj_TL_car3_pole.sco
1379764667
1379764667
-1
Sceneryobjects\Generic\bus_stop.sco
1379764589
1379764589
-1
Sceneryobjects\Generic\routearrows_busstop.sco
1379764589
1379764589
-1
Sceneryobjects\Kreuz_MC\Kreuz_Heer_Wilhelm.sco
1379764589
1379764589
-1
Sceneryobjects\Streetobjects_RUE\neonlight_L_bend_L.sco
1379764593
1379764593
-1
Sceneryobjects\Trees_MC\tree_large_01.sco
1379764594
1379764594
-1
Sceneryobjects\Trees_MC\tree_medium_01.sco
1379764609
1379764609
-1
Sceneryobjects\Verkehrszeichen_MC\VZ_surfmark_arrow_L.sco
1379764610
1379764610
-1
Sceneryobjects\Willshire\Var4\busstopTTC.sco
1188785584
1188785584
-1
Splines\ADDON_SimpleStreets\RQ_9,5_2spur_6,5m_Sidewalk.sli
1047208714
-
-
Splines\Marcel\invis_airway.sli
1379764600
-
-
Splines\Marcel\str_4spur_12,5m_Heerstr4.sli
1379764600
-
-
Sceneryobjects\Willshire\TTC-busstop\busstopTTC.sco
1279376419
1279376419
-1
