Sceneryobjects\ADDON_SimpleStreets\RQ_10,5_to_15,5_Start.sco
1047934185
1047934185
-1
Sceneryobjects\ADDON_SimpleStreets\RQ_9,5_to_10,5.sco
1047933545
1047933545
-1
Sceneryobjects\ADDON_SimpleStreets\RQ_9,5_to_X8.sco
1047933549
1047933549
-1
Sceneryobjects\ADDON_SimpleStreets\RQ_X8_to_X11_Seeburger.sco
1047933585
1047933585
-1
Sceneryobjects\ADDON_SimpleStreets\RQ_X8m_2spur_8,0m_Sidewalk_gabel.sco
1047933607
1047933607
-1
Sceneryobjects\ADDON_SimpleStreets\RQ_X8m_to_15,5_Start.sco
1047933680
1047933680
-1
Sceneryobjects\ADDON_SimpleStreets\yellow_blink.sco
1048341143
1048341143
-1
Sceneryobjects\Buildings_DDR_RUE\DDR_House_l_06.sco
1379764571
1379764571
-1
Sceneryobjects\Buildings_MC\bw_50s_03.sco
1379764572
1379764572
-1
Sceneryobjects\Buildings_MC\bw_50s_20.sco
1379764572
1379764572
-1
Sceneryobjects\Buildings_MC\bw_60s_03.sco
1379764572
1379764572
-1
Sceneryobjects\Buildings_MC\bw_80s_01.sco
1379764572
1379764572
-1
Sceneryobjects\Buildings_MC\bw_80s_04.sco
1379764572
1379764572
-1
Sceneryobjects\Buildings_MC\bw_hoch_03.sco
1379764572
1379764572
-1
Sceneryobjects\Buildings_MC\bw_hoch_09.sco
1379764572
1379764572
-1
Sceneryobjects\Buildings_MC\bw_hoch_17.sco
1379764572
1379764572
-1
Sceneryobjects\Buildings_MC\bw_hoch_21B.sco
1379764572
1379764572
-1
Sceneryobjects\Buildings_MC\bw_hoch_23A.sco
1379764572
1379764572
-1
Sceneryobjects\Buildings_MC\bw_hoch_23C.sco
1379764572
1379764572
-1
Sceneryobjects\Buildings_MC\bw_row30s_09.sco
1379764572
1379764572
-1
Sceneryobjects\Buildings_MC\bw_row80s_06.sco
1379764579
1379764579
-1
Sceneryobjects\Buildings_MC\bw_row80s_07.sco
1379764572
1379764572
-1
Sceneryobjects\Buildings_MC\bw_rowold_03.sco
1379764572
1379764572
-1
Sceneryobjects\Buildings_MC\bw_school1.sco
1379764572
1379764572
-1
Sceneryobjects\Buildings_MC\bw_wkrank_C.sco
1379764572
1379764572
-1
Sceneryobjects\Buildings_MC\park_7.sco
1379764573
1379764573
-1
Sceneryobjects\Buildings_MC\tank_1_esso.sco
1379764573
1379764573
-1
Sceneryobjects\Buildings_MC\tank_2_bp.sco
1379764576
1379764576
-1
Sceneryobjects\Buildings_MC\wohngew_med_02.sco
1379764578
1379764578
-1
Sceneryobjects\Buildings_RUE\Haus02c2.sco
1379764578
1379764578
-1
Sceneryobjects\DBC_Objects\busstop_hut.sco
1379764665
1379764665
-1
Sceneryobjects\DBC_Objects\DBC_routehelper_sight.sco
1379764665
1379764665
-1
Sceneryobjects\DBC_Objects\DBC_shrubbery_01_20.sco
1379764665
1379764665
-1
Sceneryobjects\DBC_Objects\DBC_Tree_Medium_06.sco
1379764665
1379764665
-1
Sceneryobjects\DBC_Objects\DBC_Tree_Small_06.sco
1379764665
1379764665
-1
Sceneryobjects\DBC_Objects\DBC_Tree_Small_07.sco
1379764665
1379764665
-1
Sceneryobjects\DBC_Objects\DBC_Tree_Small_08.sco
1379764665
1379764665
-1
Sceneryobjects\DBC_Objects\houses_mid_2.sco
1379764665
1379764665
-1
Sceneryobjects\DBC_Objects\LOD_022.sco
1379764665
1379764665
-1
Sceneryobjects\DBC_Objects\NEWJOHNCITY_busstop_hut.sco
1227532909
1227532909
-1
Sceneryobjects\DBC_Objects\obj_att_rod_long.sco
1379764667
1379764667
-1
Sceneryobjects\DBC_Objects\obj_att_rod_short.sco
1379764667
1379764667
-1
Sceneryobjects\DBC_Objects\obj_pole_large.sco
1379764667
1379764667
-1
Sceneryobjects\DBC_Objects\obj_pole_med.sco
1379764667
1379764667
-1
Sceneryobjects\DBC_Objects\obj_pole_streetside_rear.sco
1379764667
1379764667
-1
Sceneryobjects\DBC_Objects\obj_streetlight_bend.sco
1379764667
1379764667
-1
Sceneryobjects\DBC_Objects\obj_TL_car3_bar-NEWJOHNCITY.sco
1231329521
1231329521
-1
Sceneryobjects\DBC_Objects\obj_TL_car3_pole.sco
1379764667
1379764667
-1
Sceneryobjects\DBC_Objects\obj_TL_car4L_bar-NEWJOHNCITY.sco
1231326684
1231326684
-1
Sceneryobjects\DBC_Objects\obj_TL_ped_rear.sco
1379764667
1379764667
-1
Sceneryobjects\DBC_Objects\obj_TL_ped_side.sco
1379764667
1379764667
-1
Sceneryobjects\DBC_Objects\Sign_Street_YieldToPed.sco
1379764668
1379764668
-1
Sceneryobjects\Generic\bus_stop.sco
1379764589
1379764589
-1
Sceneryobjects\Generic\car_park.sco
1379764578
1379764578
-1
Sceneryobjects\Generic\people_standing_small.sco
1379764578
1379764578
-1
Sceneryobjects\Generic\routearrow_dn.sco
1379764589
1379764589
-1
Sceneryobjects\Generic\routearrow_L.sco
1379764578
1379764578
-1
Sceneryobjects\Generic\routearrow_R.sco
1379764578
1379764578
-1
Sceneryobjects\Generic\routearrows_busstop.sco
1379764589
1379764589
-1
Sceneryobjects\Kreuz_MC\Einm_See_Paewesiner.sco
1379764589
1379764589
-1
Sceneryobjects\Kreuz_MC\Kreuz_Altonaer.sco
1379764579
1379764579
-1
Sceneryobjects\NewJohnCity\sign-40kmh.sco
1227537265
1227537265
-1
Sceneryobjects\NewJohnCity\sign-50kmh.sco
1227537266
1227537266
-1
Sceneryobjects\NewJohnCity\sign-60kmh.sco
1227536904
1227536904
-1
Sceneryobjects\NewJohnCity_streets\4Way-3Lane.sco
1231522120
1231522120
-1
Sceneryobjects\Streetobjects_RUE\Gaslight_Stresow.sco
1379764592
1379764592
-1
Sceneryobjects\Streetobjects_RUE\gibbet_beam.sco
1379764592
1379764592
-1
Sceneryobjects\Streetobjects_RUE\LBL-Tropfen_3.sco
1379764592
1379764592
-1
Sceneryobjects\Streetobjects_RUE\neonlight_L_whip_L.sco
1379764593
1379764593
-1
Sceneryobjects\Streetobjects_RUE\sodiumlight_L_break_L.sco
1379764593
1379764593
-1
Sceneryobjects\Streetobjects_RUE\sodiumlight_photpump.sco
1379764608
1379764608
-1
Sceneryobjects\Streetobjects_RUE\Uhrenwuerfel.sco
1379764593
1379764593
-1
Sceneryobjects\Streetobjects_RUE\whip_beam.sco
1379764593
1379764593
-1
Sceneryobjects\Verkehrszeichen_MC\Semaforo.sco
1188785580
1188785580
-1
Sceneryobjects\Verkehrszeichen_MC\VZ_surfmark_arrow_L.sco
1379764610
1379764610
-1
Sceneryobjects\Verkehrszeichen_MC\VZ_surfmark_arrow_SR.sco
1379764594
1379764594
-1
Sceneryobjects\Willshire\Buildings\bw_secondhandcars.sco
1188785580
1188785580
-1
Sceneryobjects\Willshire\busstops\busstop.sco
1279376314
1279376314
-1
Sceneryobjects\Willshire\Var1\Busstop_Lineplate_green_2.sco
1188785582
1188785582
-1
Sceneryobjects\Willshire\Var1\Busstop_Lineplate_green_3.sco
1188785582
1188785582
-1
Sceneryobjects\Willshire\Var1\Busstop_Name.sco
1188785582
1188785582
-1
Sceneryobjects\Willshire\Var1\Hospitalzone.sco
1188785582
1188785582
-1
Sceneryobjects\Willshire\Var1\notrucks.sco
1188785582
1188785582
-1
Sceneryobjects\Willshire\Var1\Richtungstafel.sco
1188785582
1188785582
-1
Sceneryobjects\Willshire\Var2\busstopTTC.sco
1188785583
1188785583
-1
Sceneryobjects\Willshire\Var3\busstopTTC.sco
1188785584
1188785584
-1
Sceneryobjects\Willshire\Var4\busstopTTC.sco
1188785584
1188785584
-1
Splines\ADDON_SimpleStreets\RQ_10,5_2spur_7,5m_Sidewalk.sli
1047297148
-
-
Splines\ADDON_SimpleStreets\RQ_15,5_2spur_11,5m_Sidewalk.sli
1047606069
-
-
Splines\ADDON_SimpleStreets\RQ_X_2spur_Altonaer_8m.sli
1047608349
-
-
Splines\Marcel\str_2spur_11m_SeeburgerStr1.sli
1379764600
-
-
Splines\Marcel\str_2spur_8m_altonaer1.sli
1379764600
-
-
Vehicles\MB_T1\parked_mb_t1_kasten.sco
1379764641
1379764641
-1
Sceneryobjects\NewJohnCity\helper-routearrow_dn.sco
1249094848
1249094848
-1
Sceneryobjects\NewJohnCity\helper-routearrow_L.sco
1249094849
1249094849
-1
Sceneryobjects\NewJohnCity\helper-routearrow_R.sco
1379764578
1379764578
-1
