Sceneryobjects\Buildings_MC\tank_2_esso.sco
1379764587
1379764587
-1
Sceneryobjects\DBC_Objects\obj_pole_large.sco
1379764667
1379764667
-1
Sceneryobjects\DBC_Objects\obj_pole_streetside_rear.sco
1379764667
1379764667
-1
Sceneryobjects\DBC_Objects\obj_streetlight_bend.sco
1379764667
1379764667
-1
Sceneryobjects\DBC_Objects\obj_TL_car3_pole.sco
1379764667
1379764667
-1
Sceneryobjects\Generic\routearrow_dn.sco
1379764589
1379764589
-1
Sceneryobjects\Kreuz_MC\Kreuz_Heerstr_Magistrats_Semmel.sco
1379764589
1379764589
-1
Sceneryobjects\NewJohnCity\sign-80kmh.sco
1227536906
1227536906
-1
Sceneryobjects\Trees_MC\fir_medium_02.sco
1379764608
1379764608
-1
Splines\Marcel\str_4spur_12,5m_Heerstr1.sli
1379764600
-
-
Splines\Marcel\str_6spur_Magistratsweg1.sli
1379764600
-
-
