Sceneryobjects\Buildings_MC\buro_02.sco
1379764572
1379764572
-1
Sceneryobjects\Buildings_MC\bw_60s_03.sco
1379764572
1379764572
-1
Sceneryobjects\Buildings_MC\bw_70s_01B.sco
1379764572
1379764572
-1
Sceneryobjects\Buildings_MC\bw_70s_04A.sco
1379764572
1379764572
-1
Sceneryobjects\Buildings_MC\bw_80s_04.sco
1379764572
1379764572
-1
Sceneryobjects\Buildings_MC\bw_business_01B.sco
1379764572
1379764572
-1
Sceneryobjects\Buildings_MC\bw_hoch_02.sco
1379764572
1379764572
-1
Sceneryobjects\Buildings_MC\bw_hoch_12.sco
1379764572
1379764572
-1
Sceneryobjects\Buildings_MC\bw_med_01.sco
1379764572
1379764572
-1
Sceneryobjects\Buildings_MC\bw_supermarkt_2.sco
1379764572
1379764572
-1
Sceneryobjects\Buildings_MC\tank_1_esso.sco
1379764573
1379764573
-1
Sceneryobjects\DBC_Objects\busstop_hut.sco
1379764665
1379764665
-1
Sceneryobjects\DBC_Objects\DBC_Tree_Medium_06.sco
1379764665
1379764665
-1
Sceneryobjects\DBC_Objects\obj_pole_med.sco
1379764667
1379764667
-1
Sceneryobjects\DBC_Objects\obj_pole_streetside_rear.sco
1379764667
1379764667
-1
Sceneryobjects\DBC_Objects\obj_TL_car3_pole.sco
1379764667
1379764667
-1
Sceneryobjects\DBC_Objects\soundcube_traffic.sco
1379764668
1379764668
-1
Sceneryobjects\Generic\bus_stop.sco
1379764589
1379764589
-1
Sceneryobjects\Generic\people_standing_small.sco
1379764578
1379764578
-1
Sceneryobjects\Generic\routearrow_dn.sco
1379764589
1379764589
-1
Sceneryobjects\Generic\routearrow_R.sco
1379764578
1379764578
-1
Sceneryobjects\Generic\routearrows_busstop.sco
1379764589
1379764589
-1
Sceneryobjects\Kreuz_MC\Kreuz_Heerstr_Gatower.sco
1379764581
1379764581
-1
Sceneryobjects\NewJohnCity\sign-50kmh.sco
1227537266
1227537266
-1
Sceneryobjects\NewJohnCity\sign-60kmh.sco
1227536904
1227536904
-1
Sceneryobjects\Ruede\forest_backdrop01.sco
1379764592
1379764592
-1
Sceneryobjects\Streetobjects_MC\strlt_str_ufo_big12.sco
1379764592
1379764592
-1
Sceneryobjects\Streetobjects_RUE\LBL-Brikett.sco
1379764592
1379764592
-1
Sceneryobjects\Streetobjects_RUE\neonlight_2L_bend_L.sco
1379764593
1379764593
-1
Sceneryobjects\Streetobjects_RUE\neonlight_L_bend_L.sco
1379764593
1379764593
-1
Sceneryobjects\Streetobjects_RUE\sodiumlight_L_whip_L.sco
1379764593
1379764593
-1
Sceneryobjects\Trees_MC\tree_large_01.sco
1379764594
1379764594
-1
Sceneryobjects\Trees_MC\tree_medium_01.sco
1379764609
1379764609
-1
Sceneryobjects\Willshire\busstops\busstop.sco
1279376314
1279376314
-1
Sceneryobjects\Willshire\Var4\busstopTTC.sco
1188785584
1188785584
-1
Splines\ADDON_SimpleStreets\RQ_X_2spur_Altonaer_8m.sli
1047608349
-
-
Splines\Marcel\Hstr_6spur_Wilhelm2.sli
1379764600
-
-
Splines\Marcel\invis_airway.sli
1379764600
-
-
Splines\Marcel\str_1spur_6m_heerstr_side.sli
1379764600
-
-
Splines\Marcel\str_4spur_12,5m_Heerstr4.sli
1379764600
-
-
Sceneryobjects\Generic\routearrow_L.sco
1379764578
1379764578
-1
Sceneryobjects\Willshire\TTC-busstop\busstopTTC.sco
1279376419
1279376419
-1
