Sceneryobjects\ADDON_SimpleStreets\RQ_9,5_2spur_6,5m_Sidewalk_cross_forbus4.sco
1049118355
1049118355
-1
Sceneryobjects\Buildings_MC\bw_70s_01D.sco
1379764572
1379764572
-1
Sceneryobjects\Buildings_MC\bw_70s_05A.sco
1379764579
1379764579
-1
Sceneryobjects\Buildings_MC\bw_hoch_21B.sco
1379764572
1379764572
-1
Sceneryobjects\Buildings_MC\bw_school_3.sco
1379764572
1379764572
-1
Sceneryobjects\DBC_Objects\DBC_Tree_Medium_06.sco
1379764665
1379764665
-1
Sceneryobjects\DBC_Objects\obj_pole_streetside_rear.sco
1379764667
1379764667
-1
Sceneryobjects\DBC_Objects\obj_streetlight_double_adv2.sco
1379764667
1379764667
-1
Sceneryobjects\Generic\bus_stop.sco
1379764589
1379764589
-1
Sceneryobjects\Generic\people_standing_small.sco
1379764578
1379764578
-1
Sceneryobjects\Generic\routearrow_dn.sco
1379764589
1379764589
-1
Sceneryobjects\Generic\routearrows_busstop.sco
1379764589
1379764589
-1
Sceneryobjects\NewJohnCity\sign-40kmh.sco
1227537265
1227537265
-1
Sceneryobjects\NewJohnCity\sign-50kmh.sco
1227537266
1227537266
-1
Sceneryobjects\Streetobjects_RUE\sodiumlight_L_whip_L.sco
1379764593
1379764593
-1
Sceneryobjects\Willshire\Special\park_cube.sco
1188785581
1188785581
-1
Sceneryobjects\Willshire\Special\StreetSign_1_pole.sco
1188785581
1188785581
-1
Sceneryobjects\Willshire\Var4\busstopTTC.sco
1188785584
1188785584
-1
Splines\ADDON_SimpleStreets\RQ_9,5_2spur_6,5m_Sidewalk.sli
1047208714
-
-
