Sceneryobjects\Buildings_MC\bw_70s_01C.sco
1379764579
1379764579
-1
Sceneryobjects\Buildings_MC\bw_80s_05.sco
1379764572
1379764572
-1
Sceneryobjects\Buildings_RUE\Haus03b.sco
1379764578
1379764578
-1
Sceneryobjects\Buildings_RUE\Haus03c.sco
1379764578
1379764578
-1
Sceneryobjects\DBC_Objects\busstop_hut.sco
1379764665
1379764665
-1
Sceneryobjects\DBC_Objects\DBC_shrubbery_01_05.sco
1379764665
1379764665
-1
Sceneryobjects\DBC_Objects\DBC_shrubbery_01_10.sco
1379764665
1379764665
-1
Sceneryobjects\DBC_Objects\DBC_shrubbery_01_20.sco
1379764665
1379764665
-1
Sceneryobjects\DBC_Objects\DBC_shrubbery_03_20.sco
1379764665
1379764665
-1
Sceneryobjects\DBC_Objects\DBC_shrubbery_04_20.sco
1379764665
1379764665
-1
Sceneryobjects\DBC_Objects\DBC_Tree_Medium_05.sco
1379764665
1379764665
-1
Sceneryobjects\DBC_Objects\DBC_Tree_Medium_06.sco
1379764665
1379764665
-1
Sceneryobjects\DBC_Objects\DBC_Tree_Small_06.sco
1379764665
1379764665
-1
Sceneryobjects\DBC_Objects\fireworks_museum.sco
1379764665
1379764665
-1
Sceneryobjects\DBC_Objects\obj_att_rod_long.sco
1379764667
1379764667
-1
Sceneryobjects\DBC_Objects\obj_att_rod_short.sco
1379764667
1379764667
-1
Sceneryobjects\DBC_Objects\obj_att_rod_stub.sco
1379764667
1379764667
-1
Sceneryobjects\DBC_Objects\obj_pole_large.sco
1379764667
1379764667
-1
Sceneryobjects\DBC_Objects\obj_streetlight_bend.sco
1379764667
1379764667
-1
Sceneryobjects\DBC_Objects\obj_TL_car3_bar.sco
1379764667
1379764667
-1
Sceneryobjects\DBC_Objects\obj_TL_car3_pole.sco
1379764667
1379764667
-1
Sceneryobjects\DBC_Objects\obj_TL_car4L_bar.sco
1379764667
1379764667
-1
Sceneryobjects\DBC_Objects\obj_TL_ped_rear.sco
1379764667
1379764667
-1
Sceneryobjects\Generic\bus_stop.sco
1379764589
1379764589
-1
Sceneryobjects\Generic\car_park.sco
1379764578
1379764578
-1
Sceneryobjects\Generic\routearrow_dn.sco
1379764589
1379764589
-1
Sceneryobjects\Generic\routearrows_busstop.sco
1379764589
1379764589
-1
Sceneryobjects\Kreuz_MC\Kreuz_See_Elsflether.sco
1379764590
1379764590
-1
Sceneryobjects\NewJohnCity\NeighbourhoodAmbience1.sco
1246149875
1246149875
-1
Sceneryobjects\Streetobjects_RUE\sodiumlight_L_break_L.sco
1379764593
1379764593
-1
Sceneryobjects\Streetobjects_RUE\sodiumlight_L_whip_L.sco
1379764593
1379764593
-1
Sceneryobjects\Streetobjects_RUE\sodiumlight_photpump.sco
1379764608
1379764608
-1
Sceneryobjects\Willshire\busstops\busstop.sco
1279376314
1279376314
-1
Sceneryobjects\Willshire\Special\StreetSign_1_pole.sco
1188785581
1188785581
-1
Sceneryobjects\Willshire\Var4\busstopTTC.sco
1188785584
1188785584
-1
Splines\Marcel\str_2spur_11m_SeeburgerStr1.sli
1379764600
-
-
Splines\Marcel\str_2spur_8m_altonaer1.sli
1379764600
-
-
