Sceneryobjects\ADDON_SimpleStreets\RQ_20n_w9,5_SideWide_CrossOne.sco
1115167823
1115167823
-1
Sceneryobjects\ADDON_SimpleStreets\RQ_28_Bridge_Connector.sco
1049457309
1049457309
-1
Sceneryobjects\ADDON_SimpleStreets\RQ_28_Entry_Start_Double.sco
1049457568
1049457568
-1
Sceneryobjects\ADDON_SimpleStreets\RQ_28_EntryExit_Straight.sco
1048928019
1048928019
-1
Sceneryobjects\ADDON_SimpleStreets\RQ_28_Exit_End_Double.sco
1049456977
1049456977
-1
Sceneryobjects\ADDON_SimpleStreets\yellow_blink.sco
1048341143
1048341143
-1
Sceneryobjects\DBC_Objects\DBC_Tree_Medium_05.sco
1379764665
1379764665
-1
Sceneryobjects\DBC_Objects\DBC_Tree_Medium_06.sco
1379764665
1379764665
-1
Sceneryobjects\DBC_Objects\fireworks_navypier.sco
1379764665
1379764665
-1
Sceneryobjects\DBC_Objects\obj_att_rod_long.sco
1379764667
1379764667
-1
Sceneryobjects\DBC_Objects\obj_att_rod_med.sco
1379764667
1379764667
-1
Sceneryobjects\DBC_Objects\obj_pole_large.sco
1379764667
1379764667
-1
Sceneryobjects\DBC_Objects\obj_pole_streetside_rear.sco
1379764667
1379764667
-1
Sceneryobjects\DBC_Objects\obj_streetlight_bend.sco
1379764667
1379764667
-1
Sceneryobjects\DBC_Objects\obj_TL_car3_bar.sco
1379764667
1379764667
-1
Sceneryobjects\DBC_Objects\obj_TL_car3_pole.sco
1379764667
1379764667
-1
Sceneryobjects\DBC_Objects\obj_TL_car4L_bar.sco
1379764667
1379764667
-1
Sceneryobjects\DBC_Objects\obj_TL_car5Ra_pole.sco
1379764667
1379764667
-1
Sceneryobjects\DBC_Objects\obj_TL_ped_rear.sco
1379764667
1379764667
-1
Sceneryobjects\DBC_Objects\obj_TL_ped_side.sco
1379764667
1379764667
-1
Sceneryobjects\DBC_Objects\Sign_Hwy_Exit_Arrow.sco
1379764667
1379764667
-1
Sceneryobjects\DBC_Objects\Sign_Street_NoTurnL.sco
1379764668
1379764668
-1
Sceneryobjects\DBC_Objects\Sign_Street_NoTurnR.sco
1379764668
1379764668
-1
Sceneryobjects\DBC_Objects\Sign_Street_OneWayL.sco
1379764668
1379764668
-1
Sceneryobjects\DBC_Objects\Sign_Street_OneWayR.sco
1379764668
1379764668
-1
Sceneryobjects\DBC_Objects\Sign_Street_OnlyLeft.sco
1379764668
1379764668
-1
Sceneryobjects\DBC_Objects\Sign_Street_OnlyRight.sco
1379764668
1379764668
-1
Sceneryobjects\DBC_Objects\Sign_Street_YieldToPed.sco
1379764668
1379764668
-1
Sceneryobjects\Generic\bus_stop.sco
1379764589
1379764589
-1
Sceneryobjects\Generic\people_standing_small.sco
1379764578
1379764578
-1
Sceneryobjects\Generic\routearrow_dn.sco
1379764589
1379764589
-1
Sceneryobjects\Generic\routearrow_L.sco
1379764578
1379764578
-1
Sceneryobjects\Generic\routearrow_R.sco
1219407130
1219407130
-1
Sceneryobjects\Generic\routearrows_busstop.sco
1379764589
1379764589
-1
Sceneryobjects\NewJohnCity\sign-60kmh.sco
1227536904
1227536904
-1
Sceneryobjects\NewJohnCity\sign-Left.sco
1227537520
1227537520
-1
Sceneryobjects\NewJohnCity\sign-Right.sco
1227537520
1227537520
-1
Sceneryobjects\Streetobjects_RUE\neonlight_2L_bend_L.sco
1379764593
1379764593
-1
Sceneryobjects\Streetobjects_RUE\sodiumlight_L_whip_L.sco
1379764593
1379764593
-1
Sceneryobjects\Trees_MC\fir_medium_02.sco
1379764608
1379764608
-1
Sceneryobjects\Trees_MC\fir_medium_03.sco
1379764593
1379764593
-1
Sceneryobjects\Verkehrszeichen_MC\VZ_surfmark_arrow_L.sco
1379764610
1379764610
-1
Sceneryobjects\Verkehrszeichen_MC\VZ_surfmark_arrow_R.sco
1379764594
1379764594
-1
Sceneryobjects\Willshire\busstops\busstop.sco
1279376314
1279376314
-1
Sceneryobjects\Willshire\Special\countryside_cube.sco
1188785581
1188785581
-1
Sceneryobjects\Willshire\Var1\Richtungstafel.sco
1188785582
1188785582
-1
Sceneryobjects\Willshire\Var4\busstopTTC.sco
1188785584
1188785584
-1
Splines\ADDON_SimpleStreets\RQ_10,5_2spur_7,5m_Oneway.sli
1049455949
-
-
Splines\ADDON_SimpleStreets\RQ_20_4_spur_15m_narrow_Sidewalk_wide.sli
1109677056
-
-
Splines\ADDON_SimpleStreets\RQ_28.sli
1048386508
-
-
Splines\ADDON_SimpleStreets\RQ_28_Bridge.sli
1049453741
-
-
Splines\ADDON_SimpleStreets\RQ_28_EntryExit_Both.sli
1048386626
-
-
Splines\ADDON_SimpleStreets\RQ_28_Half_EntryExit.sli
1049834002
-
-
Splines\Marcel\invis_airway.sli
1379764600
-
-
Sceneryobjects\NewJohnCity\helper-routearrow_dn.sco
1249094848
1249094848
-1
Sceneryobjects\NewJohnCity\helper-routearrow_L.sco
1249094849
1249094849
-1
Sceneryobjects\NewJohnCity\helper-routearrow_R.sco
1379764578
1379764578
-1
