Sceneryobjects\ADDON_SimpleStreets\RQ_20n_w9,5_Sidew_Crossing.sco
1049107983
1049107983
-1
Sceneryobjects\DBC_Objects\obj_streetlight_bend.sco
1379764667
1379764667
-1
Sceneryobjects\Generic\bus_stop.sco
1379764589
1379764589
-1
Sceneryobjects\Generic\people_standing_small.sco
1379764578
1379764578
-1
Sceneryobjects\Generic\routearrow_dn.sco
1379764589
1379764589
-1
Sceneryobjects\Generic\routearrows_busstop.sco
1379764589
1379764589
-1
Sceneryobjects\Trees_MC\tree_large_03.sco
1379764609
1379764609
-1
Sceneryobjects\Willshire\busstops\busstop.sco
1279376314
1279376314
-1
Sceneryobjects\Willshire\Var1\busstopTTC.sco
1188785582
1188785582
-1
Splines\ADDON_SimpleStreets\RQ_20_4_spur_15m_narrow_Sidewalk.sli
1048781446
-
-
Splines\ADDON_SimpleStreets\RQ_9,5_2spur_6,5m_Sidewalk.sli
1047208714
-
-
