Sceneryobjects\ADDON_SimpleStreets\RQ_9,5_to_X8.sco
1047933549
1047933549
-1
Sceneryobjects\ADDON_SimpleStreets\RQ_X11_to_15,5_Start.sco
1047933692
1047933692
-1
Sceneryobjects\ADDON_SimpleStreets\RQ_X8_to_X11_Seeburger.sco
1047933585
1047933585
-1
Sceneryobjects\ADDON_SimpleStreets\RQ_X8m_2spur_8,0m_Sidewalk_busstop_double.sco
1047945351
1047945351
-1
Sceneryobjects\ADDON_SimpleStreets\RQ_X8m_2spur_8,0m_Sidewalk_cross.sco
1047933604
1047933604
-1
Sceneryobjects\ADDON_SimpleStreets\yellow_blink.sco
1048341143
1048341143
-1
Sceneryobjects\Buildings_MC\bw_50s_01.sco
1379764572
1379764572
-1
Sceneryobjects\Buildings_MC\bw_50s_02.sco
1379764572
1379764572
-1
Sceneryobjects\Buildings_MC\bw_beseler_G.sco
1379764572
1379764572
-1
Sceneryobjects\Buildings_MC\bw_med_02.sco
1379764572
1379764572
-1
Sceneryobjects\Buildings_MC\bw_old_08.sco
1379764572
1379764572
-1
Sceneryobjects\Buildings_MC\wohn_02.sco
1379764578
1379764578
-1
Sceneryobjects\Buildings_RUE\Haus01c.sco
1379764588
1379764588
-1
Sceneryobjects\Buildings_RUE\Taubenhaus.sco
1379764578
1379764578
-1
Sceneryobjects\DBC_Objects\DBC_shrubbery_04_20.sco
1379764665
1379764665
-1
Sceneryobjects\DBC_Objects\DBC_Tree_Medium_06.sco
1379764665
1379764665
-1
Sceneryobjects\DBC_Objects\obj_pole_streetside_rear.sco
1379764667
1379764667
-1
Sceneryobjects\DBC_Objects\obj_streetlight_bend.sco
1379764667
1379764667
-1
Sceneryobjects\Generic\bus_stop.sco
1379764589
1379764589
-1
Sceneryobjects\Generic\people_standing_small.sco
1379764578
1379764578
-1
Sceneryobjects\Generic\routearrow_dn.sco
1379764589
1379764589
-1
Sceneryobjects\Generic\routearrows_busstop.sco
1379764589
1379764589
-1
Sceneryobjects\NewJohnCity\sign-50kmh.sco
1227537266
1227537266
-1
Sceneryobjects\Streetobjects_RUE\LBL-Tropfen.sco
1379764608
1379764608
-1
Sceneryobjects\Streetobjects_RUE\whip_beam.sco
1379764593
1379764593
-1
Sceneryobjects\Verkehrszeichen_MC\Semaforo.sco
1188785580
1188785580
-1
Sceneryobjects\Verkehrszeichen_MC\VZ_surfmark_arrow_L.sco
1379764610
1379764610
-1
Sceneryobjects\Verkehrszeichen_MC\VZ_surfmark_arrow_SR.sco
1379764594
1379764594
-1
Sceneryobjects\Verkehrszeichen_MC\vz_vs_dir_sr_mast.sco
1379764594
1379764594
-1
Sceneryobjects\Verkehrszeichen_RUE\DDR_Zeichen_stop.sco
1379764610
1379764610
-1
Sceneryobjects\Willshire\busstops\busstop.sco
1279376314
1279376314
-1
Sceneryobjects\Willshire\Var1\busstopTTC.sco
1188785582
1188785582
-1
Splines\ADDON_SimpleStreets\RQ_15,5_2spur_11,5m_Sidewalk.sli
1047606069
-
-
Splines\ADDON_SimpleStreets\RQ_9,5_2spur_6,5m_Sidewalk.sli
1047208714
-
-
Splines\ADDON_SimpleStreets\RQ_X_2spur_Altonaer_8m_Cobble.sli
1047881491
-
-
