Sceneryobjects\ADDON_SimpleStreets\RQ_10,5_SingleSplitter1to2.sco
1051994459
1051994459
-1
Sceneryobjects\ADDON_SimpleStreets\RQ_10,5_Splitter.sco
1048923273
1048923273
-1
Sceneryobjects\ADDON_SimpleStreets\yellow_blink.sco
1048341143
1048341143
-1
Sceneryobjects\DBC_Objects\DBC_Tree_Medium_05.sco
1379764665
1379764665
-1
Sceneryobjects\DBC_Objects\DBC_Tree_Medium_06.sco
1379764665
1379764665
-1
Sceneryobjects\DBC_Objects\DBC_Tree_Small_07.sco
1379764665
1379764665
-1
Sceneryobjects\DBC_Objects\kedz_rollup_out.sco
1379764665
1379764665
-1
Sceneryobjects\DBC_Objects\obj_streetlight_bend.sco
1379764667
1379764667
-1
Sceneryobjects\DBC_Objects\obj_streetlight_bend_double.sco
1379764667
1379764667
-1
Sceneryobjects\Generic\bus_stop.sco
1379764589
1379764589
-1
Sceneryobjects\Generic\car_park.sco
1379764578
1379764578
-1
Sceneryobjects\Generic\entrypoint_bus.sco
1379764600
1379764600
-1
Sceneryobjects\Generic\fireworks.sco
1379764578
1379764578
-1
Sceneryobjects\Willshire\Special\industry_cube.sco
1188785581
1188785581
-1
Sceneryobjects\Willshire\Special\VZ_surfmark_arrow_S.sco
1188785581
1188785581
-1
Splines\ADDON_SimpleStreets\RQ_10,5_1spur.sli
1048346881
-
-
Splines\ADDON_SimpleStreets\RQ_10,5_2spur_7,5m.sli
1048128548
-
-
Vehicles\DBC_Chicago_Citybus\DBC_Citybus_40LF_parked.sco
1219409976
1219410067
-1
Vehicles\DBC_Chicago_Citybus\DBC_Citybus_60LF_parked.sco
1219409970
1219410069
-1
