Sceneryobjects\ADDON_SimpleStreets\RQ_28_Bridge_Connector.sco
1049457309
1049457309
-1
Sceneryobjects\DBC_Objects\DBC_Tree_Medium_05.sco
1379764665
1379764665
-1
Sceneryobjects\DBC_Objects\DBC_Tree_Medium_06.sco
1379764665
1379764665
-1
Sceneryobjects\DBC_Objects\NEWJOHNCITY_busstop_hut.sco
1227532909
1227532909
-1
Sceneryobjects\DBC_Objects\obj_att_rod_med.sco
1379764667
1379764667
-1
Sceneryobjects\DBC_Objects\obj_pole_large.sco
1379764667
1379764667
-1
Sceneryobjects\DBC_Objects\obj_pole_streetside_rear.sco
1379764667
1379764667
-1
Sceneryobjects\DBC_Objects\obj_streetlight_bend.sco
1379764667
1379764667
-1
Sceneryobjects\DBC_Objects\obj_TL_car3_bar-NEWJOHNCITY.sco
1231329521
1231329521
-1
Sceneryobjects\DBC_Objects\obj_TL_ped_rear.sco
1379764667
1379764667
-1
Sceneryobjects\DBC_Objects\Sign_Street_NoTurnL.sco
1379764668
1379764668
-1
Sceneryobjects\DBC_Objects\Sign_Street_OneWayR.sco
1379764668
1379764668
-1
Sceneryobjects\Generic\bus_stop.sco
1379764589
1379764589
-1
Sceneryobjects\Generic\routearrows_busstop.sco
1379764589
1379764589
-1
Sceneryobjects\Streetobjects_RUE\neonlight_2L_bend_L.sco
1379764593
1379764593
-1
Sceneryobjects\Streetobjects_RUE\sodiumlight_L_whip_L.sco
1379764593
1379764593
-1
Sceneryobjects\Willshire\Var1\Richtungstafel.sco
1188785582
1188785582
-1
Sceneryobjects\Willshire\Var4\busstopTTC.sco
1188785584
1188785584
-1
Splines\ADDON_SimpleStreets\RQ_10,5_2spur_7,5m_Oneway.sli
1049455949
-
-
Splines\ADDON_SimpleStreets\RQ_20_4_spur_15m_narrow_Sidewalk_wide.sli
1109677056
-
-
Splines\ADDON_SimpleStreets\RQ_28.sli
1048386508
-
-
Splines\ADDON_SimpleStreets\RQ_28_Bridge.sli
1049453741
-
-
Splines\Marcel\invis_airway.sli
1379764600
-
-
Sceneryobjects\Generic\routearrow_dn.sco
1379764589
1379764589
-1
