Sceneryobjects\ashleytayles\4lanes_junction.sco
1112694418
1112694418
-1
Sceneryobjects\Buildings_MC\kirche_ev_stnikolai.sco
1379762524
1379762524
-1
Sceneryobjects\Buildings_MC\tank_1_esso.sco
1379762525
1379762525
-1
Sceneryobjects\DBC_Objects\DBC_Tree_Small_07.sco
1379762617
1379762617
-1
Sceneryobjects\DBC_Objects\NEWJOHNCITY_busstop_hut.sco
1227530861
1227530861
-1
Sceneryobjects\Generic\bus_stop.sco
1379762541
1379762541
-1
Sceneryobjects\Generic\people_standing_small.sco
1379762530
1379762530
-1
Sceneryobjects\Generic\routearrow_dn.sco
1379762541
1379762541
-1
Sceneryobjects\Generic\routearrow_L.sco
1379762530
1379762530
-1
Sceneryobjects\Generic\routearrow_R.sco
1379762530
1379762530
-1
Sceneryobjects\Generic\routearrows_busstop.sco
1379762541
1379762541
-1
Sceneryobjects\Willshire\busstops\busstop.sco
1279374266
1279374266
-1
Splines\ADDON_SimpleStreets\RQ_20_4_spur_15m_narrow_Sidewalk.sli
1048779398
-
-
