Sceneryobjects\ADDON_SimpleStreets\RQ_15,5_3spur_11,5m_2lane.sco
1112613324
1112613324
-1
Sceneryobjects\ADDON_SimpleStreets\RQ_15,5_3spur_11,5m_Bus1laneEndCobble.sco
1112613270
1112613270
-1
Sceneryobjects\ADDON_SimpleStreets\RQ_15,5_3spur_11,5m_Bus1laneStartCobble.sco
1112613257
1112613257
-1
Sceneryobjects\ADDON_SimpleStreets\RQ_X8m_2spur_8,0m_Sidewalk_busstop_double.sco
1047945351
1047945351
-1
Sceneryobjects\ADDON_SimpleStreets\RQ_X8m_2spur_8,0m_Sidewalk_cross.sco
1047933604
1047933604
-1
Sceneryobjects\ADDON_SimpleStreets\RQ_X8m_to_15,5_End.sco
1047933673
1047933673
-1
Sceneryobjects\Buildings_MC\Ubahn_Rsp_01.sco
1379764577
1379764577
-1
Sceneryobjects\Buildings_MC\Ubahn_Rsp_01_roof.sco
1379764599
1379764599
-1
Sceneryobjects\Buildings_MC\Ubahn_Rsp_03.sco
1379764577
1379764577
-1
Sceneryobjects\Buildings_MC\Ubahn_Rsp_05.sco
1379764577
1379764577
-1
Sceneryobjects\DBC_Objects\busstop_hut.sco
1379764665
1379764665
-1
Sceneryobjects\DBC_Objects\cana_adam_jack.sco
1379764665
1379764665
-1
Sceneryobjects\DBC_Objects\cana_lake_rand_S.sco
1379764665
1379764665
-1
Sceneryobjects\DBC_Objects\DBC_Tree_Medium_06.sco
1379764665
1379764665
-1
Sceneryobjects\DBC_Objects\navy_bank1.sco
1379764667
1379764667
-1
Sceneryobjects\DBC_Objects\NEWJOHNCITY_busstop_hut.sco
1227532909
1227532909
-1
Sceneryobjects\DBC_Objects\obj_mailbox_blue.sco
1379764667
1379764667
-1
Sceneryobjects\DBC_Objects\obj_pole_streetside_rear.sco
1379764667
1379764667
-1
Sceneryobjects\DBC_Objects\obj_pole_streetsign_side.sco
1379764667
1379764667
-1
Sceneryobjects\DBC_Objects\obj_streetlight_bend.sco
1379764667
1379764667
-1
Sceneryobjects\DBC_Objects\Sign_Street_BusLayover.sco
1379764667
1379764667
-1
Sceneryobjects\DBC_Objects\Sign_Street_DoNotEnterCTA.sco
1379764667
1379764667
-1
Sceneryobjects\DBC_Objects\Sign_Street_TowBus.sco
1379764668
1379764668
-1
Sceneryobjects\DBC_Objects\soundcube_traffic.sco
1379764668
1379764668
-1
Sceneryobjects\Generic\bus_stop.sco
1379764589
1379764589
-1
Sceneryobjects\Generic\entrypoint_bus.sco
1379764600
1379764600
-1
Sceneryobjects\Generic\people_standing_small.sco
1379764578
1379764578
-1
Sceneryobjects\Generic\routearrow_L.sco
1379764578
1379764578
-1
Sceneryobjects\Generic\routearrow_R.sco
1379764578
1379764578
-1
Sceneryobjects\Generic\routearrows_busstop.sco
1379764589
1379764589
-1
Sceneryobjects\NewJohnCity\sheppard-stn1.sco
1263887091
1263887091
-1
Sceneryobjects\Railroad_RUE\Hs64_Andreaskreuz_elektro.sco
1379764591
1379764591
-1
Sceneryobjects\Railroad_RUE\Hs64_Schranke_R.sco
1379764591
1379764591
-1
Sceneryobjects\Railroad_RUE\Spandau_Hbf_Empfang.sco
1379764591
1379764591
-1
Sceneryobjects\Streetobjects_MC\strlt_gwg_70s_1.sco
1379764592
1379764592
-1
Sceneryobjects\Streetobjects_MC\strlt_gwg_RSp_1.sco
1379764592
1379764592
-1
Sceneryobjects\Trees_MC\tree_large_01.sco
1379764594
1379764594
-1
Sceneryobjects\Verkehrszeichen_MC\VZ_surfmark_arrow_S.sco
1379764594
1379764594
-1
Sceneryobjects\Willshire\busstops\busstop.sco
1279376314
1279376314
-1
Sceneryobjects\Willshire\Var1\Busstop_Column.sco
1188785582
1188785582
-1
Sceneryobjects\Willshire\Var1\busstopTTC.sco
1188785582
1188785582
-1
Sceneryobjects\Willshire\Var1\noparking.sco
1188785582
1188785582
-1
Sceneryobjects\Willshire\Var2\busstopTTC.sco
1188785583
1188785583
-1
Sceneryobjects\Willshire\Var3\busstopTTC.sco
1188785584
1188785584
-1
Sceneryobjects\Willshire\Var5\busstopTTC.sco
1188785584
1188785584
-1
Splines\ADDON_SimpleStreets\RQ_15,5_2spur_11,5m_Sidewalk_Bus1lane_Cobble.sli
1112611627
-
-
Splines\ADDON_SimpleStreets\RQ_X_2spur_Altonaer_8m.sli
1047608349
-
-
Sceneryobjects\NewJohnCity\helper-routearrow_L.sco
1249094849
1249094849
-1
