Sceneryobjects\ADDON_SimpleStreets\RQ_9,5_to_X6m.sco
1048139856
1048139856
-1
Sceneryobjects\ADDON_SimpleStreets\RQ_9,5_to_X8.sco
1047931501
1047931501
-1
Sceneryobjects\ADDON_SimpleStreets\RQ_X8m_2spur_8,0m_Sidewalk_busstop_double.sco
1047943303
1047943303
-1
Sceneryobjects\ADDON_SimpleStreets\RQ_X8m_2spur_8,0m_Sidewalk_train.sco
1047931601
1047931601
-1
Sceneryobjects\ADDON_SimpleStreets\RQ_X8m_2spur_8,0m_Sidewalk_yunct.sco
1047931616
1047931616
-1
Sceneryobjects\Buildings_MC\kirche_ev_stnikolai.sco
1219407133
1219407133
-1
Sceneryobjects\DBC_Objects\DBC_Tree_Medium_06.sco
1379762617
1379762617
-1
Sceneryobjects\Generic\bus_stop.sco
1249092536
1249092536
-1
Sceneryobjects\Generic\routearrows_busstop.sco
1219407171
1219407171
-1
Sceneryobjects\Kreuz_MC\Extra_002_Wende1.sco
1379762552
1379762552
-1
Sceneryobjects\Railroad_RUE\EW190_R_Klp_0_0.sco
1379762543
1379762543
-1
Sceneryobjects\Static_Vehicles_RUE\Bagger.sco
1379762544
1379762544
-1
Sceneryobjects\Streetobjects_RUE\LBL-Tropfen_5.sco
1219407213
1219407213
-1
Sceneryobjects\Trees_MC\fir_medium_02.sco
1379762560
1379762560
-1
Sceneryobjects\Willshire\busstops\busstop.sco
1279374266
1279374266
-1
Splines\ADDON_SimpleStreets\RQ_X_2spur_Altonaer_8m.sli
1047606301
-
-
Splines\Marcel\invis_airway.sli
1379762552
-
-
Splines\Ruede\rail_wood_S49.sli
1379762566
-
-
