Sceneryobjects\ADDON_SimpleStreets\RQ_10,5_SlowEntryRight.sco
1051992984
1051992984
-1
Sceneryobjects\ADDON_SimpleStreets\RQ_10,5_SlowExitLeft.sco
1051993714
1051993714
-1
Sceneryobjects\ADDON_SimpleStreets\RQ_28_Bridge_Connector.sco
1049457309
1049457309
-1
Sceneryobjects\ADDON_SimpleStreets\RQ_28_Entry_Start.sco
1048927977
1048927977
-1
Sceneryobjects\ADDON_SimpleStreets\RQ_28_Exit_End.sco
1048928088
1048928088
-1
Sceneryobjects\ADDON_SimpleStreets\RQ_9,5_2spur_6,5m_Sidewalk_junct_forbus.sco
1047933507
1047933507
-1
Sceneryobjects\ADDON_SimpleStreets\RQ_9,5_to_10,5.sco
1047933545
1047933545
-1
Sceneryobjects\DBC_Objects\DBC_Tree_Medium_06.sco
1379764665
1379764665
-1
Sceneryobjects\DBC_Objects\obj_pole_large.sco
1379764667
1379764667
-1
Sceneryobjects\DBC_Objects\obj_pole_streetside_rear.sco
1379764667
1379764667
-1
Sceneryobjects\DBC_Objects\obj_streetlight_bend_double.sco
1379764667
1379764667
-1
Sceneryobjects\DBC_Objects\obj_TL_car3_pole.sco
1379764667
1379764667
-1
Sceneryobjects\DBC_Objects\obj_TL_car3L_pole.sco
1379764667
1379764667
-1
Sceneryobjects\DBC_Objects\Sign_Street_NoTurnL.sco
1379764668
1379764668
-1
Sceneryobjects\DBC_Objects\Sign_Street_Yield.sco
1379764668
1379764668
-1
Sceneryobjects\Generic\bus_stop.sco
1379764589
1379764589
-1
Sceneryobjects\Generic\people_standing_small.sco
1379764578
1379764578
-1
Sceneryobjects\Generic\routearrow_dn.sco
1379764589
1379764589
-1
Sceneryobjects\Generic\routearrow_L.sco
1379764578
1379764578
-1
Sceneryobjects\Generic\routearrow_R.sco
1379764578
1379764578
-1
Sceneryobjects\Generic\routearrows_busstop.sco
1379764589
1379764589
-1
Sceneryobjects\NewJohnCity\sign-50kmh.sco
1227537266
1227537266
-1
Sceneryobjects\NewJohnCity\sign-60kmh.sco
1227536904
1227536904
-1
Sceneryobjects\NewJohnCity\sign-Right.sco
1227537520
1227537520
-1
Sceneryobjects\Streetobjects_RUE\sodiumlight_L_whip_L.sco
1379764593
1379764593
-1
Sceneryobjects\Trees_MC\tree_medium_04.sco
1379764594
1379764594
-1
Sceneryobjects\Willshire\Var1\busstopTTC.sco
1188785582
1188785582
-1
Splines\ADDON_SimpleStreets\RQ_10,5_1spur.sli
1048346881
-
-
Splines\ADDON_SimpleStreets\RQ_10,5_2spur_7,5m.sli
1048128548
-
-
Splines\ADDON_SimpleStreets\RQ_28.sli
1048386508
-
-
Splines\ADDON_SimpleStreets\RQ_28_Bridge.sli
1049453741
-
-
Splines\ADDON_SimpleStreets\RQ_9,5_2spur_6,5m_Sidewalk.sli
1047208714
-
-
Splines\Marcel\invis_airway.sli
1379764600
-
-
