Sceneryobjects\ADDON_SimpleStreets\RQ_10,5_Sidewalk_Bridge_Connector.sco
1049113276
1049113276
-1
Sceneryobjects\ADDON_SimpleStreets\RQ_10,5_to_X8m_Altonaer.sco
1048000059
1048000059
-1
Sceneryobjects\ADDON_SimpleStreets\RQ_28_Bridge_Connector.sco
1049457309
1049457309
-1
Sceneryobjects\ADDON_SimpleStreets\RQ_9,5_to_10,5.sco
1047933545
1047933545
-1
Sceneryobjects\ADDON_SimpleStreets\RQ_9,5_to_X8.sco
1047933549
1047933549
-1
Sceneryobjects\ADDON_SimpleStreets\RQ_X11m_to_X13_Omnibushof.sco
1047933705
1047933705
-1
Sceneryobjects\ADDON_SimpleStreets\RQ_X8_to_X11_Seeburger.sco
1047933585
1047933585
-1
Sceneryobjects\Buildings_MC\bw_50s_03.sco
1379764572
1379764572
-1
Sceneryobjects\Buildings_MC\bw_50s_04.sco
1379764572
1379764572
-1
Sceneryobjects\Buildings_MC\bw_70s_01C.sco
1379764579
1379764579
-1
Sceneryobjects\Buildings_MC\bw_einkaufszentrum_04.sco
1379764572
1379764572
-1
Sceneryobjects\Buildings_MC\bw_hoch_02.sco
1379764572
1379764572
-1
Sceneryobjects\Buildings_MC\bw_hoch_23A.sco
1379764572
1379764572
-1
Sceneryobjects\DBC_Objects\busstop_hut.sco
1379764665
1379764665
-1
Sceneryobjects\DBC_Objects\DBC_Tree_Medium_06.sco
1379764665
1379764665
-1
Sceneryobjects\DBC_Objects\obj_pole_med.sco
1379764667
1379764667
-1
Sceneryobjects\DBC_Objects\obj_pole_streetside_rear.sco
1379764667
1379764667
-1
Sceneryobjects\DBC_Objects\obj_TL_car3_pole.sco
1379764667
1379764667
-1
Sceneryobjects\DBC_Objects\Sign_Street_DoNotEnterCTA.sco
1379764667
1379764667
-1
Sceneryobjects\Generic\bus_stop.sco
1379764589
1379764589
-1
Sceneryobjects\Generic\people_standing_small.sco
1379764578
1379764578
-1
Sceneryobjects\Generic\routearrow_dn.sco
1379764589
1379764589
-1
Sceneryobjects\Generic\routearrow_L.sco
1379764578
1379764578
-1
Sceneryobjects\Generic\routearrow_R.sco
1379764578
1379764578
-1
Sceneryobjects\Generic\routearrows_busstop.sco
1379764589
1379764589
-1
Sceneryobjects\Kreuz_MC\Kreuz_Gatower_Omni_Graetschel.sco
1379764600
1379764600
-1
Sceneryobjects\NewJohnCity\sign-40kmh.sco
1227537265
1227537265
-1
Sceneryobjects\NewJohnCity\sign-60kmh.sco
1227536904
1227536904
-1
Sceneryobjects\Ruede\forest_backdrop01.sco
1379764592
1379764592
-1
Sceneryobjects\Streetobjects_RUE\LBL-Tropfen_5.sco
1379764608
1379764608
-1
Sceneryobjects\Streetobjects_RUE\sodiumlight_photpump.sco
1379764608
1379764608
-1
Sceneryobjects\Willshire\busstops\busstop.sco
1279376314
1279376314
-1
Sceneryobjects\Willshire\busstops\StrandbahnhofHst.sco
1188785580
1188785580
-1
Sceneryobjects\Willshire\Special\city_cube.sco
1188785581
1188785581
-1
Sceneryobjects\Willshire\Var1\Busstop_Column.sco
1188785582
1188785582
-1
Sceneryobjects\Willshire\Var3\busstopTTC.sco
1188785584
1188785584
-1
Sceneryobjects\Willshire\Var4\busstopTTC.sco
1188785584
1188785584
-1
Splines\ADDON_SimpleStreets\RQ_10,5_2spur_7,5m_Sidewalk.sli
1047297148
-
-
Splines\ADDON_SimpleStreets\RQ_10,5_2spur_7,5m_Sidewalk_Bridge.sli
1049112785
-
-
Splines\ADDON_SimpleStreets\RQ_28_Bridge.sli
1049453741
-
-
Splines\ADDON_SimpleStreets\RQ_X_2spur_Altonaer_8m.sli
1047608349
-
-
Splines\Marcel\Hstr_6spur_Wilhelm1.sli
1379764600
-
-
Splines\Marcel\Hstr_6spur_Wilhelm2.sli
1379764600
-
-
Splines\Marcel\Hstr_6spur_Wilhelm3.sli
1379764600
-
-
Splines\Marcel\invis_airway.sli
1379764600
-
-
Splines\Marcel\str_2spur_8m_altonaer1.sli
1379764600
-
-
Vehicles\DBC_Chicago_Car_3\parked_car3.sco
1379764675
1379764676
-1
