Sceneryobjects\Buildings_MC\bk_melanchthon.sco
1379762524
1379762524
-1
Sceneryobjects\Buildings_MC\bw_workshop_01.sco
1379762524
1379762524
-1
Sceneryobjects\Buildings_RUE\Highschool_70s.sco
1379762530
1379762530
-1
Sceneryobjects\Buildings_RUE\Stadtbuecherei.sco
1379762530
1379762530
-1
Sceneryobjects\DBC_Objects\DBC_Tree_Medium_05.sco
1379762617
1379762617
-1
Sceneryobjects\Generic\bus_stop.sco
1379762541
1379762541
-1
Sceneryobjects\Generic\people_standing_small.sco
1379762530
1379762530
-1
Sceneryobjects\Generic\routearrow_dn.sco
1379762541
1379762541
-1
Sceneryobjects\Generic\routearrows_busstop.sco
1379762541
1379762541
-1
Sceneryobjects\Kreuz_MC\Kreuz_Altonaer.sco
1379762531
1379762531
-1
Sceneryobjects\Streetobjects_RUE\sodiumlight_photpump.sco
1379762560
1379762560
-1
Sceneryobjects\Willshire\busstops\busstop.sco
1279374266
1279374266
-1
Splines\Marcel\str_2spur_8m_altonaer1.sli
1379762552
-
-
