Sceneryobjects\Buildings_MC\bw_50s_07.sco
1379764572
1379764572
-1
Sceneryobjects\Buildings_MC\bw_50s_14.sco
1379764579
1379764579
-1
Sceneryobjects\Buildings_MC\bw_50s_18.sco
1379764585
1379764585
-1
Sceneryobjects\Buildings_MC\bw_50s_23.sco
1379764572
1379764572
-1
Sceneryobjects\Buildings_MC\bw_70s_01A.sco
1379764572
1379764572
-1
Sceneryobjects\Buildings_MC\bw_hoch_03.sco
1379764572
1379764572
-1
Sceneryobjects\Buildings_MC\wohn_smrow_01.sco
1379764578
1379764578
-1
Sceneryobjects\DBC_Objects\obj_streetlight_bend.sco
1379764667
1379764667
-1
Sceneryobjects\DBC_Objects\obj_TL_car3_pole.sco
1219467851
1219467851
-1
Sceneryobjects\DBC_Objects\soundcube_traffic.sco
1379764668
1379764668
-1
Sceneryobjects\Generic\bus_stop.sco
1379764589
1379764589
-1
Sceneryobjects\Generic\people_standing_small.sco
1379764578
1379764578
-1
Sceneryobjects\Generic\routearrow_L.sco
1379764578
1379764578
-1
Sceneryobjects\Generic\routearrow_R.sco
1379764578
1379764578
-1
Sceneryobjects\Generic\routearrows_busstop.sco
1379764589
1379764589
-1
Sceneryobjects\Kreuz_MC\Kreuz_Heerstr_Gatower.sco
1379764581
1379764581
-1
Sceneryobjects\Streetobjects_MC\strlt_str_ufo_big12.sco
1379764592
1379764592
-1
Sceneryobjects\Streetobjects_RUE\DDR_1xPGH-Topf_Wood+Cable.sco
1379764592
1379764592
-1
Sceneryobjects\Willshire\Var1\Busstop_Lineplate_green_2.sco
1188785582
1188785582
-1
Sceneryobjects\Willshire\Var1\Busstop_Lineplate_green_3.sco
1188785582
1188785582
-1
Sceneryobjects\Willshire\Var1\Busstop_Lineplate_yellow_2.sco
1188785582
1188785582
-1
Sceneryobjects\Willshire\Var1\Busstop_Name_Timetable_1.sco
1188785582
1188785582
-1
Sceneryobjects\Willshire\Var4\busstopTTC.sco
1188785584
1188785584
-1
Splines\ADDON_SimpleStreets\RQ_X_2spur_Altonaer_8m.sli
1047608349
-
-
Splines\Marcel\invis_airway.sli
1379764600
-
-
Splines\Marcel\str_4spur_12,5m_Heerstr4.sli
1379764600
-
-
Sceneryobjects\DBC_Objects\obj_att_rod_med.sco
1379764667
1379764667
-1
Sceneryobjects\DBC_Objects\obj_TL_car3_bar-NEWJOHNCITY.sco
1231329521
1231329521
-1
Sceneryobjects\DBC_Objects\obj_TL_car4L_bar-NEWJOHNCITY.sco
1231326684
1231326684
-1
Sceneryobjects\NewJohnCity\helper-routearrow_L.sco
1249094849
1249094849
-1
