Sceneryobjects\ADDON_SimpleStreets\RQ_9,5_2spur_6,5m_Sidewalk_cross_forbus4.sco
1049118355
1049118355
-1
Sceneryobjects\Buildings_MC\bw_30s_01.sco
1379764572
1379764572
-1
Sceneryobjects\Buildings_MC\bw_50s_04.sco
1379764572
1379764572
-1
Sceneryobjects\Buildings_MC\bw_ladengeschaeft_01.sco
1379764572
1379764572
-1
Sceneryobjects\Buildings_MC\bw_med_01.sco
1379764572
1379764572
-1
Sceneryobjects\Buildings_MC\bw_nervenklinik_C.sco
1379764572
1379764572
-1
Sceneryobjects\Buildings_MC\bw_rowold_23.sco
1379764572
1379764572
-1
Sceneryobjects\Buildings_MC\bw_rowold_44.sco
1379764572
1379764572
-1
Sceneryobjects\Buildings_MC\bw_rowold_49.sco
1379764586
1379764586
-1
Sceneryobjects\Buildings_MC\bw_rowold_50.sco
1379764580
1379764580
-1
Sceneryobjects\Buildings_MC\oth_elek_1.sco
1379764573
1379764573
-1
Sceneryobjects\Buildings_MC\park_2_C.sco
1379764573
1379764573
-1
Sceneryobjects\Buildings_MC\wohn_02.sco
1379764578
1379764578
-1
Sceneryobjects\Buildings_MC\wohn_smrow_01.sco
1379764578
1379764578
-1
Sceneryobjects\Buildings_MC\wohngew_med_01.sco
1379764577
1379764577
-1
Sceneryobjects\Buildings_MC\wohngew_med_02.sco
1379764578
1379764578
-1
Sceneryobjects\Buildings_RUE\Haus01c.sco
1379764588
1379764588
-1
Sceneryobjects\DBC_Objects\busstop_hut.sco
1379764665
1379764665
-1
Sceneryobjects\DBC_Objects\DBC_Tree_Medium_06.sco
1379764665
1379764665
-1
Sceneryobjects\DBC_Objects\obj_pole_streetside_rear.sco
1379764667
1379764667
-1
Sceneryobjects\DBC_Objects\obj_streetlight_double_adv2.sco
1379764667
1379764667
-1
Sceneryobjects\Generic\bus_stop.sco
1379764589
1379764589
-1
Sceneryobjects\Generic\car_park.sco
1379764578
1379764578
-1
Sceneryobjects\Generic\people_standing_small.sco
1379764578
1379764578
-1
Sceneryobjects\Generic\routearrow_dn.sco
1379764589
1379764589
-1
Sceneryobjects\Generic\routearrow_L.sco
1379764578
1379764578
-1
Sceneryobjects\Generic\routearrow_R.sco
1379764578
1379764578
-1
Sceneryobjects\Generic\routearrows_busstop.sco
1379764589
1379764589
-1
Sceneryobjects\NewJohnCity\sign-40kmh.sco
1227537265
1227537265
-1
Sceneryobjects\Streetobjects_MC\bridge_heerstr.sco
1379764592
1379764592
-1
Sceneryobjects\Willshire\Special\market_cube.sco
1188785581
1188785581
-1
Sceneryobjects\Willshire\Var1\busstopTTC.sco
1188785582
1188785582
-1
Sceneryobjects\Willshire\Var3\busstopTTC.sco
1188785584
1188785584
-1
Sceneryobjects\Willshire\Var4\busstopTTC.sco
1188785584
1188785584
-1
Splines\ADDON_SimpleStreets\RQ_9,5_2spur_6,5m_Sidewalk.sli
1047208714
-
-
Splines\Ruede\rail_wood_S49_tunnel.sli
1379764602
-
-
Sceneryobjects\NewJohnCity\helper-routearrow_dn.sco
1249094848
1249094848
-1
Sceneryobjects\NewJohnCity\helper-routearrow_L.sco
1249094849
1249094849
-1
Sceneryobjects\NewJohnCity\helper-routearrow_R.sco
1249094850
1249094850
-1
