Sceneryobjects\ADDON_SimpleStreets\RQ_9,5_2spur_6,5m_Sidewalk_cross_forbus.sco
1047933485
1047933485
-1
Sceneryobjects\ADDON_SimpleStreets\RQ_9,5_to_X8.sco
1047933549
1047933549
-1
Sceneryobjects\ADDON_SimpleStreets\RQ_X8m_2spur_8,0m_Sidewalk_busstop_double.sco
1047945351
1047945351
-1
Sceneryobjects\Buildings_MC\bw_business_01.sco
1379764572
1379764572
-1
Sceneryobjects\Buildings_MC\bw_hoch_14.sco
1379764572
1379764572
-1
Sceneryobjects\Buildings_MC\bw_hoch_19.sco
1379764572
1379764572
-1
Sceneryobjects\Buildings_RUE\Haus02e.sco
1379764578
1379764578
-1
Sceneryobjects\Buildings_RUE\Haus03a.sco
1379764578
1379764578
-1
Sceneryobjects\Buildings_RUE\Haus03b.sco
1379764578
1379764578
-1
Sceneryobjects\Buildings_RUE\Haus03c.sco
1379764578
1379764578
-1
Sceneryobjects\Buildings_RUE\Haus03c2.sco
1379764578
1379764578
-1
Sceneryobjects\Buildings_RUE\Haus03d.sco
1379764578
1379764578
-1
Sceneryobjects\Buildings_RUE\kirche_kath_stmarien.sco
1379764578
1379764578
-1
Sceneryobjects\Buildings_RUE\Tennis-Center.sco
1379764578
1379764578
-1
Sceneryobjects\DBC_Objects\DBC_shrubbery_04_20.sco
1379764665
1379764665
-1
Sceneryobjects\DBC_Objects\DBC_Tree_Medium_05.sco
1379764665
1379764665
-1
Sceneryobjects\DBC_Objects\DBC_Tree_Medium_06.sco
1379764665
1379764665
-1
Sceneryobjects\DBC_Objects\houses_small_3.sco
1379764665
1379764665
-1
Sceneryobjects\DBC_Objects\houses_small_4.sco
1379764665
1379764665
-1
Sceneryobjects\DBC_Objects\obj_pole_streetside_rear.sco
1379764667
1379764667
-1
Sceneryobjects\Generic\bus_stop.sco
1379764589
1379764589
-1
Sceneryobjects\Generic\people_standing_small.sco
1379764578
1379764578
-1
Sceneryobjects\Generic\routearrow_dn.sco
1379764589
1379764589
-1
Sceneryobjects\Generic\routearrow_L.sco
1219407493
1219407493
-1
Sceneryobjects\Generic\routearrow_R.sco
1379764578
1379764578
-1
Sceneryobjects\Generic\routearrows_busstop.sco
1379764589
1379764589
-1
Sceneryobjects\NewJohnCity\sign-50kmh.sco
1227537266
1227537266
-1
Sceneryobjects\Streetobjects_RUE\neonlight_S_bend_S.sco
1379764608
1379764608
-1
Sceneryobjects\Streetobjects_RUE\sodiumlight_photpump.sco
1379764608
1379764608
-1
Sceneryobjects\Willshire\busstops\busstop.sco
1279376314
1279376314
-1
Sceneryobjects\Willshire\Var1\busstopTTC.sco
1188785582
1188785582
-1
Sceneryobjects\Willshire\Var4\busstopTTC.sco
1188785584
1188785584
-1
Splines\ADDON_SimpleStreets\RQ_9,5_2spur_6,5m_Sidewalk.sli
1047208714
-
-
Splines\Marcel\str_2spur_8m_altonaer1.sli
1379764600
-
-
Sceneryobjects\NewJohnCity\helper-routearrow_R.sco
1249094850
1249094850
-1
Sceneryobjects\NewJohnCity\helper-routearrow_L.sco
1379764578
1379764578
-1
