Sceneryobjects\ADDON_SimpleStreets\RQ_20n_w9,5_Sidew_Junct.sco
1049108274
1049108274
-1
Sceneryobjects\Buildings_MC\bw_50s_05.sco
1379764572
1379764572
-1
Sceneryobjects\Buildings_MC\bw_hoch_22.sco
1379764572
1379764572
-1
Sceneryobjects\Buildings_MC\bw_hoch_23B.sco
1379764572
1379764572
-1
Sceneryobjects\DBC_Objects\DBC_Tree_Medium_05.sco
1379764665
1379764665
-1
Sceneryobjects\DBC_Objects\DBC_Tree_Medium_06.sco
1379764665
1379764665
-1
Sceneryobjects\DBC_Objects\obj_pole_med.sco
1379764667
1379764667
-1
Sceneryobjects\DBC_Objects\obj_pole_streetside_rear.sco
1379764667
1379764667
-1
Sceneryobjects\DBC_Objects\obj_streetlight_bend.sco
1379764667
1379764667
-1
Sceneryobjects\DBC_Objects\obj_TL_car3_pole.sco
1379764667
1379764667
-1
Sceneryobjects\Generic\bus_stop.sco
1379764589
1379764589
-1
Sceneryobjects\Generic\people_standing_small.sco
1379764578
1379764578
-1
Sceneryobjects\Generic\routearrow_dn.sco
1379764589
1379764589
-1
Sceneryobjects\Generic\routearrows_busstop.sco
1379764589
1379764589
-1
Sceneryobjects\NewJohnCity\sign-40kmh.sco
1227537265
1227537265
-1
Sceneryobjects\NewJohnCity\sign-60kmh.sco
1227536904
1227536904
-1
Sceneryobjects\Streetobjects_RUE\Gaslight_Stresow.sco
1379764592
1379764592
-1
Sceneryobjects\Willshire\Special\StreetSign_1lg_pole.sco
1188785581
1188785581
-1
Sceneryobjects\Willshire\Var1\Richtungstafel.sco
1188785582
1188785582
-1
Sceneryobjects\Willshire\Var1\VZ_274-1_30erZone_MitMast.sco
1188785582
1188785582
-1
Sceneryobjects\Willshire\Var4\busstopTTC.sco
1188785584
1188785584
-1
Splines\ADDON_SimpleStreets\RQ_20_4_spur_15m_narrow_Sidewalk.sli
1048781446
-
-
Splines\Marcel\invis_airway.sli
1379764600
-
-
Splines\Ruede\str_2spur_6.5m_DDR_Freimuthstr.sli
1379764614
-
-
