Sceneryobjects\ADDON_SimpleStreets\RQ_20n_w9,5_Sidew_Crossing.sco
1049107983
1049107983
-1
Sceneryobjects\Buildings_RUE\Haus01c.sco
1379764588
1379764588
-1
Sceneryobjects\Buildings_RUE\Haus01c2.sco
1379764578
1379764578
-1
Sceneryobjects\Buildings_RUE\Haus02b.sco
1379764578
1379764578
-1
Sceneryobjects\Buildings_RUE\Haus03a.sco
1379764578
1379764578
-1
Sceneryobjects\Buildings_RUE\Haus03b.sco
1379764578
1379764578
-1
Sceneryobjects\Buildings_RUE\Haus03e.sco
1379764578
1379764578
-1
Sceneryobjects\DBC_Objects\DBC_shrubbery_04_20.sco
1379764665
1379764665
-1
Sceneryobjects\DBC_Objects\DBC_Tree_Medium_06.sco
1379764665
1379764665
-1
Sceneryobjects\DBC_Objects\illi_mccl_pesh_N.sco
1379764665
1379764665
-1
Sceneryobjects\DBC_Objects\NEWJOHNCITY_busstop_hut.sco
1227532909
1227532909
-1
Sceneryobjects\DBC_Objects\obj_att_rod_short.sco
1379764667
1379764667
-1
Sceneryobjects\DBC_Objects\obj_pole_med.sco
1379764667
1379764667
-1
Sceneryobjects\DBC_Objects\obj_pole_streetside_rear.sco
1379764667
1379764667
-1
Sceneryobjects\DBC_Objects\obj_streetlight_bend.sco
1379764667
1379764667
-1
Sceneryobjects\DBC_Objects\obj_TL_car3_bar-NEWJOHNCITY.sco
1231329521
1231329521
-1
Sceneryobjects\DBC_Objects\obj_TL_car3_pole.sco
1379764667
1379764667
-1
Sceneryobjects\DBC_Objects\obj_TL_car4L_bar-NEWJOHNCITY.sco
1231326684
1231326684
-1
Sceneryobjects\Generic\bus_stop.sco
1379764589
1379764589
-1
Sceneryobjects\Generic\people_standing_small.sco
1379764578
1379764578
-1
Sceneryobjects\Generic\routearrow_dn.sco
1379764589
1379764589
-1
Sceneryobjects\Generic\routearrow_R.sco
1379764578
1379764578
-1
Sceneryobjects\Generic\routearrows_busstop.sco
1379764589
1379764589
-1
Sceneryobjects\NewJohnCity\sign-50kmh.sco
1227537266
1227537266
-1
Sceneryobjects\NewJohnCity\sign-60kmh.sco
1227536904
1227536904
-1
Sceneryobjects\Streetobjects_RUE\DDR_1xLBL_M_Beton_7m.sco
1379764592
1379764592
-1
Sceneryobjects\Streetobjects_RUE\DDR_RSL1_Beton_5m.sco
1379764592
1379764592
-1
Sceneryobjects\Streetobjects_RUE\neonlight_S_bend_S.sco
1379764608
1379764608
-1
Sceneryobjects\Willshire\Var4\busstopTTC.sco
1188785584
1188785584
-1
Splines\ADDON_SimpleStreets\RQ_20_4_spur_15m_narrow_Sidewalk.sli
1048781446
-
-
Splines\ADDON_SimpleStreets\RQ_9,5_2spur_6,5m_Sidewalk.sli
1047208714
-
-
Sceneryobjects\NewJohnCity\helper-routearrow_L.sco
1249094849
1249094849
-1
