Sceneryobjects\ADDON_SimpleStreets\HL_HeiligenGeistKamp.sco
1078210818
1078210818
-1
Sceneryobjects\ADDON_SimpleStreets\HL_HeiligenGeistKampTunnel.sco
1052980098
1052980098
-1
Sceneryobjects\ADDON_SimpleStreets\RQ_20n_to_20.sco
1049109050
1049109050
-1
Sceneryobjects\ADDON_SimpleStreets\RQ_20n_w9,5_SideWide_Junct_A.sco
1115558743
1115558743
-1
Sceneryobjects\ADDON_SimpleStreets\traffic_lights_doubler.sco
1078209644
1078209644
-1
Sceneryobjects\ADDON_SimpleStreets\yellow_blink.sco
1048341143
1048341143
-1
Sceneryobjects\DBC_Objects\DBC_shrubbery_04_20.sco
1379764665
1379764665
-1
Sceneryobjects\DBC_Objects\DBC_Tree_Medium_05.sco
1379764665
1379764665
-1
Sceneryobjects\DBC_Objects\NEWJOHNCITY_busstop_hut.sco
1227532909
1227532909
-1
Sceneryobjects\DBC_Objects\obj_att_rod_med.sco
1379764667
1379764667
-1
Sceneryobjects\DBC_Objects\obj_att_rod_short.sco
1379764667
1379764667
-1
Sceneryobjects\DBC_Objects\obj_pole_streetside_rear.sco
1379764667
1379764667
-1
Sceneryobjects\DBC_Objects\obj_streetlight_bend.sco
1379764667
1379764667
-1
Sceneryobjects\DBC_Objects\obj_streetlight_bend_double.sco
1379764667
1379764667
-1
Sceneryobjects\DBC_Objects\obj_TL_car3_bar.sco
1379764667
1379764667
-1
Sceneryobjects\DBC_Objects\obj_TL_car3L_bar.sco
1379764667
1379764667
-1
Sceneryobjects\Generic\bus_stop.sco
1379764589
1379764589
-1
Sceneryobjects\Generic\people_standing_small.sco
1379764578
1379764578
-1
Sceneryobjects\Generic\routearrow_dn.sco
1379764589
1379764589
-1
Sceneryobjects\Generic\routearrow_L.sco
1219407493
1219407493
-1
Sceneryobjects\Generic\routearrows_busstop.sco
1379764589
1379764589
-1
Sceneryobjects\NewJohnCity\sign-60kmh.sco
1227536904
1227536904
-1
Sceneryobjects\Railroad_RUE\Girder_Bridge_Klaerwerkstr02.sco
1379764591
1379764591
-1
Sceneryobjects\Streetobjects_RUE\DDR_1xPGH-Topf_Wood+Cable.sco
1379764592
1379764592
-1
Sceneryobjects\Willshire\Var1\busstopTTC.sco
1188785582
1188785582
-1
Sceneryobjects\Willshire\Var4\busstopTTC.sco
1188785584
1188785584
-1
Splines\ADDON_SimpleStreets\RQ_10,5_2spur_7,5m_Sidewalk.sli
1047297148
-
-
Splines\ADDON_SimpleStreets\RQ_20_4_spur_15m_narrow_Sidewalk_wide.sli
1109677056
-
-
Splines\ADDON_SimpleStreets\RQ_20_4_spur_15m_Sidewalk.sli
1048862949
-
-
Splines\Marcel\rail_boxcut_concrete_1tr6m.sli
1379764614
-
-
Splines\Ruede\rail_wood_S49_width.sli
1379764602
-
-
Sceneryobjects\NewJohnCity\helper-routearrow_L.sco
1379764578
1379764578
-1
