Sceneryobjects\ADDON_SimpleStreets\RQ_28_Entry_End.sco
1048927927
1048927927
-1
Sceneryobjects\ADDON_SimpleStreets\RQ_28_Exit_Start.sco
1048928288
1048928288
-1
Sceneryobjects\DBC_Objects\obj_pole_streetside_rear.sco
1379764667
1379764667
-1
Sceneryobjects\NewJohnCity\sign-100kmh.sco
1227536908
1227536908
-1
Sceneryobjects\Streetobjects_RUE\neonlight_2L_bend_L.sco
1379764593
1379764593
-1
Sceneryobjects\Trees_MC\fir_medium_02.sco
1379764608
1379764608
-1
Splines\ADDON_SimpleStreets\RQ_28.sli
1048386508
-
-
Splines\ADDON_SimpleStreets\RQ_28_EntryExit_Both.sli
1048386626
-
-
Splines\Marcel\invis_airway.sli
1379764600
-
-
