Sceneryobjects\ADDON_SimpleStreets\RQ_9,5_2spur_6,5m_Sidewalk_busstop_double.sco
1047933469
1047933469
-1
Sceneryobjects\ADDON_SimpleStreets\RQ_9,5_2spur_6,5m_Sidewalk_cross_forbus.sco
1047933485
1047933485
-1
Sceneryobjects\ADDON_SimpleStreets\RQ_9,5_2spur_6,5m_Sidewalk_cross_forbus4.sco
1049118355
1049118355
-1
Sceneryobjects\ADDON_SimpleStreets\RQ_9,5_2spur_6,5m_Sidewalk_Roundabout_normal_part0.sco
1048470582
1048470582
-1
Sceneryobjects\ADDON_SimpleStreets\RQ_9,5_2spur_6,5m_Sidewalk_Roundabout_normal_part1.sco
1052258840
1052258840
-1
Sceneryobjects\ADDON_SimpleStreets\RQ_9,5_to_X8.sco
1047933549
1047933549
-1
Sceneryobjects\ADDON_SimpleStreets\RQ_X8_to_X11_Seeburger.sco
1047933585
1047933585
-1
Sceneryobjects\Buildings_MC\bw_rowold_57.sco
1379764572
1379764572
-1
Sceneryobjects\Buildings_MC\bw_rowold_58.sco
1379764572
1379764572
-1
Sceneryobjects\Buildings_MC\bw_rowold_sm_02.sco
1379764586
1379764586
-1
Sceneryobjects\Buildings_MC\sportsground_big.sco
1379764587
1379764587
-1
Sceneryobjects\Buildings_RUE\Haus01e.sco
1379764578
1379764578
-1
Sceneryobjects\DBC_Objects\DBC_Tree_Medium_06.sco
1379764665
1379764665
-1
Sceneryobjects\DBC_Objects\DBC_Tree_Small_06.sco
1379764665
1379764665
-1
Sceneryobjects\DBC_Objects\obj_cone2.sco
1379764667
1379764667
-1
Sceneryobjects\DBC_Objects\obj_pole_streetside_rear.sco
1379764667
1379764667
-1
Sceneryobjects\DBC_Objects\obj_pole_streetsign_side.sco
1379764667
1379764667
-1
Sceneryobjects\DBC_Objects\obj_streetlight_bend_double.sco
1379764667
1379764667
-1
Sceneryobjects\DBC_Objects\Sign_Street_DoNotEnter.sco
1379764667
1379764667
-1
Sceneryobjects\DBC_Objects\Sign_Street_obstacle.sco
1379764668
1379764668
-1
Sceneryobjects\Generic\bus_stop.sco
1379764589
1379764589
-1
Sceneryobjects\Generic\car_park.sco
1379764578
1379764578
-1
Sceneryobjects\Generic\people_standing_small.sco
1379764578
1379764578
-1
Sceneryobjects\Generic\routearrow_dn.sco
1379764589
1379764589
-1
Sceneryobjects\Generic\routearrow_L.sco
1379764578
1379764578
-1
Sceneryobjects\Generic\routearrow_R.sco
1379764578
1379764578
-1
Sceneryobjects\Generic\routearrows_busstop.sco
1379764589
1379764589
-1
Sceneryobjects\Kreuz_MC\Einm_see_seeckt.sco
1379764589
1379764589
-1
Sceneryobjects\NewJohnCity\sign-40kmh.sco
1227537265
1227537265
-1
Sceneryobjects\Streetobjects_MC\rw_heap_1.sco
1379764592
1379764592
-1
Sceneryobjects\Willshire\busstops\busstop.sco
1279376314
1279376314
-1
Sceneryobjects\Willshire\Var1\busstopTTC.sco
1188785582
1188785582
-1
Splines\ADDON_SimpleStreets\RQ_9,5_2spur_6,5m_Sidewalk.sli
1047208714
-
-
Splines\Marcel\str_2spur_8m_altonaer1.sli
1379764600
-
-
Splines\Ruede\rail_wood_S49_tunnel.sli
1379764602
-
-
