Sceneryobjects\ADDON_SimpleStreets\RQ_28_Bridge_EntryExit_Connector.sco
1049457382
1049457382
-1
Sceneryobjects\ADDON_SimpleStreets\RQ_28_Entry_Start.sco
1048927977
1048927977
-1
Sceneryobjects\ADDON_SimpleStreets\RQ_28_Exit_End.sco
1048928088
1048928088
-1
Sceneryobjects\DBC_Objects\DBC_routehelper_sight.sco
1379764665
1379764665
-1
Sceneryobjects\DBC_Objects\DBC_Tree_Medium_06.sco
1379764665
1379764665
-1
Sceneryobjects\DBC_Objects\obj_streetlight_bend.sco
1379764667
1379764667
-1
Sceneryobjects\DBC_Objects\obj_streetlight_bend_double.sco
1379764667
1379764667
-1
Sceneryobjects\Kreuz_MC\Wende_Borkumer_R.sco
1379764584
1379764584
-1
Sceneryobjects\Willshire\Special\VZ_surfmark_arrow_SL.sco
1188785581
1188785581
-1
Sceneryobjects\Willshire\Var1\Richtungstafel.sco
1188785582
1188785582
-1
Splines\ADDON_SimpleStreets\RQ_10,5_1spur.sli
1048346881
-
-
Splines\ADDON_SimpleStreets\RQ_20_4_spur_15m_narrow_Sidewalk.sli
1048781446
-
-
Splines\ADDON_SimpleStreets\RQ_28_EntryExit_Both_Bridge.sli
1049453082
-
-
Splines\Marcel\invis_airway.sli
1379764600
-
-
Splines\Ruede\str_2spur_8m_DDR_Spandauer_Str.sli
1379764602
-
-
Vehicles\DBC_Chicago_Car_10\parked_car10_dump.sco
1379764677
1379764680
-1
