Sceneryobjects\ADDON_SimpleStreets\RQ_10,5_Sidewalk_Bridge_Connector.sco
1049113276
1049113276
-1
Sceneryobjects\ADDON_SimpleStreets\RQ_10,5_SlowEntryLeft.sco
1051992993
1051992993
-1
Sceneryobjects\ADDON_SimpleStreets\RQ_10,5_SlowExitRight.sco
1051992870
1051992870
-1
Sceneryobjects\ADDON_SimpleStreets\RQ_28_Bridge_Connector.sco
1049457309
1049457309
-1
Sceneryobjects\ADDON_SimpleStreets\RQ_28_Bridge_EntryExit_Connector.sco
1049457382
1049457382
-1
Sceneryobjects\ADDON_SimpleStreets\RQ_28_Entry_Start.sco
1048927977
1048927977
-1
Sceneryobjects\ADDON_SimpleStreets\RQ_28_Exit_End.sco
1048928088
1048928088
-1
Sceneryobjects\ADDON_SimpleStreets\RQ_9,5_2spur_6,5m_Sidewalk_junct_forbus.sco
1047933507
1047933507
-1
Sceneryobjects\ADDON_SimpleStreets\RQ_9,5_to_10,5.sco
1047933545
1047933545
-1
Sceneryobjects\Buildings_MC\tank_2_esso.sco
1379764587
1379764587
-1
Sceneryobjects\DBC_Objects\obj_pole_streetside_rear.sco
1379764667
1379764667
-1
Sceneryobjects\DBC_Objects\Sign_Street_DoNotEnterCTA.sco
1379764667
1379764667
-1
Sceneryobjects\DBC_Objects\Sign_Street_Yield.sco
1379764668
1379764668
-1
Sceneryobjects\Generic\bus_stop.sco
1379764589
1379764589
-1
Sceneryobjects\Generic\people_standing_small.sco
1379764578
1379764578
-1
Sceneryobjects\Generic\routearrow_dn.sco
1379764589
1379764589
-1
Sceneryobjects\Generic\routearrow_L.sco
1379764578
1379764578
-1
Sceneryobjects\Generic\routearrow_R.sco
1379764578
1379764578
-1
Sceneryobjects\Generic\routearrows_busstop.sco
1379764589
1379764589
-1
Sceneryobjects\NewJohnCity\sign-100kmh.sco
1227536908
1227536908
-1
Sceneryobjects\NewJohnCity\sign-50kmh.sco
1227537266
1227537266
-1
Sceneryobjects\NewJohnCity\sign-80kmh.sco
1227536906
1227536906
-1
Sceneryobjects\Streetobjects_MC\strlt_gwg_RSp_1.sco
1379764592
1379764592
-1
Sceneryobjects\Streetobjects_RUE\LBL-Tropfen_5.sco
1379764608
1379764608
-1
Sceneryobjects\Streetobjects_RUE\neonlight_S_wood.sco
1379764608
1379764608
-1
Sceneryobjects\Willshire\busstops\busstop.sco
1279376314
1279376314
-1
Sceneryobjects\Willshire\Special\VZ_surfmark_arrow_S.sco
1188785581
1188785581
-1
Sceneryobjects\Willshire\TTC-busstop\busstopTTC.sco
1279376419
1279376419
-1
Sceneryobjects\Willshire\Var1\busstopTTC.sco
1188785582
1188785582
-1
Sceneryobjects\Willshire\Var1\Richtungstafel.sco
1188785582
1188785582
-1
Sceneryobjects\Willshire\Var4\busstopTTC.sco
1188785584
1188785584
-1
Splines\ADDON_SimpleStreets\RQ_10,5_1spur.sli
1048346881
-
-
Splines\ADDON_SimpleStreets\RQ_10,5_2spur_7,5m.sli
1048128548
-
-
Splines\ADDON_SimpleStreets\RQ_10,5_2spur_7,5m_Sidewalk.sli
1047297148
-
-
Splines\ADDON_SimpleStreets\RQ_10,5_2spur_7,5m_Sidewalk_Bridge.sli
1049112785
-
-
Splines\ADDON_SimpleStreets\RQ_28.sli
1048386508
-
-
Splines\ADDON_SimpleStreets\RQ_28_Bridge.sli
1049453741
-
-
Splines\ADDON_SimpleStreets\RQ_28_EntryExit_Both.sli
1048386626
-
-
Splines\ADDON_SimpleStreets\RQ_28_EntryExit_Both_Bridge.sli
1049453082
-
-
Splines\ADDON_SimpleStreets\RQ_9,5_2spur_6,5m_Sidewalk.sli
1047208714
-
-
