Sceneryobjects\ADDON_SimpleStreets\RQ_9,5_2spur_6,5m_Sidewalk_cross_nobus2.sco
1047933493
1047933493
-1
Sceneryobjects\ADDON_SimpleStreets\RQ_9,5_to_X8.sco
1047933549
1047933549
-1
Sceneryobjects\Buildings_MC\bw_einkaufszentrum_04.sco
1379764572
1379764572
-1
Sceneryobjects\Buildings_MC\bw_rowold_25.sco
1379764572
1379764572
-1
Sceneryobjects\Buildings_MC\bw_rowold_sm_09.sco
1379764572
1379764572
-1
Sceneryobjects\Buildings_MC\kirche_ev_01.sco
1379764586
1379764586
-1
Sceneryobjects\Buildings_MC\oth_elek_1.sco
1379764573
1379764573
-1
Sceneryobjects\Buildings_RUE\Schulzentrum.sco
1379764578
1379764578
-1
Sceneryobjects\Buildings_RUE\Tennis-Center.sco
1379764578
1379764578
-1
Sceneryobjects\DBC_Objects\NEWJOHNCITY_busstop_hut.sco
1227532909
1227532909
-1
Sceneryobjects\DBC_Objects\obj_att_rod_short.sco
1379764667
1379764667
-1
Sceneryobjects\DBC_Objects\obj_att_rod_stub.sco
1379764667
1379764667
-1
Sceneryobjects\DBC_Objects\obj_streetlight_bend.sco
1379764667
1379764667
-1
Sceneryobjects\DBC_Objects\obj_TL_car3_bar.sco
1379764667
1379764667
-1
Sceneryobjects\DBC_Objects\Sign_Street_Med.sco
1379764667
1379764667
-1
Sceneryobjects\Generic\bus_stop.sco
1379764589
1379764589
-1
Sceneryobjects\Generic\car_park.sco
1379764578
1379764578
-1
Sceneryobjects\Generic\people_standing_small.sco
1379764578
1379764578
-1
Sceneryobjects\Generic\routearrows_busstop.sco
1379764589
1379764589
-1
Sceneryobjects\Kreuz_MC\Kreuz_See_Elsflether.sco
1379764590
1379764590
-1
Sceneryobjects\Streetobjects_RUE\LBL-Brikett_wood.sco
1379764592
1379764592
-1
Sceneryobjects\Streetobjects_RUE\sodiumlight_photpump.sco
1379764608
1379764608
-1
Sceneryobjects\Willshire\busstops\busstop.sco
1279376314
1279376314
-1
Splines\ADDON_SimpleStreets\RQ_9,5_2spur_6,5m_Sidewalk.sli
1047208714
-
-
Splines\Marcel\str_2spur_11m_SeeburgerStr1.sli
1379764600
-
-
