Sceneryobjects\ADDON_SimpleStreets\RQ_20n_w9,5_Sidew_Crossing.sco
1049105935
1049105935
-1
Sceneryobjects\ashleytayles\4lanes_junction.sco
1112694418
1112694418
-1
Sceneryobjects\Buildings_RUE\Haus03a.sco
1379762530
1379762530
-1
Sceneryobjects\DBC_Objects\DBC_shrubbery_04_20.sco
1379762617
1379762617
-1
Sceneryobjects\DBC_Objects\DBC_Tree_Medium_05.sco
1379762617
1379762617
-1
Sceneryobjects\DBC_Objects\DBC_Tree_Small_06.sco
1379762617
1379762617
-1
Sceneryobjects\DBC_Objects\obj_att_rod_med.sco
1379762619
1379762619
-1
Sceneryobjects\DBC_Objects\obj_streetlight_bend.sco
1379762619
1379762619
-1
Sceneryobjects\DBC_Objects\obj_TL_car3_bar-NEWJOHNCITY.sco
1231327473
1231327473
-1
Sceneryobjects\DBC_Objects\obj_TL_car4L_bar-NEWJOHNCITY.sco
1231324636
1231324636
-1
Sceneryobjects\DBC_Objects\Sign_Street_Med.sco
1379762619
1379762619
-1
Sceneryobjects\Generic\bus_stop.sco
1379762541
1379762541
-1
Sceneryobjects\Generic\people_standing_small.sco
1379762530
1379762530
-1
Sceneryobjects\Generic\routearrow_dn.sco
1379762541
1379762541
-1
Sceneryobjects\Generic\routearrows_busstop.sco
1379762541
1379762541
-1
Sceneryobjects\Ruede\forest_backdrop01.sco
1379762544
1379762544
-1
Sceneryobjects\Streetobjects_RUE\LBL-Tropfen.sco
1379762560
1379762560
-1
Sceneryobjects\Trees_MC\arbor_5.sco
1379762545
1379762545
-1
Sceneryobjects\Willshire\busstops\busstop.sco
1279374266
1279374266
-1
Sceneryobjects\Willshire\Var1\busstopTTC.sco
1188783534
1188783534
-1
Splines\ADDON_SimpleStreets\RQ_20_4_spur_15m_narrow_Sidewalk.sli
1048779398
-
-
