Sceneryobjects\DBC_Objects\obj_att_rod_long.sco
1379764667
1379764667
-1
Sceneryobjects\DBC_Objects\obj_cone1.sco
1219465725
1219465725
-1
Sceneryobjects\DBC_Objects\obj_cone2.sco
1219465803
1219465803
-1
Sceneryobjects\DBC_Objects\obj_pole_streetside_rear.sco
1379764667
1379764667
-1
Sceneryobjects\DBC_Objects\obj_streetlight_bend.sco
1379764667
1379764667
-1
Sceneryobjects\DBC_Objects\Sign_Street_obstacle.sco
1219465733
1219465733
-1
Sceneryobjects\DBC_Objects\Sign_Street_OnlyLeft.sco
1379764668
1379764668
-1
Sceneryobjects\DBC_Objects\Sign_Street_OnlyRightBus.sco
1379764668
1379764668
-1
Sceneryobjects\DBC_Objects\Sign_Street_OnlyStraight.sco
1379764668
1379764668
-1
Sceneryobjects\DBC_Objects\soundcube_water.sco
1379764668
1379764668
-1
Sceneryobjects\Generic\routearrow_dn.sco
1379764589
1379764589
-1
Sceneryobjects\Generic\routearrow_L.sco
1219407493
1219407493
-1
Sceneryobjects\Streetobjects_MC\rw_barrier_light_r.sco
1219407174
1219407174
-1
Sceneryobjects\Streetobjects_MC\rw_barrier_light_y.sco
1219407210
1219407210
-1
Sceneryobjects\Streetobjects_MC\rw_digging.sco
1219407175
1219407175
-1
Sceneryobjects\Streetobjects_MC\rw_heap_1.sco
1219407533
1219407533
-1
Sceneryobjects\Verkehrszeichen_MC\VZ_surfmark_arrow_L.sco
1379764610
1379764610
-1
Sceneryobjects\Verkehrszeichen_MC\VZ_surfmark_arrow_S.sco
1219407640
1219407640
-1
Sceneryobjects\Verkehrszeichen_MC\VZ_surfmark_arrow_SR.sco
1379764594
1379764594
-1
Splines\ADDON_SimpleStreets\RQ_20_4_spur_15m_narrow_Sidewalk.sli
1048781446
-
-
