Sceneryobjects\ADDON_SimpleStreets\RQ_X8m_2spur_8,0m_Sidewalk_cross.sco
1047933604
1047933604
-1
Sceneryobjects\Buildings_MC\Box01.sco
1379764572
1379764572
-1
Sceneryobjects\Buildings_MC\buro_01.sco
1379764585
1379764585
-1
Sceneryobjects\Buildings_MC\bw_hoch_23A.sco
1379764572
1379764572
-1
Sceneryobjects\Buildings_MC\bw_ladengeschaeft_01.sco
1379764572
1379764572
-1
Sceneryobjects\Buildings_MC\bw_med_03.sco
1379764572
1379764572
-1
Sceneryobjects\Buildings_MC\bw_rowold_46.sco
1379764586
1379764586
-1
Sceneryobjects\Buildings_MC\bw_workshop_01.sco
1379764572
1379764572
-1
Sceneryobjects\Buildings_MC\kirche_ev_01.sco
1379764586
1379764586
-1
Sceneryobjects\Buildings_MC\park_5.sco
1379764587
1379764587
-1
Sceneryobjects\DBC_Objects\DBC_Tree_Medium_06.sco
1379764665
1379764665
-1
Sceneryobjects\DBC_Objects\DBC_Tree_Small_07.sco
1379764665
1379764665
-1
Sceneryobjects\DBC_Objects\NEWJOHNCITY_busstop_hut.sco
1227532909
1227532909
-1
Sceneryobjects\DBC_Objects\obj_pole_streetside_rear.sco
1379764667
1379764667
-1
Sceneryobjects\Generic\bus_stop.sco
1379764589
1379764589
-1
Sceneryobjects\Generic\entrypoint_bus.sco
1379764600
1379764600
-1
Sceneryobjects\Generic\people_standing_small.sco
1379764578
1379764578
-1
Sceneryobjects\Generic\routearrow_dn.sco
1379764589
1379764589
-1
Sceneryobjects\Generic\routearrow_L.sco
1379764578
1379764578
-1
Sceneryobjects\Generic\routearrow_R.sco
1379764578
1379764578
-1
Sceneryobjects\Generic\routearrows_busstop.sco
1379764589
1379764589
-1
Sceneryobjects\Kreuz_MC\Kreuz_Altonaer.sco
1379764579
1379764579
-1
Sceneryobjects\NewJohnCity\sign-40kmh.sco
1227537265
1227537265
-1
Sceneryobjects\NewJohnCity\sign-50kmh.sco
1227537266
1227537266
-1
Sceneryobjects\Streetobjects_RUE\neonlight_S_bend_S.sco
1379764608
1379764608
-1
Sceneryobjects\Streetobjects_RUE\neonlight_S_break_S.sco
1379764593
1379764593
-1
Sceneryobjects\Streetobjects_RUE\sodiumlight_photpump.sco
1379764608
1379764608
-1
Sceneryobjects\Willshire\busstops\busstop.sco
1279376314
1279376314
-1
Sceneryobjects\Willshire\Var1\busstopTTC.sco
1188785582
1188785582
-1
Sceneryobjects\Willshire\Var1\Richtungstafel.sco
1188785582
1188785582
-1
Sceneryobjects\Willshire\Var4\busstopTTC.sco
1188785584
1188785584
-1
Splines\Marcel\str_2spur_8m_altonaer1.sli
1379764600
-
-
Splines\Marcel\str_2spur_8m_sedan1.sli
1379764600
-
-
