Sceneryobjects\ADDON_SimpleStreets\RQ_9,5_2spur_6,5m_Sidewalk_busstop.sco
1047933440
1047933440
-1
Sceneryobjects\ADDON_SimpleStreets\RQ_9,5_2spur_6,5m_Sidewalk_busstop_double.sco
1047933469
1047933469
-1
Sceneryobjects\ADDON_SimpleStreets\RQ_9,5_2spur_6,5m_Sidewalk_junct_forbus.sco
1047933507
1047933507
-1
Sceneryobjects\ADDON_SimpleStreets\RQ_9,5_2spur_6,5m_Sidewalk_junct_forbus4.sco
1049118880
1049118880
-1
Sceneryobjects\Buildings_MC\bw_hoch_16.sco
1379764572
1379764572
-1
Sceneryobjects\Buildings_MC\bw_hoch_23B.sco
1379764572
1379764572
-1
Sceneryobjects\Buildings_RUE\Haus01f.sco
1379764578
1379764578
-1
Sceneryobjects\Buildings_RUE\Haus02d.sco
1379764599
1379764599
-1
Sceneryobjects\Buildings_RUE\Haus02f.sco
1379764578
1379764578
-1
Sceneryobjects\Buildings_RUE\Haus03d.sco
1379764578
1379764578
-1
Sceneryobjects\DBC_Objects\DBC_shrubbery_01_10.sco
1379764665
1379764665
-1
Sceneryobjects\DBC_Objects\DBC_shrubbery_04_20.sco
1379764665
1379764665
-1
Sceneryobjects\DBC_Objects\DBC_Tree_Medium_05.sco
1379764665
1379764665
-1
Sceneryobjects\DBC_Objects\DBC_Tree_Medium_06.sco
1379764665
1379764665
-1
Sceneryobjects\DBC_Objects\DBC_Tree_Small_06.sco
1379764665
1379764665
-1
Sceneryobjects\DBC_Objects\DBC_Tree_Small_07.sco
1379764665
1379764665
-1
Sceneryobjects\DBC_Objects\obj_pole_streetside_rear.sco
1379764667
1379764667
-1
Sceneryobjects\DBC_Objects\obj_streetlight_single.sco
1379764667
1379764667
-1
Sceneryobjects\DBC_Objects\Sign_Street_Stop.sco
1379764668
1379764668
-1
Sceneryobjects\DBC_Objects\Sign_Street_StopAW.sco
1379764668
1379764668
-1
Sceneryobjects\Generic\bus_stop.sco
1379764589
1379764589
-1
Sceneryobjects\Generic\people_standing_small.sco
1379764578
1379764578
-1
Sceneryobjects\Generic\routearrow_dn.sco
1379764589
1379764589
-1
Sceneryobjects\Generic\routearrow_L.sco
1379764578
1379764578
-1
Sceneryobjects\Generic\routearrow_R.sco
1379764578
1379764578
-1
Sceneryobjects\Generic\routearrows_busstop.sco
1379764589
1379764589
-1
Sceneryobjects\NewJohnCity\sign-40kmh.sco
1227537265
1227537265
-1
Sceneryobjects\NewJohnCity\sign-50kmh.sco
1227537266
1227537266
-1
Sceneryobjects\NewJohnCity\sign-end.sco
1229357532
1229357532
-1
Sceneryobjects\Streetobjects_RUE\DDR_1xPGH-Topf_Wood+Cable.sco
1379764592
1379764592
-1
Sceneryobjects\Willshire\busstops\busstop.sco
1279376314
1279376314
-1
Sceneryobjects\Willshire\Special\StreetSign_1_pole.sco
1188785581
1188785581
-1
Splines\ADDON_SimpleStreets\RQ_20_4_spur_15m_narrow_Sidewalk.sli
1048781446
-
-
Splines\ADDON_SimpleStreets\RQ_9,5_2spur_6,5m_Sidewalk.sli
1047208714
-
-
