Sceneryobjects\ADDON_SimpleStreets\RQ_9,5_to_X6m.sco
1048141904
1048141904
-1
Sceneryobjects\ADDON_SimpleStreets\RQ_9,5_to_X8.sco
1047933549
1047933549
-1
Sceneryobjects\Buildings_MC\wohn_smrow_01.sco
1379764578
1379764578
-1
Sceneryobjects\DBC_Objects\DBC_shrubbery_04_20.sco
1379764665
1379764665
-1
Sceneryobjects\DBC_Objects\DBC_Tree_Medium_06.sco
1379764665
1379764665
-1
Sceneryobjects\DBC_Objects\NEWJOHNCITY_busstop_hut.sco
1227532909
1227532909
-1
Sceneryobjects\Generic\bus_stop.sco
1379764589
1379764589
-1
Sceneryobjects\Generic\entrypoint_bus.sco
1379764600
1379764600
-1
Sceneryobjects\Generic\routearrow_L.sco
1379764578
1379764578
-1
Sceneryobjects\Generic\routearrows_busstop.sco
1379764589
1379764589
-1
Sceneryobjects\Generic\sound_field.sco
1379764580
1379764580
-1
Sceneryobjects\Kreuz_MC\Extra_002_Wende1.sco
1379764600
1379764600
-1
Sceneryobjects\Streetobjects_MC\glaskontainer_g.sco
1379764592
1379764592
-1
Sceneryobjects\Streetobjects_RUE\LBL-Tropfen_5.sco
1379764608
1379764608
-1
Sceneryobjects\Willshire\Var5\busstopTTC.sco
1188785584
1188785584
-1
Splines\Marcel\invis_airway.sli
1379764600
-
-
Splines\Ruede\str_2spur_6.5m_DDR_Freimuthstr.sli
1379764614
-
-
Splines\Ruede\str_2spur_8m_DDR_Finkenkruger_Str.sli
1379764602
-
-
Splines\Ruede\str_2spur_8m_DDR_Str_der_Jugend.sli
1379764602
-
-
