Sceneryobjects\ADDON_SimpleStreets\RQ_9,5_to_X6m.sco
1048141904
1048141904
-1
Sceneryobjects\Buildings_MC\bw_hoch_09.sco
1379764572
1379764572
-1
Sceneryobjects\Buildings_MC\bw_hoch_14.sco
1379764572
1379764572
-1
Sceneryobjects\DBC_Objects\busstop_hut.sco
1379764665
1379764665
-1
Sceneryobjects\DBC_Objects\DBC_shrubbery_01_10.sco
1379764665
1379764665
-1
Sceneryobjects\DBC_Objects\DBC_shrubbery_01_20.sco
1379764665
1379764665
-1
Sceneryobjects\DBC_Objects\DBC_shrubbery_03_10.sco
1379764665
1379764665
-1
Sceneryobjects\DBC_Objects\DBC_shrubbery_04_10.sco
1379764665
1379764665
-1
Sceneryobjects\DBC_Objects\DBC_shrubbery_04_20.sco
1379764665
1379764665
-1
Sceneryobjects\DBC_Objects\DBC_Tree_Medium_06.sco
1379764665
1379764665
-1
Sceneryobjects\DBC_Objects\obj_pole_streetside_rear.sco
1379764667
1379764667
-1
Sceneryobjects\Generic\bus_stop.sco
1379764589
1379764589
-1
Sceneryobjects\Generic\car_park.sco
1379764578
1379764578
-1
Sceneryobjects\Generic\entrypoint_bus.sco
1379764600
1379764600
-1
Sceneryobjects\Generic\routearrow_dn.sco
1379764589
1379764589
-1
Sceneryobjects\Generic\routearrows_busstop.sco
1379764589
1379764589
-1
Sceneryobjects\Kreuz_MC\Kreuz_Heerstr_Pillnitzer_Reimer.sco
1379764581
1379764581
-1
Sceneryobjects\NewJohnCity\sign-80kmh.sco
1227536906
1227536906
-1
Sceneryobjects\Streetobjects_MC\rw_digging.sco
1379764592
1379764592
-1
Sceneryobjects\Streetobjects_MC\rw_heap_1.sco
1379764592
1379764592
-1
Sceneryobjects\Streetobjects_RUE\neonlight_2L_bend_L.sco
1379764593
1379764593
-1
Sceneryobjects\Streetobjects_RUE\neonlight_L_whip_L.sco
1379764593
1379764593
-1
Sceneryobjects\Willshire\busstops\busstop.sco
1279376314
1279376314
-1
Splines\ADDON_SimpleStreets\RQ_9,5_2spur_6,5m_Sidewalk.sli
1047208714
-
-
Splines\Marcel\str_4spur_12,5m_Heerstr4.sli
1379764600
-
-
