Sceneryobjects\ADDON_SimpleStreets\RQ_28_Bridge_EntryExit_Connector.sco
1049457382
1049457382
-1
Sceneryobjects\ADDON_SimpleStreets\RQ_28_Entry_End.sco
1048927927
1048927927
-1
Sceneryobjects\ADDON_SimpleStreets\RQ_28_Exit_Start.sco
1048928288
1048928288
-1
Sceneryobjects\ADDON_SimpleStreets\RQ_7,5_to_9,5.sco
1047931370
1047931370
-1
Sceneryobjects\ADDON_SimpleStreets\RQ_7,5_to_X6m.sco
1048139789
1048139789
-1
Sceneryobjects\ADDON_SimpleStreets\RQ_9,5_2spur_6,5m_Sidewalk_cross_forbus4.sco
1049116307
1049116307
-1
Sceneryobjects\ADDON_SimpleStreets\RQ_9,5_to_X8.sco
1047931501
1047931501
-1
Sceneryobjects\ADDON_SimpleStreets\RQ_X8m_2spur_8,0m_Sidewalk_busstop.sco
1047933592
1047933592
-1
Sceneryobjects\ADDON_SimpleStreets\RQ_X8m_2spur_8,0m_Sidewalk_junct.sco
1047933618
1047933618
-1
Sceneryobjects\ADDON_SimpleStreets\RQ_X8m_2spur_8,0m_Sidewalk_yunct.sco
1047931616
1047931616
-1
Sceneryobjects\ADDON_SimpleStreets\RQ_X8m_2spur_8,0m_Sidewalk_yunct_invers.sco
1049387059
1049387059
-1
Sceneryobjects\Buildings_MC\Post01.sco
1219407136
1219407136
-1
Sceneryobjects\Buildings_MC\tank_2_aral.sco
1219407139
1219407139
-1
Sceneryobjects\DBC_Objects\busstop_hut.sco
1219465747
1219465747
-1
Sceneryobjects\DBC_Objects\DBC_Tree_Medium_06.sco
1379764665
1379764665
-1
Sceneryobjects\DBC_Objects\obj_pole_streetside_rear.sco
1379764667
1379764667
-1
Sceneryobjects\DBC_Objects\obj_streetlight_bend_double.sco
1379764667
1379764667
-1
Sceneryobjects\DBC_Objects\wack_wash_lake_N.sco
1219465812
1219465812
-1
Sceneryobjects\Generic\bus_stop.sco
1249092536
1249092536
-1
Sceneryobjects\Generic\people_standing_small.sco
1219407121
1219407121
-1
Sceneryobjects\Generic\routearrow_dn.sco
1219407121
1219407121
-1
Sceneryobjects\Generic\routearrow_L.sco
1219407493
1219407493
-1
Sceneryobjects\Generic\routearrow_R.sco
1219407130
1219407130
-1
Sceneryobjects\Generic\routearrows_busstop.sco
1219407171
1219407171
-1
Sceneryobjects\NewJohnCity\sign-40kmh.sco
1227537265
1227537265
-1
Sceneryobjects\Static_Vehicles_RUE\Bagger.sco
1379764592
1379764592
-1
Sceneryobjects\Static_Vehicles_RUE\D86_LOD.sco
1219407546
1219407546
-1
Sceneryobjects\Static_Vehicles_RUE\E2H81.sco
1219407529
1219407529
-1
Sceneryobjects\Static_Vehicles_RUE\SD77_LOD.sco
1219407171
1219407171
-1
Sceneryobjects\Static_Vehicles_RUE\SD80_LOD.sco
1219407218
1219407218
-1
Sceneryobjects\Static_Vehicles_RUE\SD85_LOD.sco
1219407529
1219407529
-1
Sceneryobjects\Streetobjects_MC\rw_digging.sco
1379764592
1379764592
-1
Sceneryobjects\Streetobjects_MC\rw_heap_1.sco
1379764592
1379764592
-1
Sceneryobjects\Streetobjects_RUE\LBL-Tropfen_3.sco
1219407213
1219407213
-1
Sceneryobjects\Streetobjects_RUE\neonlight_2L_bend_L.sco
1379764593
1379764593
-1
Sceneryobjects\Willshire\busstops\busstop.sco
1279374266
1279374266
-1
Sceneryobjects\Willshire\Special\city_cube.sco
1188785581
1188785581
-1
Sceneryobjects\Willshire\Var1\Busstop_Column.sco
1188783534
1188783534
-1
Splines\ADDON_SimpleStreets\RQ_28.sli
1048386508
-
-
Splines\ADDON_SimpleStreets\RQ_28_EntryExit_Both_Bridge.sli
1049453082
-
-
Splines\ADDON_SimpleStreets\RQ_9,5_2spur_6,5m_Sidewalk.sli
1047206666
-
-
Splines\ADDON_SimpleStreets\RQ_X_2spur_Altonaer_8m.sli
1047608349
-
-
Splines\ADDON_SimpleStreets\RQ_X_2spur_Altonaer_8m_Cobble.sli
1047879443
-
-
Vehicles\DBC_Chicago_Citybus\DBC_Citybus_40LF_parked.sco
1219407928
1219408019
-1
